2025-11-08 20:34:06,866 - discord.client - WARNING - PyNaCl is not installed, voice will NOT be supported
2025-11-08 20:34:06,866 - discord.client - INFO - logging in using static token
2025-11-08 20:34:07,395 - keeper - INFO - ğŸŒŒ The Keeper awakens...
2025-11-08 20:34:07,518 - keeper.database - INFO - ğŸ“Š Database tables created/verified (Phase 4 Community Features included)
2025-11-08 20:34:07,519 - keeper.database - INFO - ğŸ—ƒï¸ Keeper Database initialized
2025-11-08 20:34:07,521 - keeper.haven_integration - INFO - Found Haven data from HAVEN_DATA_PATH: C:\Users\parke\OneDrive\Desktop\Haven_mdev\data\keeper_test_data.json
2025-11-08 20:34:07,521 - keeper - INFO - âœ… Loaded cogs.enhanced_discovery
2025-11-08 20:34:07,522 - keeper.haven_integration - INFO - Found Haven data from HAVEN_DATA_PATH: C:\Users\parke\OneDrive\Desktop\Haven_mdev\data\keeper_test_data.json
2025-11-08 20:34:07,523 - keeper - INFO - âœ… Loaded cogs.pattern_recognition
2025-11-08 20:34:07,524 - keeper.haven_integration - INFO - Found Haven data from HAVEN_DATA_PATH: C:\Users\parke\OneDrive\Desktop\Haven_mdev\data\keeper_test_data.json
2025-11-08 20:34:07,524 - keeper.archive - INFO - Archive System Phase 3 loaded
2025-11-08 20:34:07,525 - keeper - INFO - âœ… Loaded cogs.archive_system
2025-11-08 20:34:07,527 - keeper.haven_integration - INFO - Found Haven data from HAVEN_DATA_PATH: C:\Users\parke\OneDrive\Desktop\Haven_mdev\data\keeper_test_data.json
2025-11-08 20:34:07,527 - keeper.admin - INFO - Admin Tools Phase 3 loaded
2025-11-08 20:34:07,527 - keeper - INFO - âœ… Loaded cogs.admin_tools
2025-11-08 20:34:07,544 - keeper.haven_integration - INFO - Found Haven data from HAVEN_DATA_PATH: C:\Users\parke\OneDrive\Desktop\Haven_mdev\data\keeper_test_data.json
2025-11-08 20:34:07,544 - keeper.community - INFO - Community Features Phase 4 loaded
2025-11-08 20:34:07,545 - keeper - INFO - âœ… Loaded cogs.community_features
2025-11-08 20:34:07,545 - keeper - INFO - ğŸ“¦ Loaded 5/5 cogs
2025-11-08 20:34:07,545 - keeper - INFO - ğŸ¯ Found 16 slash commands to sync
2025-11-08 20:34:07,545 - keeper - INFO - ğŸ“‹ Copying commands to guild tree...
2025-11-08 20:34:07,546 - keeper.haven_integration - INFO - Loaded 11 Haven systems
2025-11-08 20:34:07,546 - keeper.enhanced_discovery - INFO - âœ… Haven integration initialized
2025-11-08 20:34:07,547 - keeper.haven_integration - INFO - Loaded 11 Haven systems
2025-11-08 20:34:07,547 - keeper.community - INFO - Created new community challenge
2025-11-08 20:34:07,917 - keeper - INFO - âœ… Synced 16 commands to guild 1423941004230135851
2025-11-08 20:34:08,384 - discord.gateway - INFO - Shard ID None has connected to Gateway (Session ID: d8519b50005b0e0065d70a16aa90886f).
2025-11-08 20:34:10,399 - keeper - INFO - ğŸ”® The Keeper is online as The Keeper#8095
2025-11-08 20:34:10,399 - keeper - INFO - ğŸ“Š Connected to 1 guild(s)
2025-11-08 20:36:05,844 - keeper.database - INFO - ğŸ“– Initialized story progression for guild 1423941004230135851 - Act I begins
2025-11-08 20:39:08,597 - keeper.database - INFO - ğŸ“ Discovery 1 added to archive
2025-11-08 20:39:08,788 - keeper.enhanced_discovery - WARNING - No archive channel configured for guild 1423941004230135851
2025-11-08 20:39:08,789 - keeper.database - INFO - ğŸ” Getting discovery #1
2025-11-08 20:39:08,789 - keeper.database - INFO - âœ… Found discovery #1, type: âš™ï¸
2025-11-08 20:39:08,789 - keeper.database - INFO - ğŸ” Getting discovery #1
2025-11-08 20:39:08,789 - keeper.database - INFO - âœ… Found discovery #1, type: âš™ï¸
2025-11-08 20:39:08,790 - keeper.database - INFO - ğŸ” Finding similar discoveries to #1, type: âš™ï¸
2025-11-08 20:39:08,791 - keeper.database - INFO - ğŸ” Found 1 discoveries with same type before filtering
2025-11-08 20:39:08,791 - keeper.database - INFO - ğŸ” Returning 0 similar discoveries (after filtering source)
2025-11-08 20:39:08,791 - keeper.pattern_recognition - INFO - Discovery 1: Not enough similar discoveries for pattern (0)
2025-11-08 20:39:08,791 - keeper.enhanced_discovery - INFO - Haven-integrated discovery 1 processed for user _parker1920
2025-11-08 20:39:36,305 - keeper.database - INFO - ğŸ“ Discovery 2 added to archive
2025-11-08 20:39:36,560 - keeper.enhanced_discovery - WARNING - No archive channel configured for guild 1423941004230135851
2025-11-08 20:39:36,560 - keeper.database - INFO - ğŸ” Getting discovery #2
2025-11-08 20:39:36,561 - keeper.database - INFO - âœ… Found discovery #2, type: ğŸ¦—
2025-11-08 20:39:36,561 - keeper.database - INFO - ğŸ” Getting discovery #2
2025-11-08 20:39:36,561 - keeper.database - INFO - âœ… Found discovery #2, type: ğŸ¦—
2025-11-08 20:39:36,561 - keeper.database - INFO - ğŸ” Finding similar discoveries to #2, type: ğŸ¦—
2025-11-08 20:39:36,562 - keeper.database - INFO - ğŸ” Found 1 discoveries with same type before filtering
2025-11-08 20:39:36,562 - keeper.database - INFO - ğŸ” Returning 0 similar discoveries (after filtering source)
2025-11-08 20:39:36,562 - keeper.pattern_recognition - INFO - Discovery 2: Not enough similar discoveries for pattern (0)
2025-11-08 20:39:36,562 - keeper.enhanced_discovery - INFO - Haven-integrated discovery 2 processed for user _parker1920
2025-11-08 20:40:03,322 - keeper.database - INFO - ğŸ“ Discovery 3 added to archive
2025-11-08 20:40:03,632 - keeper.enhanced_discovery - WARNING - No archive channel configured for guild 1423941004230135851
2025-11-08 20:40:03,633 - keeper.database - INFO - ğŸ” Getting discovery #3
2025-11-08 20:40:03,633 - keeper.database - INFO - âœ… Found discovery #3, type: ğŸ¦—
2025-11-08 20:40:03,633 - keeper.database - INFO - ğŸ” Getting discovery #3
2025-11-08 20:40:03,633 - keeper.database - INFO - âœ… Found discovery #3, type: ğŸ¦—
2025-11-08 20:40:03,634 - keeper.database - INFO - ğŸ” Finding similar discoveries to #3, type: ğŸ¦—
2025-11-08 20:40:03,634 - keeper.database - INFO - ğŸ” Found 2 discoveries with same type before filtering
2025-11-08 20:40:03,634 - keeper.database - INFO - ğŸ” Returning 1 similar discoveries (after filtering source)
2025-11-08 20:40:03,634 - keeper.pattern_recognition - INFO - Discovery 3: Not enough similar discoveries for pattern (1)
2025-11-08 20:40:03,635 - keeper.enhanced_discovery - INFO - Haven-integrated discovery 3 processed for user _parker1920
2025-11-08 20:40:24,064 - keeper.database - INFO - ğŸ“ Discovery 4 added to archive
2025-11-08 20:40:24,379 - keeper.enhanced_discovery - WARNING - No archive channel configured for guild 1423941004230135851
2025-11-08 20:40:24,379 - keeper.database - INFO - ğŸ” Getting discovery #4
2025-11-08 20:40:24,379 - keeper.database - INFO - âœ… Found discovery #4, type: ğŸ¦—
2025-11-08 20:40:24,379 - keeper.database - INFO - ğŸ” Getting discovery #4
2025-11-08 20:40:24,380 - keeper.database - INFO - âœ… Found discovery #4, type: ğŸ¦—
2025-11-08 20:40:24,380 - keeper.database - INFO - ğŸ” Finding similar discoveries to #4, type: ğŸ¦—
2025-11-08 20:40:24,380 - keeper.database - INFO - ğŸ” Found 3 discoveries with same type before filtering
2025-11-08 20:40:24,381 - keeper.database - INFO - ğŸ” Returning 2 similar discoveries (after filtering source)
2025-11-08 20:40:24,381 - keeper.pattern_recognition - INFO - Pattern analysis: 1.14 confidence, type: regional_pattern
2025-11-08 20:40:24,391 - keeper.database - INFO - ğŸŒ€ Pattern 1 created
2025-11-08 20:40:24,430 - keeper.pattern_recognition - INFO - Pattern 1 created: Unknown Biological Patterns
2025-11-08 20:40:24,432 - keeper.pattern_recognition - WARNING - No configured guild found for pattern alert
2025-11-08 20:40:24,432 - keeper.pattern_recognition - INFO - Pattern 1 ready for investigation thread creation
2025-11-08 20:40:24,432 - keeper.enhanced_discovery - INFO - Haven-integrated discovery 4 processed for user _parker1920
2025-11-08 20:40:58,375 - keeper.database - INFO - ğŸ“ Discovery 5 added to archive
2025-11-08 20:40:58,394 - keeper.database - INFO - ğŸ“– Updated story progression for guild 1423941004230135851
2025-11-08 20:40:58,404 - keeper.database - INFO - ğŸ­ Guild 1423941004230135851 completed Act 1!
2025-11-08 20:40:58,655 - keeper.enhanced_discovery - INFO - ğŸ“¢ Announced Act 2 transition in Voyagers Haven
2025-11-08 20:40:58,655 - keeper.enhanced_discovery - INFO - ğŸ­ Guild 1423941004230135851 transitioned to Act II!
2025-11-08 20:40:58,923 - keeper.enhanced_discovery - WARNING - No archive channel configured for guild 1423941004230135851
2025-11-08 20:40:58,923 - keeper.database - INFO - ğŸ” Getting discovery #5
2025-11-08 20:40:58,924 - keeper.database - INFO - âœ… Found discovery #5, type: ğŸ¦—
2025-11-08 20:40:58,924 - keeper.database - INFO - ğŸ” Getting discovery #5
2025-11-08 20:40:58,924 - keeper.database - INFO - âœ… Found discovery #5, type: ğŸ¦—
2025-11-08 20:40:58,924 - keeper.database - INFO - ğŸ” Finding similar discoveries to #5, type: ğŸ¦—
2025-11-08 20:40:58,925 - keeper.database - INFO - ğŸ” Found 4 discoveries with same type before filtering
2025-11-08 20:40:58,925 - keeper.database - INFO - ğŸ” Returning 3 similar discoveries (after filtering source)
2025-11-08 20:40:58,925 - keeper.pattern_recognition - INFO - Pattern analysis: 1.16 confidence, type: regional_pattern
2025-11-08 20:40:58,936 - keeper.database - INFO - ğŸŒ€ Pattern 2 created
2025-11-08 20:40:58,984 - keeper.pattern_recognition - INFO - Pattern 2 created: Unknown Biological Patterns
2025-11-08 20:40:58,985 - keeper.pattern_recognition - WARNING - No configured guild found for pattern alert
2025-11-08 20:40:58,985 - keeper.pattern_recognition - INFO - Pattern 2 ready for investigation thread creation
2025-11-08 20:40:58,985 - keeper.enhanced_discovery - INFO - Haven-integrated discovery 5 processed for user _parker1920
2025-11-08 20:41:22,556 - keeper - INFO - ğŸŒ™ The Keeper enters dormancy...
2025-11-08 20:41:22,557 - keeper.database - INFO - ğŸ—ƒï¸ Keeper Database connection closed
2025-11-08 20:41:54,545 - discord.client - WARNING - PyNaCl is not installed, voice will NOT be supported
2025-11-08 20:41:54,545 - discord.client - INFO - logging in using static token
2025-11-08 20:41:55,072 - keeper - INFO - ğŸŒŒ The Keeper awakens...
2025-11-08 20:41:55,076 - keeper.database - INFO - ğŸ“Š Database tables created/verified (Phase 4 Community Features included)
2025-11-08 20:41:55,077 - keeper.database - INFO - ğŸ—ƒï¸ Keeper Database initialized
2025-11-08 20:41:55,078 - keeper.haven_integration - INFO - Found Haven data from HAVEN_DATA_PATH: C:\Users\parke\OneDrive\Desktop\Haven_mdev\data\keeper_test_data.json
2025-11-08 20:41:55,079 - keeper - INFO - âœ… Loaded cogs.enhanced_discovery
2025-11-08 20:41:55,080 - keeper.haven_integration - INFO - Found Haven data from HAVEN_DATA_PATH: C:\Users\parke\OneDrive\Desktop\Haven_mdev\data\keeper_test_data.json
2025-11-08 20:41:55,080 - keeper - INFO - âœ… Loaded cogs.pattern_recognition
2025-11-08 20:41:55,082 - keeper.haven_integration - INFO - Found Haven data from HAVEN_DATA_PATH: C:\Users\parke\OneDrive\Desktop\Haven_mdev\data\keeper_test_data.json
2025-11-08 20:41:55,082 - keeper.archive - INFO - Archive System Phase 3 loaded
2025-11-08 20:41:55,082 - keeper - INFO - âœ… Loaded cogs.archive_system
2025-11-08 20:41:55,083 - keeper.haven_integration - INFO - Found Haven data from HAVEN_DATA_PATH: C:\Users\parke\OneDrive\Desktop\Haven_mdev\data\keeper_test_data.json
2025-11-08 20:41:55,083 - keeper.admin - INFO - Admin Tools Phase 3 loaded
2025-11-08 20:41:55,084 - keeper - INFO - âœ… Loaded cogs.admin_tools
2025-11-08 20:41:55,087 - keeper.haven_integration - INFO - Found Haven data from HAVEN_DATA_PATH: C:\Users\parke\OneDrive\Desktop\Haven_mdev\data\keeper_test_data.json
2025-11-08 20:41:55,087 - keeper.community - INFO - Community Features Phase 4 loaded
2025-11-08 20:41:55,087 - keeper - INFO - âœ… Loaded cogs.community_features
2025-11-08 20:41:55,088 - keeper - INFO - ğŸ“¦ Loaded 5/5 cogs
2025-11-08 20:41:55,088 - keeper - INFO - ğŸ¯ Found 16 slash commands to sync
2025-11-08 20:41:55,088 - keeper - INFO - ğŸ“‹ Copying commands to guild tree...
2025-11-08 20:41:55,090 - keeper.haven_integration - INFO - Loaded 11 Haven systems
2025-11-08 20:41:55,090 - keeper.enhanced_discovery - INFO - âœ… Haven integration initialized
2025-11-08 20:41:55,091 - keeper.haven_integration - INFO - Loaded 11 Haven systems
2025-11-08 20:41:55,091 - keeper.community - INFO - Created new community challenge
2025-11-08 20:41:55,245 - keeper - INFO - âœ… Synced 16 commands to guild 1423941004230135851
2025-11-08 20:41:55,631 - discord.gateway - INFO - Shard ID None has connected to Gateway (Session ID: 9409e6ca2f7111398a4775d43f25b08b).
2025-11-08 20:41:57,645 - keeper - INFO - ğŸ”® The Keeper is online as The Keeper#8095
2025-11-08 20:41:57,645 - keeper - INFO - ğŸ“Š Connected to 1 guild(s)
2025-11-08 20:45:04,097 - keeper - INFO - ğŸŒ™ The Keeper enters dormancy...
2025-11-08 20:45:04,098 - keeper.database - INFO - ğŸ—ƒï¸ Keeper Database connection closed
2025-11-08 20:50:01,764 - discord.client - WARNING - PyNaCl is not installed, voice will NOT be supported
2025-11-08 20:50:01,764 - discord.client - INFO - logging in using static token
2025-11-08 20:50:02,299 - keeper - INFO - ğŸŒŒ The Keeper awakens...
2025-11-08 20:50:02,304 - keeper.database - INFO - ğŸ“Š Database tables created/verified (Phase 4 Community Features included)
2025-11-08 20:50:02,305 - keeper.database - INFO - ğŸ—ƒï¸ Keeper Database initialized
2025-11-08 20:50:02,307 - keeper.haven_integration - INFO - Found Haven data from HAVEN_DATA_PATH: C:\Users\parke\OneDrive\Desktop\Haven_mdev\data\keeper_test_data.json
2025-11-08 20:50:02,307 - keeper - INFO - âœ… Loaded cogs.enhanced_discovery
2025-11-08 20:50:02,309 - keeper.haven_integration - INFO - Found Haven data from HAVEN_DATA_PATH: C:\Users\parke\OneDrive\Desktop\Haven_mdev\data\keeper_test_data.json
2025-11-08 20:50:02,309 - keeper - INFO - âœ… Loaded cogs.pattern_recognition
2025-11-08 20:50:02,311 - keeper.haven_integration - INFO - Found Haven data from HAVEN_DATA_PATH: C:\Users\parke\OneDrive\Desktop\Haven_mdev\data\keeper_test_data.json
2025-11-08 20:50:02,311 - keeper.archive - INFO - Archive System Phase 3 loaded
2025-11-08 20:50:02,311 - keeper - INFO - âœ… Loaded cogs.archive_system
2025-11-08 20:50:02,313 - keeper.haven_integration - INFO - Found Haven data from HAVEN_DATA_PATH: C:\Users\parke\OneDrive\Desktop\Haven_mdev\data\keeper_test_data.json
2025-11-08 20:50:02,313 - keeper.admin - INFO - Admin Tools Phase 3 loaded
2025-11-08 20:50:02,313 - keeper - INFO - âœ… Loaded cogs.admin_tools
2025-11-08 20:50:02,317 - keeper.haven_integration - INFO - Found Haven data from HAVEN_DATA_PATH: C:\Users\parke\OneDrive\Desktop\Haven_mdev\data\keeper_test_data.json
2025-11-08 20:50:02,317 - keeper.community - INFO - Community Features Phase 4 loaded
2025-11-08 20:50:02,318 - keeper - INFO - âœ… Loaded cogs.community_features
2025-11-08 20:50:02,318 - keeper - INFO - ğŸ“¦ Loaded 5/5 cogs
2025-11-08 20:50:02,318 - keeper - INFO - ğŸ¯ Found 16 slash commands to sync
2025-11-08 20:50:02,318 - keeper - INFO - ğŸ“‹ Copying commands to guild tree...
2025-11-08 20:50:02,320 - keeper.haven_integration - INFO - Loaded 11 Haven systems
2025-11-08 20:50:02,320 - keeper.enhanced_discovery - INFO - âœ… Haven integration initialized
2025-11-08 20:50:02,321 - keeper.haven_integration - INFO - Loaded 11 Haven systems
2025-11-08 20:50:02,322 - keeper.community - INFO - Created new community challenge
2025-11-08 20:50:02,517 - keeper - INFO - âœ… Synced 16 commands to guild 1423941004230135851
2025-11-08 20:50:02,929 - discord.gateway - INFO - Shard ID None has connected to Gateway (Session ID: 4e234b431a49b05be0fe8e7e793c4e49).
2025-11-08 20:50:04,944 - keeper - INFO - ğŸ”® The Keeper is online as The Keeper#8095
2025-11-08 20:50:04,945 - keeper - INFO - ğŸ“Š Connected to 1 guild(s)
2025-11-08 20:50:14,255 - keeper - INFO - ğŸŒ™ The Keeper enters dormancy...
2025-11-08 20:50:14,255 - keeper.database - INFO - ğŸ—ƒï¸ Keeper Database connection closed
2025-11-08 20:50:38,702 - discord.client - WARNING - PyNaCl is not installed, voice will NOT be supported
2025-11-08 20:50:38,702 - discord.client - INFO - logging in using static token
2025-11-08 20:50:39,205 - keeper - INFO - ğŸŒŒ The Keeper awakens...
2025-11-08 20:50:39,210 - keeper.database - INFO - ğŸ“Š Database tables created/verified (Phase 4 Community Features included)
2025-11-08 20:50:39,210 - keeper.database - INFO - ğŸ—ƒï¸ Keeper Database initialized
2025-11-08 20:50:39,211 - keeper.haven_integration - INFO - Found Haven data from HAVEN_DATA_PATH: C:\Users\parke\OneDrive\Desktop\Haven_mdev\data\keeper_test_data.json
2025-11-08 20:50:39,211 - keeper - INFO - âœ… Loaded cogs.enhanced_discovery
2025-11-08 20:50:39,213 - keeper.haven_integration - INFO - Found Haven data from HAVEN_DATA_PATH: C:\Users\parke\OneDrive\Desktop\Haven_mdev\data\keeper_test_data.json
2025-11-08 20:50:39,213 - keeper - INFO - âœ… Loaded cogs.pattern_recognition
2025-11-08 20:50:39,214 - keeper.haven_integration - INFO - Found Haven data from HAVEN_DATA_PATH: C:\Users\parke\OneDrive\Desktop\Haven_mdev\data\keeper_test_data.json
2025-11-08 20:50:39,214 - keeper.archive - INFO - Archive System Phase 3 loaded
2025-11-08 20:50:39,215 - keeper - INFO - âœ… Loaded cogs.archive_system
2025-11-08 20:50:39,216 - keeper.haven_integration - INFO - Found Haven data from HAVEN_DATA_PATH: C:\Users\parke\OneDrive\Desktop\Haven_mdev\data\keeper_test_data.json
2025-11-08 20:50:39,216 - keeper.admin - INFO - Admin Tools Phase 3 loaded
2025-11-08 20:50:39,216 - keeper - INFO - âœ… Loaded cogs.admin_tools
2025-11-08 20:50:39,219 - keeper.haven_integration - INFO - Found Haven data from HAVEN_DATA_PATH: C:\Users\parke\OneDrive\Desktop\Haven_mdev\data\keeper_test_data.json
2025-11-08 20:50:39,219 - keeper.community - INFO - Community Features Phase 4 loaded
2025-11-08 20:50:39,220 - keeper - INFO - âœ… Loaded cogs.community_features
2025-11-08 20:50:39,220 - keeper - INFO - ğŸ“¦ Loaded 5/5 cogs
2025-11-08 20:50:39,220 - keeper - INFO - ğŸ¯ Found 16 slash commands to sync
2025-11-08 20:50:39,220 - keeper - INFO - ğŸ“‹ Copying commands to guild tree...
2025-11-08 20:50:39,222 - keeper.haven_integration - INFO - Loaded 11 Haven systems
2025-11-08 20:50:39,222 - keeper.enhanced_discovery - INFO - âœ… Haven integration initialized
2025-11-08 20:50:39,222 - keeper.haven_integration - INFO - Loaded 11 Haven systems
2025-11-08 20:50:39,222 - keeper.community - INFO - Created new community challenge
2025-11-08 20:50:39,348 - keeper - INFO - âœ… Synced 16 commands to guild 1423941004230135851
2025-11-08 20:50:39,711 - discord.gateway - INFO - Shard ID None has connected to Gateway (Session ID: ee1a8625b0c59686379dae422a415708).
2025-11-08 20:50:41,728 - keeper - INFO - ğŸ”® The Keeper is online as The Keeper#8095
2025-11-08 20:50:41,728 - keeper - INFO - ğŸ“Š Connected to 1 guild(s)
2025-11-08 21:22:35,575 - discord.client - WARNING - PyNaCl is not installed, voice will NOT be supported
2025-11-08 21:22:35,576 - discord.client - INFO - logging in using static token
2025-11-08 21:22:36,302 - keeper - INFO - ğŸŒŒ The Keeper awakens...
2025-11-08 21:22:36,310 - keeper.database - INFO - ğŸ“Š Database tables created/verified (Phase 4 Community Features included)
2025-11-08 21:22:36,310 - keeper.database - INFO - ğŸ—ƒï¸ Keeper Database initialized
2025-11-08 21:22:36,313 - keeper.haven_integration - INFO - Found Haven data from HAVEN_DATA_PATH: C:\Users\parke\OneDrive\Desktop\Haven_mdev\data\keeper_test_data.json
2025-11-08 21:22:36,313 - keeper - INFO - âœ… Loaded cogs.enhanced_discovery
2025-11-08 21:22:36,315 - keeper.haven_integration - INFO - Found Haven data from HAVEN_DATA_PATH: C:\Users\parke\OneDrive\Desktop\Haven_mdev\data\keeper_test_data.json
2025-11-08 21:22:36,315 - keeper - INFO - âœ… Loaded cogs.pattern_recognition
2025-11-08 21:22:36,317 - keeper.haven_integration - INFO - Found Haven data from HAVEN_DATA_PATH: C:\Users\parke\OneDrive\Desktop\Haven_mdev\data\keeper_test_data.json
2025-11-08 21:22:36,317 - keeper.archive - INFO - Archive System Phase 3 loaded
2025-11-08 21:22:36,317 - keeper - INFO - âœ… Loaded cogs.archive_system
2025-11-08 21:22:36,319 - keeper.haven_integration - INFO - Found Haven data from HAVEN_DATA_PATH: C:\Users\parke\OneDrive\Desktop\Haven_mdev\data\keeper_test_data.json
2025-11-08 21:22:36,319 - keeper.admin - INFO - Admin Tools Phase 3 loaded
2025-11-08 21:22:36,320 - keeper - INFO - âœ… Loaded cogs.admin_tools
2025-11-08 21:22:36,323 - keeper.haven_integration - INFO - Found Haven data from HAVEN_DATA_PATH: C:\Users\parke\OneDrive\Desktop\Haven_mdev\data\keeper_test_data.json
2025-11-08 21:22:36,323 - keeper.community - INFO - Community Features Phase 4 loaded
2025-11-08 21:22:36,323 - keeper - INFO - âœ… Loaded cogs.community_features
2025-11-08 21:22:36,323 - keeper - INFO - ğŸ“¦ Loaded 5/5 cogs
2025-11-08 21:22:36,323 - keeper - INFO - ğŸ¯ Found 16 slash commands to sync
2025-11-08 21:22:36,323 - keeper - INFO - ğŸ“‹ Copying commands to guild tree...
2025-11-08 21:22:36,325 - keeper.haven_integration - INFO - Loaded 11 Haven systems
2025-11-08 21:22:36,325 - keeper.enhanced_discovery - INFO - âœ… Haven integration initialized
2025-11-08 21:22:36,326 - keeper.haven_integration - INFO - Loaded 11 Haven systems
2025-11-08 21:22:36,326 - keeper.community - INFO - Created new community challenge
2025-11-08 21:22:36,475 - keeper - INFO - âœ… Synced 16 commands to guild 1423941004230135851
2025-11-08 21:22:36,997 - discord.gateway - INFO - Shard ID None has connected to Gateway (Session ID: 993169dc0135438f897b23ff177e869c).
2025-11-08 21:22:39,010 - keeper - INFO - ğŸ”® The Keeper is online as The Keeper#8095
2025-11-08 21:22:39,010 - keeper - INFO - ğŸ“Š Connected to 1 guild(s)
2025-11-08 21:22:54,141 - discord.app_commands.tree - ERROR - Ignoring exception in command 'story-intro'
Traceback (most recent call last):
  File "C:\Users\parke\AppData\Local\Programs\Python\Python313\Lib\site-packages\discord\app_commands\commands.py", line 858, in _do_call
    return await self._callback(self.binding, interaction, **params)  # type: ignore
           ^^^^^^^^^^^^^^^^^^^^^^^^^^^^^^^^^^^^^^^^^^^^^^^^^^^^^^^^^
  File "C:\Users\parke\OneDrive\Desktop\Haven_mdev\docs\guides\Haven-lore\keeper-bot\src\cogs\community_features.py", line 779, in story_intro
    await interaction.response.defer()
  File "C:\Users\parke\AppData\Local\Programs\Python\Python313\Lib\site-packages\discord\interactions.py", line 858, in defer
    response = await adapter.create_interaction_response(
               ^^^^^^^^^^^^^^^^^^^^^^^^^^^^^^^^^^^^^^^^^^
    ...<6 lines>...
    )
    ^
  File "C:\Users\parke\AppData\Local\Programs\Python\Python313\Lib\site-packages\discord\webhook\async_.py", line 224, in request
    raise NotFound(response, data)
discord.errors.NotFound: 404 Not Found (error code: 10062): Unknown interaction

The above exception was the direct cause of the following exception:

Traceback (most recent call last):
  File "C:\Users\parke\AppData\Local\Programs\Python\Python313\Lib\site-packages\discord\app_commands\tree.py", line 1297, in _call
    await command._invoke_with_namespace(interaction, namespace)
  File "C:\Users\parke\AppData\Local\Programs\Python\Python313\Lib\site-packages\discord\app_commands\commands.py", line 884, in _invoke_with_namespace
    return await self._do_call(interaction, transformed_values)
           ^^^^^^^^^^^^^^^^^^^^^^^^^^^^^^^^^^^^^^^^^^^^^^^^^^^^
  File "C:\Users\parke\AppData\Local\Programs\Python\Python313\Lib\site-packages\discord\app_commands\commands.py", line 877, in _do_call
    raise CommandInvokeError(self, e) from e
discord.app_commands.errors.CommandInvokeError: Command 'story-intro' raised an exception: NotFound: 404 Not Found (error code: 10062): Unknown interaction
2025-11-08 21:29:16,532 - keeper - INFO - ğŸŒ™ The Keeper enters dormancy...
2025-11-08 21:29:16,534 - keeper.database - INFO - ğŸ—ƒï¸ Keeper Database connection closed
2025-11-08 21:29:48,751 - discord.client - WARNING - PyNaCl is not installed, voice will NOT be supported
2025-11-08 21:29:48,752 - discord.client - INFO - logging in using static token
2025-11-08 21:29:49,270 - keeper - INFO - ğŸŒŒ The Keeper awakens...
2025-11-08 21:29:49,274 - keeper.database - INFO - ğŸ“Š Database tables created/verified (Phase 4 Community Features included)
2025-11-08 21:29:49,274 - keeper.database - INFO - ğŸ—ƒï¸ Keeper Database initialized
2025-11-08 21:29:49,276 - keeper.haven_integration - INFO - Found Haven data from HAVEN_DATA_PATH: C:\Users\parke\OneDrive\Desktop\Haven_mdev\data\keeper_test_data.json
2025-11-08 21:29:49,276 - keeper - INFO - âœ… Loaded cogs.enhanced_discovery
2025-11-08 21:29:49,278 - keeper.haven_integration - INFO - Found Haven data from HAVEN_DATA_PATH: C:\Users\parke\OneDrive\Desktop\Haven_mdev\data\keeper_test_data.json
2025-11-08 21:29:49,278 - keeper - INFO - âœ… Loaded cogs.pattern_recognition
2025-11-08 21:29:49,285 - keeper.haven_integration - INFO - Found Haven data from HAVEN_DATA_PATH: C:\Users\parke\OneDrive\Desktop\Haven_mdev\data\keeper_test_data.json
2025-11-08 21:29:49,286 - keeper.archive - INFO - Archive System Phase 3 loaded
2025-11-08 21:29:49,286 - keeper - INFO - âœ… Loaded cogs.archive_system
2025-11-08 21:29:49,287 - keeper.haven_integration - INFO - Found Haven data from HAVEN_DATA_PATH: C:\Users\parke\OneDrive\Desktop\Haven_mdev\data\keeper_test_data.json
2025-11-08 21:29:49,287 - keeper.admin - INFO - Admin Tools Phase 3 loaded
2025-11-08 21:29:49,287 - keeper - INFO - âœ… Loaded cogs.admin_tools
2025-11-08 21:29:49,290 - keeper.haven_integration - INFO - Found Haven data from HAVEN_DATA_PATH: C:\Users\parke\OneDrive\Desktop\Haven_mdev\data\keeper_test_data.json
2025-11-08 21:29:49,290 - keeper.community - INFO - Community Features Phase 4 loaded
2025-11-08 21:29:49,291 - keeper - INFO - âœ… Loaded cogs.community_features
2025-11-08 21:29:49,291 - keeper - INFO - ğŸ“¦ Loaded 5/5 cogs
2025-11-08 21:29:49,291 - keeper - INFO - ğŸ¯ Found 16 slash commands to sync
2025-11-08 21:29:49,291 - keeper - INFO - ğŸ“‹ Copying commands to guild tree...
2025-11-08 21:29:49,292 - keeper.haven_integration - INFO - Loaded 11 Haven systems
2025-11-08 21:29:49,293 - keeper.enhanced_discovery - INFO - âœ… Haven integration initialized
2025-11-08 21:29:49,293 - keeper.haven_integration - INFO - Loaded 11 Haven systems
2025-11-08 21:29:49,294 - keeper.community - INFO - Created new community challenge
2025-11-08 21:29:49,449 - keeper - INFO - âœ… Synced 16 commands to guild 1423941004230135851
2025-11-08 21:29:49,811 - discord.gateway - INFO - Shard ID None has connected to Gateway (Session ID: 0ae30e0d0d7d3195c33ae072d1d14c71).
2025-11-08 21:29:51,833 - keeper - INFO - ğŸ”® The Keeper is online as The Keeper#8095
2025-11-08 21:29:51,833 - keeper - INFO - ğŸ“Š Connected to 1 guild(s)
2025-11-08 21:36:10,576 - keeper - INFO - ğŸŒ™ The Keeper enters dormancy...
2025-11-08 21:36:10,577 - keeper.database - INFO - ğŸ—ƒï¸ Keeper Database connection closed
2025-11-08 21:45:54,510 - discord.client - WARNING - PyNaCl is not installed, voice will NOT be supported
2025-11-08 21:45:54,511 - discord.client - INFO - logging in using static token
2025-11-08 21:45:55,076 - keeper - INFO - ğŸŒŒ The Keeper awakens...
2025-11-08 21:45:55,080 - keeper.database - INFO - ğŸ“Š Database tables created/verified (Phase 4 Community Features included)
2025-11-08 21:45:55,081 - keeper.database - INFO - ğŸ—ƒï¸ Keeper Database initialized
2025-11-08 21:45:55,082 - keeper.haven_integration - INFO - Found Haven data from HAVEN_DATA_PATH: C:\Users\parke\OneDrive\Desktop\Haven_mdev\data\keeper_test_data.json
2025-11-08 21:45:55,083 - keeper - INFO - âœ… Loaded cogs.enhanced_discovery
2025-11-08 21:45:55,084 - keeper.haven_integration - INFO - Found Haven data from HAVEN_DATA_PATH: C:\Users\parke\OneDrive\Desktop\Haven_mdev\data\keeper_test_data.json
2025-11-08 21:45:55,084 - keeper - INFO - âœ… Loaded cogs.pattern_recognition
2025-11-08 21:45:55,086 - keeper.haven_integration - INFO - Found Haven data from HAVEN_DATA_PATH: C:\Users\parke\OneDrive\Desktop\Haven_mdev\data\keeper_test_data.json
2025-11-08 21:45:55,086 - keeper.archive - INFO - Archive System Phase 3 loaded
2025-11-08 21:45:55,086 - keeper - INFO - âœ… Loaded cogs.archive_system
2025-11-08 21:45:55,088 - keeper.haven_integration - INFO - Found Haven data from HAVEN_DATA_PATH: C:\Users\parke\OneDrive\Desktop\Haven_mdev\data\keeper_test_data.json
2025-11-08 21:45:55,088 - keeper.admin - INFO - Admin Tools Phase 3 loaded
2025-11-08 21:45:55,088 - keeper - INFO - âœ… Loaded cogs.admin_tools
2025-11-08 21:45:55,092 - keeper.haven_integration - INFO - Found Haven data from HAVEN_DATA_PATH: C:\Users\parke\OneDrive\Desktop\Haven_mdev\data\keeper_test_data.json
2025-11-08 21:45:55,092 - keeper.community - INFO - Community Features Phase 4 loaded
2025-11-08 21:45:55,092 - keeper - INFO - âœ… Loaded cogs.community_features
2025-11-08 21:45:55,092 - keeper - INFO - ğŸ“¦ Loaded 5/5 cogs
2025-11-08 21:45:55,093 - keeper - INFO - ğŸ¯ Found 16 slash commands to sync
2025-11-08 21:45:55,093 - keeper - INFO - ğŸ“‹ Copying commands to guild tree...
2025-11-08 21:45:55,094 - keeper.haven_integration - INFO - Loaded 11 Haven systems
2025-11-08 21:45:55,094 - keeper.enhanced_discovery - INFO - âœ… Haven integration initialized
2025-11-08 21:45:55,095 - keeper.haven_integration - INFO - Loaded 11 Haven systems
2025-11-08 21:45:55,095 - keeper.community - INFO - Created new community challenge
2025-11-08 21:45:55,289 - keeper - INFO - âœ… Synced 16 commands to guild 1423941004230135851
2025-11-08 21:45:55,633 - discord.gateway - INFO - Shard ID None has connected to Gateway (Session ID: add5ae20cbb2404d48f650d67d47413f).
2025-11-08 21:45:57,649 - keeper - INFO - ğŸ”® The Keeper is online as The Keeper#8095
2025-11-08 21:45:57,649 - keeper - INFO - ğŸ“Š Connected to 1 guild(s)
2025-11-08 21:52:26,171 - keeper - INFO - ğŸŒ™ The Keeper enters dormancy...
2025-11-08 21:52:26,172 - keeper.database - INFO - ğŸ—ƒï¸ Keeper Database connection closed
2025-11-08 21:52:46,159 - discord.client - WARNING - PyNaCl is not installed, voice will NOT be supported
2025-11-08 21:52:46,159 - discord.client - INFO - logging in using static token
2025-11-08 21:52:46,762 - keeper - INFO - ğŸŒŒ The Keeper awakens...
2025-11-08 21:52:46,767 - keeper.database - INFO - ğŸ“Š Database tables created/verified (Phase 4 Community Features included)
2025-11-08 21:52:46,767 - keeper.database - INFO - ğŸ—ƒï¸ Keeper Database initialized
2025-11-08 21:52:46,770 - keeper.haven_integration - INFO - Found Haven data from HAVEN_DATA_PATH: C:\Users\parke\OneDrive\Desktop\Haven_mdev\data\keeper_test_data.json
2025-11-08 21:52:46,770 - keeper - INFO - âœ… Loaded cogs.enhanced_discovery
2025-11-08 21:52:46,772 - keeper.haven_integration - INFO - Found Haven data from HAVEN_DATA_PATH: C:\Users\parke\OneDrive\Desktop\Haven_mdev\data\keeper_test_data.json
2025-11-08 21:52:46,772 - keeper - INFO - âœ… Loaded cogs.pattern_recognition
2025-11-08 21:52:46,774 - keeper.haven_integration - INFO - Found Haven data from HAVEN_DATA_PATH: C:\Users\parke\OneDrive\Desktop\Haven_mdev\data\keeper_test_data.json
2025-11-08 21:52:46,775 - keeper.archive - INFO - Archive System Phase 3 loaded
2025-11-08 21:52:46,775 - keeper - INFO - âœ… Loaded cogs.archive_system
2025-11-08 21:52:46,777 - keeper.haven_integration - INFO - Found Haven data from HAVEN_DATA_PATH: C:\Users\parke\OneDrive\Desktop\Haven_mdev\data\keeper_test_data.json
2025-11-08 21:52:46,777 - keeper.admin - INFO - Admin Tools Phase 3 loaded
2025-11-08 21:52:46,777 - keeper - INFO - âœ… Loaded cogs.admin_tools
2025-11-08 21:52:46,781 - keeper.haven_integration - INFO - Found Haven data from HAVEN_DATA_PATH: C:\Users\parke\OneDrive\Desktop\Haven_mdev\data\keeper_test_data.json
2025-11-08 21:52:46,781 - keeper.community - INFO - Community Features Phase 4 loaded
2025-11-08 21:52:46,781 - keeper - INFO - âœ… Loaded cogs.community_features
2025-11-08 21:52:46,782 - keeper - INFO - ğŸ“¦ Loaded 5/5 cogs
2025-11-08 21:52:46,782 - keeper - INFO - ğŸ¯ Found 16 slash commands to sync
2025-11-08 21:52:46,782 - keeper - INFO - ğŸ“‹ Copying commands to guild tree...
2025-11-08 21:52:46,784 - keeper.haven_integration - INFO - Loaded 11 Haven systems
2025-11-08 21:52:46,784 - keeper.enhanced_discovery - INFO - âœ… Haven integration initialized
2025-11-08 21:52:46,785 - keeper.haven_integration - INFO - Loaded 11 Haven systems
2025-11-08 21:52:46,785 - keeper.community - INFO - Created new community challenge
2025-11-08 21:52:46,920 - keeper - INFO - âœ… Synced 16 commands to guild 1423941004230135851
2025-11-08 21:52:47,346 - discord.gateway - INFO - Shard ID None has connected to Gateway (Session ID: 0d062b17b053147f89abe6f44b2968db).
2025-11-08 21:52:49,351 - keeper - INFO - ğŸ”® The Keeper is online as The Keeper#8095
2025-11-08 21:52:49,351 - keeper - INFO - ğŸ“Š Connected to 1 guild(s)
2025-11-08 21:55:59,491 - keeper - INFO - ğŸŒ™ The Keeper enters dormancy...
2025-11-08 21:55:59,492 - keeper.database - INFO - ğŸ—ƒï¸ Keeper Database connection closed
2025-11-08 21:58:44,484 - discord.client - WARNING - PyNaCl is not installed, voice will NOT be supported
2025-11-08 21:58:44,484 - discord.client - INFO - logging in using static token
2025-11-08 21:58:45,186 - keeper - INFO - ğŸŒŒ The Keeper awakens...
2025-11-08 21:58:45,191 - keeper.database - INFO - ğŸ“Š Database tables created/verified (Phase 4 Community Features included)
2025-11-08 21:58:45,191 - keeper.database - INFO - ğŸ—ƒï¸ Keeper Database initialized
2025-11-08 21:58:45,193 - keeper.haven_integration - INFO - Found Haven data from HAVEN_DATA_PATH: C:\Users\parke\OneDrive\Desktop\Haven_mdev\data\keeper_test_data.json
2025-11-08 21:58:45,194 - keeper - INFO - âœ… Loaded cogs.enhanced_discovery
2025-11-08 21:58:45,196 - keeper.haven_integration - INFO - Found Haven data from HAVEN_DATA_PATH: C:\Users\parke\OneDrive\Desktop\Haven_mdev\data\keeper_test_data.json
2025-11-08 21:58:45,196 - keeper - INFO - âœ… Loaded cogs.pattern_recognition
2025-11-08 21:58:45,197 - keeper.haven_integration - INFO - Found Haven data from HAVEN_DATA_PATH: C:\Users\parke\OneDrive\Desktop\Haven_mdev\data\keeper_test_data.json
2025-11-08 21:58:45,198 - keeper.archive - INFO - Archive System Phase 3 loaded
2025-11-08 21:58:45,198 - keeper - INFO - âœ… Loaded cogs.archive_system
2025-11-08 21:58:45,200 - keeper.haven_integration - INFO - Found Haven data from HAVEN_DATA_PATH: C:\Users\parke\OneDrive\Desktop\Haven_mdev\data\keeper_test_data.json
2025-11-08 21:58:45,200 - keeper.admin - INFO - Admin Tools Phase 3 loaded
2025-11-08 21:58:45,201 - keeper - INFO - âœ… Loaded cogs.admin_tools
2025-11-08 21:58:45,205 - keeper.haven_integration - INFO - Found Haven data from HAVEN_DATA_PATH: C:\Users\parke\OneDrive\Desktop\Haven_mdev\data\keeper_test_data.json
2025-11-08 21:58:45,205 - keeper.community - INFO - Community Features Phase 4 loaded
2025-11-08 21:58:45,205 - keeper - INFO - âœ… Loaded cogs.community_features
2025-11-08 21:58:45,206 - keeper - INFO - ğŸ“¦ Loaded 5/5 cogs
2025-11-08 21:58:45,206 - keeper - INFO - ğŸ¯ Found 16 slash commands to sync
2025-11-08 21:58:45,206 - keeper - INFO - ğŸ“‹ Copying commands to guild tree...
2025-11-08 21:58:45,208 - keeper.haven_integration - INFO - Loaded 11 Haven systems
2025-11-08 21:58:45,208 - keeper.enhanced_discovery - INFO - âœ… Haven integration initialized
2025-11-08 21:58:45,208 - keeper.haven_integration - INFO - Loaded 11 Haven systems
2025-11-08 21:58:45,209 - keeper.community - INFO - Created new community challenge
2025-11-08 21:58:45,342 - keeper - INFO - âœ… Synced 16 commands to guild 1423941004230135851
2025-11-08 21:58:45,794 - discord.gateway - INFO - Shard ID None has connected to Gateway (Session ID: f7f31cf041c21bc279fd46992e8ee097).
2025-11-08 21:58:47,808 - keeper - INFO - ğŸ”® The Keeper is online as The Keeper#8095
2025-11-08 21:58:47,808 - keeper - INFO - ğŸ“Š Connected to 1 guild(s)
2025-11-08 22:22:22,762 - discord.client - WARNING - PyNaCl is not installed, voice will NOT be supported
2025-11-08 22:22:22,762 - discord.client - INFO - logging in using static token
2025-11-08 22:22:23,227 - keeper - INFO - ğŸŒŒ The Keeper awakens...
2025-11-08 22:22:23,235 - keeper.database - INFO - ğŸ“Š Database tables created/verified (Phase 4 Community Features included)
2025-11-08 22:22:23,236 - keeper.database - INFO - ğŸ—ƒï¸ Keeper Database initialized
2025-11-08 22:22:23,238 - keeper.haven_integration - INFO - Found Haven data from HAVEN_DATA_PATH: C:\Users\parke\OneDrive\Desktop\Haven_mdev\data\keeper_test_data.json
2025-11-08 22:22:23,239 - keeper - INFO - âœ… Loaded cogs.enhanced_discovery
2025-11-08 22:22:23,241 - keeper.haven_integration - INFO - Found Haven data from HAVEN_DATA_PATH: C:\Users\parke\OneDrive\Desktop\Haven_mdev\data\keeper_test_data.json
2025-11-08 22:22:23,250 - keeper - INFO - âœ… Loaded cogs.pattern_recognition
2025-11-08 22:22:23,253 - keeper.haven_integration - INFO - Found Haven data from HAVEN_DATA_PATH: C:\Users\parke\OneDrive\Desktop\Haven_mdev\data\keeper_test_data.json
2025-11-08 22:22:23,255 - keeper.archive - INFO - Archive System Phase 3 loaded
2025-11-08 22:22:23,255 - keeper - INFO - âœ… Loaded cogs.archive_system
2025-11-08 22:22:23,258 - keeper.haven_integration - INFO - Found Haven data from HAVEN_DATA_PATH: C:\Users\parke\OneDrive\Desktop\Haven_mdev\data\keeper_test_data.json
2025-11-08 22:22:23,258 - keeper.admin - INFO - Admin Tools Phase 3 loaded
2025-11-08 22:22:23,258 - keeper - INFO - âœ… Loaded cogs.admin_tools
2025-11-08 22:22:23,264 - keeper.haven_integration - INFO - Found Haven data from HAVEN_DATA_PATH: C:\Users\parke\OneDrive\Desktop\Haven_mdev\data\keeper_test_data.json
2025-11-08 22:22:23,266 - keeper.community - INFO - Community Features Phase 4 loaded
2025-11-08 22:22:23,267 - keeper - INFO - âœ… Loaded cogs.community_features
2025-11-08 22:22:23,267 - keeper - INFO - ğŸ“¦ Loaded 5/5 cogs
2025-11-08 22:22:23,267 - keeper - INFO - ğŸ¯ Found 16 slash commands to sync
2025-11-08 22:22:23,268 - keeper - INFO - ğŸ“‹ Copying commands to guild tree...
2025-11-08 22:22:23,270 - keeper.haven_integration - INFO - Loaded 11 Haven systems
2025-11-08 22:22:23,270 - keeper.enhanced_discovery - INFO - âœ… Haven integration initialized
2025-11-08 22:22:23,271 - keeper.haven_integration - INFO - Loaded 11 Haven systems
2025-11-08 22:22:23,272 - keeper.community - INFO - Created new community challenge
2025-11-08 22:22:23,706 - keeper - INFO - âœ… Synced 16 commands to guild 1423941004230135851
2025-11-08 22:22:24,120 - discord.gateway - INFO - Shard ID None has connected to Gateway (Session ID: 14cba0c25aadf034538a3f04c9d99213).
2025-11-08 22:22:26,137 - keeper - INFO - ğŸ”® The Keeper is online as The Keeper#8095
2025-11-08 22:22:26,138 - keeper - INFO - ğŸ“Š Connected to 1 guild(s)
2025-11-11 21:30:20,174 - discord.client - WARNING - PyNaCl is not installed, voice will NOT be supported
2025-11-11 21:30:20,176 - discord.client - INFO - logging in using static token
2025-11-11 21:30:20,700 - keeper - INFO - ğŸŒŒ The Keeper awakens...
2025-11-11 21:30:20,713 - keeper.database - INFO - ğŸ“Š Database tables created/verified (Phase 4 Community Features included)
2025-11-11 21:30:20,714 - keeper.database - INFO - ğŸ—ƒï¸ Keeper Database initialized
2025-11-11 21:30:20,716 - keeper.haven_integration - INFO - Found Haven database from HAVEN_DB_PATH: C:\Users\parke\OneDrive\Desktop\Haven_mdev\data\VH-Database.db
2025-11-11 21:30:20,717 - keeper - INFO - âœ… Loaded cogs.enhanced_discovery
2025-11-11 21:30:20,720 - keeper.haven_integration - INFO - Found Haven database from HAVEN_DB_PATH: C:\Users\parke\OneDrive\Desktop\Haven_mdev\data\VH-Database.db
2025-11-11 21:30:20,720 - keeper - INFO - âœ… Loaded cogs.pattern_recognition
2025-11-11 21:30:20,723 - keeper.haven_integration - INFO - Found Haven database from HAVEN_DB_PATH: C:\Users\parke\OneDrive\Desktop\Haven_mdev\data\VH-Database.db
2025-11-11 21:30:20,723 - keeper.archive - INFO - Archive System Phase 3 loaded
2025-11-11 21:30:20,724 - keeper - INFO - âœ… Loaded cogs.archive_system
2025-11-11 21:30:20,725 - keeper.haven_integration - INFO - Found Haven database from HAVEN_DB_PATH: C:\Users\parke\OneDrive\Desktop\Haven_mdev\data\VH-Database.db
2025-11-11 21:30:20,725 - keeper.admin - INFO - Admin Tools Phase 3 loaded
2025-11-11 21:30:20,726 - keeper - INFO - âœ… Loaded cogs.admin_tools
2025-11-11 21:30:20,732 - keeper.haven_integration - INFO - Found Haven database from HAVEN_DB_PATH: C:\Users\parke\OneDrive\Desktop\Haven_mdev\data\VH-Database.db
2025-11-11 21:30:20,732 - keeper.community - INFO - Community Features Phase 4 loaded
2025-11-11 21:30:20,733 - keeper - INFO - âœ… Loaded cogs.community_features
2025-11-11 21:30:20,733 - keeper - INFO - ğŸ“¦ Loaded 5/5 cogs
2025-11-11 21:30:20,733 - keeper - INFO - ğŸ¯ Found 17 slash commands to sync
2025-11-11 21:30:20,733 - keeper - INFO - ğŸ“‹ Copying commands to guild tree...
2025-11-11 21:30:20,740 - keeper.haven_integration - INFO - Loaded 5 Haven systems from database
2025-11-11 21:30:20,740 - keeper.enhanced_discovery - INFO - âœ… Haven integration initialized
2025-11-11 21:30:20,745 - keeper.haven_integration - INFO - Loaded 5 Haven systems from database
2025-11-11 21:30:20,748 - keeper.community - INFO - Created new community challenge
2025-11-11 21:30:20,869 - keeper - INFO - âœ… Synced 17 commands to guild 1423941004230135851
2025-11-11 21:30:23,350 - discord.gateway - INFO - Shard ID None has connected to Gateway (Session ID: cc1da658bed1f9c5bb86363402911de9).
2025-11-11 21:30:25,402 - keeper - INFO - ğŸ”® The Keeper is online as The Keeper#8095
2025-11-11 21:30:25,403 - keeper - INFO - ğŸ“Š Connected to 1 guild(s)
2025-11-11 21:33:14,293 - discord.app_commands.tree - ERROR - Ignoring exception in command 'discovery-report'
Traceback (most recent call last):
  File "C:\Users\parke\AppData\Local\Programs\Python\Python313\Lib\site-packages\discord\app_commands\commands.py", line 858, in _do_call
    return await self._callback(self.binding, interaction, **params)  # type: ignore
           ^^^^^^^^^^^^^^^^^^^^^^^^^^^^^^^^^^^^^^^^^^^^^^^^^^^^^^^^^
  File "C:\Users\parke\OneDrive\Desktop\Haven_mdev\docs\guides\Haven-lore\keeper-bot\src\cogs\enhanced_discovery.py", line 322, in discovery_report
    await interaction.response.defer()
  File "C:\Users\parke\AppData\Local\Programs\Python\Python313\Lib\site-packages\discord\interactions.py", line 858, in defer
    response = await adapter.create_interaction_response(
               ^^^^^^^^^^^^^^^^^^^^^^^^^^^^^^^^^^^^^^^^^^
    ...<6 lines>...
    )
    ^
  File "C:\Users\parke\AppData\Local\Programs\Python\Python313\Lib\site-packages\discord\webhook\async_.py", line 224, in request
    raise NotFound(response, data)
discord.errors.NotFound: 404 Not Found (error code: 10062): Unknown interaction

The above exception was the direct cause of the following exception:

Traceback (most recent call last):
  File "C:\Users\parke\AppData\Local\Programs\Python\Python313\Lib\site-packages\discord\app_commands\tree.py", line 1297, in _call
    await command._invoke_with_namespace(interaction, namespace)
  File "C:\Users\parke\AppData\Local\Programs\Python\Python313\Lib\site-packages\discord\app_commands\commands.py", line 884, in _invoke_with_namespace
    return await self._do_call(interaction, transformed_values)
           ^^^^^^^^^^^^^^^^^^^^^^^^^^^^^^^^^^^^^^^^^^^^^^^^^^^^
  File "C:\Users\parke\AppData\Local\Programs\Python\Python313\Lib\site-packages\discord\app_commands\commands.py", line 877, in _do_call
    raise CommandInvokeError(self, e) from e
discord.app_commands.errors.CommandInvokeError: Command 'discovery-report' raised an exception: NotFound: 404 Not Found (error code: 10062): Unknown interaction
2025-11-11 21:36:40,095 - keeper.admin - ERROR - Admin command error: Command 'server-stats' raised an exception: NotFound: 404 Not Found (error code: 10062): Unknown interaction
2025-11-11 21:36:52,102 - discord.app_commands.tree - ERROR - Ignoring exception in command 'leaderboards'
Traceback (most recent call last):
  File "C:\Users\parke\AppData\Local\Programs\Python\Python313\Lib\site-packages\discord\app_commands\commands.py", line 858, in _do_call
    return await self._callback(self.binding, interaction, **params)  # type: ignore
           ^^^^^^^^^^^^^^^^^^^^^^^^^^^^^^^^^^^^^^^^^^^^^^^^^^^^^^^^^
  File "C:\Users\parke\OneDrive\Desktop\Haven_mdev\docs\guides\Haven-lore\keeper-bot\src\cogs\community_features.py", line 673, in leaderboards
    await interaction.response.defer()
  File "C:\Users\parke\AppData\Local\Programs\Python\Python313\Lib\site-packages\discord\interactions.py", line 858, in defer
    response = await adapter.create_interaction_response(
               ^^^^^^^^^^^^^^^^^^^^^^^^^^^^^^^^^^^^^^^^^^
    ...<6 lines>...
    )
    ^
  File "C:\Users\parke\AppData\Local\Programs\Python\Python313\Lib\site-packages\discord\webhook\async_.py", line 224, in request
    raise NotFound(response, data)
discord.errors.NotFound: 404 Not Found (error code: 10062): Unknown interaction

The above exception was the direct cause of the following exception:

Traceback (most recent call last):
  File "C:\Users\parke\AppData\Local\Programs\Python\Python313\Lib\site-packages\discord\app_commands\tree.py", line 1297, in _call
    await command._invoke_with_namespace(interaction, namespace)
  File "C:\Users\parke\AppData\Local\Programs\Python\Python313\Lib\site-packages\discord\app_commands\commands.py", line 884, in _invoke_with_namespace
    return await self._do_call(interaction, transformed_values)
           ^^^^^^^^^^^^^^^^^^^^^^^^^^^^^^^^^^^^^^^^^^^^^^^^^^^^
  File "C:\Users\parke\AppData\Local\Programs\Python\Python313\Lib\site-packages\discord\app_commands\commands.py", line 877, in _do_call
    raise CommandInvokeError(self, e) from e
discord.app_commands.errors.CommandInvokeError: Command 'leaderboards' raised an exception: NotFound: 404 Not Found (error code: 10062): Unknown interaction
2025-11-11 21:37:05,721 - discord.client - WARNING - PyNaCl is not installed, voice will NOT be supported
2025-11-11 21:37:05,722 - discord.client - INFO - logging in using static token
2025-11-11 21:37:06,361 - keeper - INFO - ğŸŒŒ The Keeper awakens...
2025-11-11 21:37:06,366 - keeper.database - INFO - ğŸ“Š Database tables created/verified (Phase 4 Community Features included)
2025-11-11 21:37:06,366 - keeper.database - INFO - ğŸ—ƒï¸ Keeper Database initialized
2025-11-11 21:37:06,368 - keeper.haven_integration - INFO - Found Haven database from HAVEN_DB_PATH: C:\Users\parke\OneDrive\Desktop\Haven_mdev\data\VH-Database.db
2025-11-11 21:37:06,369 - keeper - INFO - âœ… Loaded cogs.enhanced_discovery
2025-11-11 21:37:06,371 - keeper.haven_integration - INFO - Found Haven database from HAVEN_DB_PATH: C:\Users\parke\OneDrive\Desktop\Haven_mdev\data\VH-Database.db
2025-11-11 21:37:06,371 - keeper - INFO - âœ… Loaded cogs.pattern_recognition
2025-11-11 21:37:06,374 - keeper.haven_integration - INFO - Found Haven database from HAVEN_DB_PATH: C:\Users\parke\OneDrive\Desktop\Haven_mdev\data\VH-Database.db
2025-11-11 21:37:06,374 - keeper.archive - INFO - Archive System Phase 3 loaded
2025-11-11 21:37:06,375 - keeper - INFO - âœ… Loaded cogs.archive_system
2025-11-11 21:37:06,377 - keeper.haven_integration - INFO - Found Haven database from HAVEN_DB_PATH: C:\Users\parke\OneDrive\Desktop\Haven_mdev\data\VH-Database.db
2025-11-11 21:37:06,377 - keeper.admin - INFO - Admin Tools Phase 3 loaded
2025-11-11 21:37:06,378 - keeper - INFO - âœ… Loaded cogs.admin_tools
2025-11-11 21:37:06,383 - keeper.haven_integration - INFO - Found Haven database from HAVEN_DB_PATH: C:\Users\parke\OneDrive\Desktop\Haven_mdev\data\VH-Database.db
2025-11-11 21:37:06,384 - keeper.community - INFO - Community Features Phase 4 loaded
2025-11-11 21:37:06,384 - keeper - INFO - âœ… Loaded cogs.community_features
2025-11-11 21:37:06,384 - keeper - INFO - ğŸ“¦ Loaded 5/5 cogs
2025-11-11 21:37:06,384 - keeper - INFO - ğŸ¯ Found 17 slash commands to sync
2025-11-11 21:37:06,385 - keeper - INFO - ğŸ“‹ Copying commands to guild tree...
2025-11-11 21:37:06,390 - keeper.haven_integration - INFO - Loaded 5 Haven systems from database
2025-11-11 21:37:06,390 - keeper.enhanced_discovery - INFO - âœ… Haven integration initialized
2025-11-11 21:37:06,394 - keeper.haven_integration - INFO - Loaded 5 Haven systems from database
2025-11-11 21:37:06,395 - keeper.community - INFO - Created new community challenge
2025-11-11 21:37:06,517 - keeper - INFO - âœ… Synced 17 commands to guild 1423941004230135851
2025-11-11 21:37:06,840 - discord.gateway - INFO - Shard ID None has connected to Gateway (Session ID: a6e4ca5876498555110a222e7e8a63a5).
2025-11-11 21:37:08,853 - keeper - INFO - ğŸ”® The Keeper is online as The Keeper#8095
2025-11-11 21:37:08,853 - keeper - INFO - ğŸ“Š Connected to 1 guild(s)
2025-11-11 21:41:35,178 - discord.app_commands.tree - ERROR - Ignoring exception in command 'leaderboards'
Traceback (most recent call last):
  File "C:\Users\parke\AppData\Local\Programs\Python\Python313\Lib\site-packages\discord\app_commands\commands.py", line 858, in _do_call
    return await self._callback(self.binding, interaction, **params)  # type: ignore
           ^^^^^^^^^^^^^^^^^^^^^^^^^^^^^^^^^^^^^^^^^^^^^^^^^^^^^^^^^
  File "C:\Users\parke\OneDrive\Desktop\Haven_mdev\docs\guides\Haven-lore\keeper-bot\src\cogs\community_features.py", line 673, in leaderboards
    await interaction.response.defer()
  File "C:\Users\parke\AppData\Local\Programs\Python\Python313\Lib\site-packages\discord\interactions.py", line 858, in defer
    response = await adapter.create_interaction_response(
               ^^^^^^^^^^^^^^^^^^^^^^^^^^^^^^^^^^^^^^^^^^
    ...<6 lines>...
    )
    ^
  File "C:\Users\parke\AppData\Local\Programs\Python\Python313\Lib\site-packages\discord\webhook\async_.py", line 224, in request
    raise NotFound(response, data)
discord.errors.NotFound: 404 Not Found (error code: 10062): Unknown interaction

The above exception was the direct cause of the following exception:

Traceback (most recent call last):
  File "C:\Users\parke\AppData\Local\Programs\Python\Python313\Lib\site-packages\discord\app_commands\tree.py", line 1297, in _call
    await command._invoke_with_namespace(interaction, namespace)
  File "C:\Users\parke\AppData\Local\Programs\Python\Python313\Lib\site-packages\discord\app_commands\commands.py", line 884, in _invoke_with_namespace
    return await self._do_call(interaction, transformed_values)
           ^^^^^^^^^^^^^^^^^^^^^^^^^^^^^^^^^^^^^^^^^^^^^^^^^^^^
  File "C:\Users\parke\AppData\Local\Programs\Python\Python313\Lib\site-packages\discord\app_commands\commands.py", line 877, in _do_call
    raise CommandInvokeError(self, e) from e
discord.app_commands.errors.CommandInvokeError: Command 'leaderboards' raised an exception: NotFound: 404 Not Found (error code: 10062): Unknown interaction
2025-11-11 21:41:52,424 - keeper - INFO - ğŸ‘¤ New member joined: meow_7129 (1355216251982577929)
2025-11-11 21:41:53,994 - keeper - INFO - âœ… Sent Act I intro DM to meow_7129
2025-11-11 21:42:09,368 - keeper.admin - ERROR - Admin command error: Command 'server-stats' raised an exception: NotFound: 404 Not Found (error code: 10062): Unknown interaction
2025-11-11 21:42:40,402 - keeper - INFO - ğŸ‘¤ New member joined: videoastra_39953 (1432520250435571732)
2025-11-11 21:42:42,185 - keeper - INFO - âœ… Sent Act I intro DM to videoastra_39953
2025-11-11 21:43:22,077 - keeper - INFO - ğŸ‘¤ New member joined: videoastra_39953 (1432520250435571732)
2025-11-11 21:43:22,448 - keeper - INFO - âœ… Sent Act I intro DM to videoastra_39953
2025-11-11 21:45:14,694 - discord.client - WARNING - PyNaCl is not installed, voice will NOT be supported
2025-11-11 21:45:14,695 - discord.client - INFO - logging in using static token
2025-11-11 21:45:15,221 - keeper - INFO - ğŸŒŒ The Keeper awakens...
2025-11-11 21:45:15,228 - keeper.database - INFO - ğŸ“Š Database tables created/verified (Phase 4 Community Features included)
2025-11-11 21:45:15,228 - keeper.database - INFO - ğŸ—ƒï¸ Keeper Database initialized
2025-11-11 21:45:15,230 - keeper.haven_integration - INFO - Found Haven database from HAVEN_DB_PATH: C:\Users\parke\OneDrive\Desktop\Haven_mdev\data\VH-Database.db
2025-11-11 21:45:15,231 - keeper - INFO - âœ… Loaded cogs.enhanced_discovery
2025-11-11 21:45:15,232 - keeper.haven_integration - INFO - Found Haven database from HAVEN_DB_PATH: C:\Users\parke\OneDrive\Desktop\Haven_mdev\data\VH-Database.db
2025-11-11 21:45:15,232 - keeper - INFO - âœ… Loaded cogs.pattern_recognition
2025-11-11 21:45:15,236 - keeper.haven_integration - INFO - Found Haven database from HAVEN_DB_PATH: C:\Users\parke\OneDrive\Desktop\Haven_mdev\data\VH-Database.db
2025-11-11 21:45:15,236 - keeper.archive - INFO - Archive System Phase 3 loaded
2025-11-11 21:45:15,236 - keeper - INFO - âœ… Loaded cogs.archive_system
2025-11-11 21:45:15,240 - keeper.haven_integration - INFO - Found Haven database from HAVEN_DB_PATH: C:\Users\parke\OneDrive\Desktop\Haven_mdev\data\VH-Database.db
2025-11-11 21:45:15,241 - keeper.admin - INFO - Admin Tools Phase 3 loaded
2025-11-11 21:45:15,241 - keeper - INFO - âœ… Loaded cogs.admin_tools
2025-11-11 21:45:15,271 - keeper.haven_integration - INFO - Found Haven database from HAVEN_DB_PATH: C:\Users\parke\OneDrive\Desktop\Haven_mdev\data\VH-Database.db
2025-11-11 21:45:15,271 - keeper.community - INFO - Community Features Phase 4 loaded
2025-11-11 21:45:15,271 - keeper - INFO - âœ… Loaded cogs.community_features
2025-11-11 21:45:15,271 - keeper - INFO - ğŸ“¦ Loaded 5/5 cogs
2025-11-11 21:45:15,271 - keeper - INFO - ğŸ¯ Found 17 slash commands to sync
2025-11-11 21:45:15,271 - keeper - INFO - ğŸ“‹ Copying commands to guild tree...
2025-11-11 21:45:15,282 - keeper.haven_integration - INFO - Loaded 5 Haven systems from database
2025-11-11 21:45:15,282 - keeper.enhanced_discovery - INFO - âœ… Haven integration initialized
2025-11-11 21:45:15,290 - keeper.haven_integration - INFO - Loaded 5 Haven systems from database
2025-11-11 21:45:15,291 - keeper.community - INFO - Created new community challenge
2025-11-11 21:45:15,439 - keeper - INFO - âœ… Synced 17 commands to guild 1423941004230135851
2025-11-11 21:45:15,815 - discord.gateway - INFO - Shard ID None has connected to Gateway (Session ID: edb5cffe0e5c0bbb81bd8783d5fb34e8).
2025-11-11 21:45:17,829 - keeper - INFO - ğŸ”® The Keeper is online as The Keeper#8095
2025-11-11 21:45:17,829 - keeper - INFO - ğŸ“Š Connected to 1 guild(s)
2025-11-11 21:47:30,690 - keeper.enhanced_discovery - WARNING - Interaction token expired for user 488550763715362826, attempting recovery
2025-11-11 21:47:49,291 - keeper.admin - ERROR - Admin command error: Command 'reload-haven' raised an exception: HTTPException: 400 Bad Request (error code: 40060): Interaction has already been acknowledged.
2025-11-11 21:48:01,794 - keeper.admin - ERROR - Admin command error: Command 'reload-haven' raised an exception: NotFound: 404 Not Found (error code: 10062): Unknown interaction
2025-11-11 21:48:20,770 - keeper.enhanced_discovery - INFO - HavenLocationSelect.callback: selected_location='moon:Getre Beta' for system 'Ixiezh HV'
2025-11-11 21:48:20,771 - keeper.enhanced_discovery - INFO - handle_location_selection: location_info='moon:Getre Beta', system_name='Ixiezh HV'
2025-11-11 21:48:20,771 - keeper.enhanced_discovery - INFO - handle_location_selection: Creating DiscoveryTypeSelect with location_info='moon:Getre Beta'
2025-11-11 21:48:27,517 - keeper.enhanced_discovery - INFO - DiscoveryTypeSelect.callback: discovery_type='ğŸ’', system='Ixiezh HV', location_info='moon:Getre Beta'
2025-11-11 21:48:27,518 - keeper.enhanced_discovery - INFO - DiscoveryTypeSelect.callback: Creating modal with location_info='moon:Getre Beta'
2025-11-11 21:48:27,518 - keeper.discovery_modals - INFO - BaseDiscoveryModal.__init__: Received location_info='moon:Getre Beta', system='Ixiezh HV', type='ğŸ’'
2025-11-11 21:48:27,518 - keeper.discovery_modals - INFO - BaseDiscoveryModal.__init__: Parsed -> location_type='moon', location_name='Getre Beta'
2025-11-11 21:53:27,806 - keeper.database - INFO - ğŸ“ Discovery 6 added to archive
2025-11-11 21:53:27,809 - keeper.haven_integration - INFO - Resolved moon_id=6, planet_id=31 for moon 'Getre Beta'
2025-11-11 21:53:27,822 - keeper.haven_integration - INFO - Successfully wrote discovery #29 to VH-Database
2025-11-11 21:53:27,822 - keeper.enhanced_discovery - INFO - Discovery also saved to Haven database with ID 29
2025-11-11 21:53:28,380 - keeper.enhanced_discovery - INFO - Haven discovery 6 posted to archive channel
2025-11-11 21:53:28,380 - keeper.database - INFO - ğŸ” Getting discovery #6
2025-11-11 21:53:28,381 - keeper.database - INFO - âœ… Found discovery #6, type: ğŸ’
2025-11-11 21:53:28,381 - keeper.database - INFO - ğŸ” Getting discovery #6
2025-11-11 21:53:28,382 - keeper.database - INFO - âœ… Found discovery #6, type: ğŸ’
2025-11-11 21:53:28,382 - keeper.database - INFO - ğŸ” Finding similar discoveries to #6, type: ğŸ’
2025-11-11 21:53:28,382 - keeper.database - INFO - ğŸ” Found 1 discoveries with same type before filtering
2025-11-11 21:53:28,382 - keeper.database - INFO - ğŸ” Returning 0 similar discoveries (after filtering source)
2025-11-11 21:53:28,382 - keeper.pattern_recognition - INFO - Discovery 6: Not enough similar discoveries for pattern (0)
2025-11-11 21:53:28,382 - keeper.enhanced_discovery - INFO - Haven-integrated discovery 6 processed for user marineboy5836
2025-11-11 21:54:32,062 - discord.app_commands.tree - ERROR - Ignoring exception in command 'leaderboards'
Traceback (most recent call last):
  File "C:\Users\parke\AppData\Local\Programs\Python\Python313\Lib\site-packages\discord\app_commands\commands.py", line 858, in _do_call
    return await self._callback(self.binding, interaction, **params)  # type: ignore
           ^^^^^^^^^^^^^^^^^^^^^^^^^^^^^^^^^^^^^^^^^^^^^^^^^^^^^^^^^
  File "C:\Users\parke\OneDrive\Desktop\Haven_mdev\docs\guides\Haven-lore\keeper-bot\src\cogs\community_features.py", line 673, in leaderboards
    await interaction.response.defer()
  File "C:\Users\parke\AppData\Local\Programs\Python\Python313\Lib\site-packages\discord\interactions.py", line 858, in defer
    response = await adapter.create_interaction_response(
               ^^^^^^^^^^^^^^^^^^^^^^^^^^^^^^^^^^^^^^^^^^
    ...<6 lines>...
    )
    ^
  File "C:\Users\parke\AppData\Local\Programs\Python\Python313\Lib\site-packages\discord\webhook\async_.py", line 224, in request
    raise NotFound(response, data)
discord.errors.NotFound: 404 Not Found (error code: 10062): Unknown interaction

The above exception was the direct cause of the following exception:

Traceback (most recent call last):
  File "C:\Users\parke\AppData\Local\Programs\Python\Python313\Lib\site-packages\discord\app_commands\tree.py", line 1297, in _call
    await command._invoke_with_namespace(interaction, namespace)
  File "C:\Users\parke\AppData\Local\Programs\Python\Python313\Lib\site-packages\discord\app_commands\commands.py", line 884, in _invoke_with_namespace
    return await self._do_call(interaction, transformed_values)
           ^^^^^^^^^^^^^^^^^^^^^^^^^^^^^^^^^^^^^^^^^^^^^^^^^^^^
  File "C:\Users\parke\AppData\Local\Programs\Python\Python313\Lib\site-packages\discord\app_commands\commands.py", line 877, in _do_call
    raise CommandInvokeError(self, e) from e
discord.app_commands.errors.CommandInvokeError: Command 'leaderboards' raised an exception: NotFound: 404 Not Found (error code: 10062): Unknown interaction
2025-11-11 21:54:53,534 - keeper.admin - ERROR - Admin command error: Command 'server-stats' raised an exception: NotFound: 404 Not Found (error code: 10062): Unknown interaction
