2025-11-07 20:21:17,030 - discord.client - WARNING - PyNaCl is not installed, voice will NOT be supported
2025-11-07 20:21:17,030 - keeper - ERROR - DISCORD_BOT_TOKEN not found in environment variables
2025-11-07 20:21:52,718 - discord.client - WARNING - PyNaCl is not installed, voice will NOT be supported
2025-11-07 20:21:52,718 - keeper - ERROR - BOT_TOKEN not found in environment variables
2025-11-07 20:21:52,718 - keeper - ERROR - Please ensure BOT_TOKEN is set in your .env file
2025-11-07 20:22:23,585 - discord.client - WARNING - PyNaCl is not installed, voice will NOT be supported
2025-11-07 20:22:23,586 - discord.client - INFO - logging in using static token
2025-11-07 20:22:24,317 - keeper.haven_integration - WARNING - Haven data.json not found in expected locations
2025-11-07 20:22:24,317 - keeper.haven_integration - INFO - Bot will run in standalone mode without Haven integration
2025-11-07 20:22:24,321 - keeper.haven_integration - WARNING - Haven data.json not found in expected locations
2025-11-07 20:22:24,322 - keeper.haven_integration - INFO - Bot will run in standalone mode without Haven integration
2025-11-07 20:22:24,325 - keeper.haven_integration - WARNING - Haven data.json not found in expected locations
2025-11-07 20:22:24,326 - keeper.haven_integration - INFO - Bot will run in standalone mode without Haven integration
2025-11-07 20:22:24,326 - keeper.archive - INFO - Archive System Phase 3 loaded
2025-11-07 20:22:24,329 - keeper.haven_integration - WARNING - Haven data.json not found in expected locations
2025-11-07 20:22:24,329 - keeper.haven_integration - INFO - Bot will run in standalone mode without Haven integration
2025-11-07 20:22:24,329 - keeper.admin - INFO - Admin Tools Phase 3 loaded
2025-11-07 20:22:24,342 - keeper.haven_integration - WARNING - Haven data.json not found in expected locations
2025-11-07 20:22:24,343 - keeper.haven_integration - INFO - Bot will run in standalone mode without Haven integration
2025-11-07 20:22:24,343 - keeper.community - INFO - Community Features Phase 4 loaded
2025-11-07 20:22:24,351 - keeper.community - INFO - Created new community challenge
2025-11-07 20:22:24,445 - keeper - INFO - Synced 0 commands to guild
2025-11-07 20:22:24,864 - keeper - INFO - Synced 13 commands globally
2025-11-07 20:22:25,327 - discord.gateway - INFO - Shard ID None has connected to Gateway (Session ID: 6dcde8b87b8817ba538b3d1d581cd689).
2025-11-07 20:29:57,704 - discord.client - WARNING - PyNaCl is not installed, voice will NOT be supported
2025-11-07 20:29:57,704 - discord.client - INFO - logging in using static token
2025-11-07 20:29:58,222 - keeper - INFO - üåå The Keeper awakens...
2025-11-07 20:29:58,227 - keeper.database - INFO - üìä Database tables created/verified (Phase 4 Community Features included)
2025-11-07 20:29:58,227 - keeper.database - INFO - üóÉÔ∏è Keeper Database initialized
2025-11-07 20:29:58,228 - keeper.haven_integration - WARNING - Haven data.json not found in expected locations
2025-11-07 20:29:58,229 - keeper.haven_integration - INFO - Bot will run in standalone mode without Haven integration
2025-11-07 20:29:58,229 - keeper - INFO - ‚úÖ Loaded cogs.enhanced_discovery
2025-11-07 20:29:58,230 - keeper.haven_integration - WARNING - Haven data.json not found in expected locations
2025-11-07 20:29:58,230 - keeper.haven_integration - INFO - Bot will run in standalone mode without Haven integration
2025-11-07 20:29:58,230 - keeper - INFO - ‚úÖ Loaded cogs.pattern_recognition
2025-11-07 20:29:58,231 - keeper.haven_integration - WARNING - Haven data.json not found in expected locations
2025-11-07 20:29:58,231 - keeper.haven_integration - INFO - Bot will run in standalone mode without Haven integration
2025-11-07 20:29:58,232 - keeper.archive - INFO - Archive System Phase 3 loaded
2025-11-07 20:29:58,232 - keeper - INFO - ‚úÖ Loaded cogs.archive_system
2025-11-07 20:29:58,233 - keeper.haven_integration - WARNING - Haven data.json not found in expected locations
2025-11-07 20:29:58,233 - keeper.haven_integration - INFO - Bot will run in standalone mode without Haven integration
2025-11-07 20:29:58,233 - keeper.admin - INFO - Admin Tools Phase 3 loaded
2025-11-07 20:29:58,233 - keeper - INFO - ‚úÖ Loaded cogs.admin_tools
2025-11-07 20:29:58,237 - keeper.haven_integration - WARNING - Haven data.json not found in expected locations
2025-11-07 20:29:58,237 - keeper.haven_integration - INFO - Bot will run in standalone mode without Haven integration
2025-11-07 20:29:58,237 - keeper.community - INFO - Community Features Phase 4 loaded
2025-11-07 20:29:58,237 - keeper - INFO - ‚úÖ Loaded cogs.community_features
2025-11-07 20:29:58,237 - keeper - INFO - üì¶ Loaded 5/5 cogs
2025-11-07 20:29:58,238 - keeper - INFO - üéØ Found 13 slash commands to sync
2025-11-07 20:29:58,238 - keeper.enhanced_discovery - WARNING - ‚ö†Ô∏è Haven integration failed - bot will work in standalone mode
2025-11-07 20:29:58,239 - keeper.community - INFO - Created new community challenge
2025-11-07 20:29:58,345 - keeper - INFO - ‚úÖ Synced 0 commands to guild 1423941004230135851
2025-11-07 20:29:58,730 - discord.gateway - INFO - Shard ID None has connected to Gateway (Session ID: b27d19f57b99177fb83036cf6c5ae234).
2025-11-07 20:30:00,746 - keeper - INFO - üîÆ The Keeper is online as The Keeper#8095
2025-11-07 20:30:00,746 - keeper - INFO - üìä Connected to 1 guild(s)
2025-11-07 20:31:51,481 - discord.app_commands.tree - ERROR - Ignoring exception in command tree
Traceback (most recent call last):
  File "C:\Users\parke\Haven-lore\keeper-bot\.venv\Lib\site-packages\discord\app_commands\tree.py", line 1138, in wrapper
    await self._call(interaction)
  File "C:\Users\parke\Haven-lore\keeper-bot\.venv\Lib\site-packages\discord\app_commands\tree.py", line 1270, in _call
    command, options = self._get_app_command_options(data)
                       ~~~~~~~~~~~~~~~~~~~~~~~~~~~~~^^^^^^
  File "C:\Users\parke\Haven-lore\keeper-bot\.venv\Lib\site-packages\discord\app_commands\tree.py", line 1174, in _get_app_command_options
    raise CommandNotFound(name, parents)
discord.app_commands.errors.CommandNotFound: Application command 'setup-channels' not found
2025-11-07 20:33:55,387 - keeper - INFO - üåô The Keeper enters dormancy...
2025-11-07 20:33:55,387 - keeper.database - INFO - üóÉÔ∏è Keeper Database connection closed
2025-11-07 20:36:14,660 - discord.client - WARNING - PyNaCl is not installed, voice will NOT be supported
2025-11-07 20:36:14,660 - discord.client - INFO - logging in using static token
2025-11-07 20:36:15,233 - keeper - INFO - üåå The Keeper awakens...
2025-11-07 20:36:15,238 - keeper.database - INFO - üìä Database tables created/verified (Phase 4 Community Features included)
2025-11-07 20:36:15,238 - keeper.database - INFO - üóÉÔ∏è Keeper Database initialized
2025-11-07 20:36:15,240 - keeper.haven_integration - WARNING - Haven data.json not found in expected locations
2025-11-07 20:36:15,240 - keeper.haven_integration - INFO - Bot will run in standalone mode without Haven integration
2025-11-07 20:36:15,240 - keeper - INFO - ‚úÖ Loaded cogs.enhanced_discovery
2025-11-07 20:36:15,241 - keeper.haven_integration - WARNING - Haven data.json not found in expected locations
2025-11-07 20:36:15,241 - keeper.haven_integration - INFO - Bot will run in standalone mode without Haven integration
2025-11-07 20:36:15,241 - keeper - INFO - ‚úÖ Loaded cogs.pattern_recognition
2025-11-07 20:36:15,243 - keeper.haven_integration - WARNING - Haven data.json not found in expected locations
2025-11-07 20:36:15,243 - keeper.haven_integration - INFO - Bot will run in standalone mode without Haven integration
2025-11-07 20:36:15,243 - keeper.archive - INFO - Archive System Phase 3 loaded
2025-11-07 20:36:15,243 - keeper - INFO - ‚úÖ Loaded cogs.archive_system
2025-11-07 20:36:15,244 - keeper.haven_integration - WARNING - Haven data.json not found in expected locations
2025-11-07 20:36:15,244 - keeper.haven_integration - INFO - Bot will run in standalone mode without Haven integration
2025-11-07 20:36:15,245 - keeper.admin - INFO - Admin Tools Phase 3 loaded
2025-11-07 20:36:15,245 - keeper - INFO - ‚úÖ Loaded cogs.admin_tools
2025-11-07 20:36:15,248 - keeper.haven_integration - WARNING - Haven data.json not found in expected locations
2025-11-07 20:36:15,248 - keeper.haven_integration - INFO - Bot will run in standalone mode without Haven integration
2025-11-07 20:36:15,248 - keeper.community - INFO - Community Features Phase 4 loaded
2025-11-07 20:36:15,248 - keeper - INFO - ‚úÖ Loaded cogs.community_features
2025-11-07 20:36:15,248 - keeper - INFO - üì¶ Loaded 5/5 cogs
2025-11-07 20:36:15,248 - keeper - INFO - üéØ Found 13 slash commands to sync
2025-11-07 20:36:15,249 - keeper.enhanced_discovery - WARNING - ‚ö†Ô∏è Haven integration failed - bot will work in standalone mode
2025-11-07 20:36:15,249 - keeper.community - INFO - Created new community challenge
2025-11-07 20:36:15,354 - keeper - INFO - ‚úÖ Synced 0 commands to guild 1423941004230135851
2025-11-07 20:36:15,773 - discord.gateway - INFO - Shard ID None has connected to Gateway (Session ID: 17546e9d49eef64f3462f1eb35800e94).
2025-11-07 20:36:17,802 - keeper - INFO - üîÆ The Keeper is online as The Keeper#8095
2025-11-07 20:36:17,802 - keeper - INFO - üìä Connected to 1 guild(s)
2025-11-07 20:36:53,672 - discord.app_commands.tree - ERROR - Ignoring exception in command tree
Traceback (most recent call last):
  File "C:\Users\parke\Haven-lore\keeper-bot\.venv\Lib\site-packages\discord\app_commands\tree.py", line 1138, in wrapper
    await self._call(interaction)
  File "C:\Users\parke\Haven-lore\keeper-bot\.venv\Lib\site-packages\discord\app_commands\tree.py", line 1270, in _call
    command, options = self._get_app_command_options(data)
                       ~~~~~~~~~~~~~~~~~~~~~~~~~~~~~^^^^^^
  File "C:\Users\parke\Haven-lore\keeper-bot\.venv\Lib\site-packages\discord\app_commands\tree.py", line 1174, in _get_app_command_options
    raise CommandNotFound(name, parents)
discord.app_commands.errors.CommandNotFound: Application command 'setup-channels' not found
2025-11-07 20:42:10,497 - discord.client - WARNING - PyNaCl is not installed, voice will NOT be supported
2025-11-07 20:42:10,497 - discord.client - INFO - logging in using static token
2025-11-07 20:42:11,094 - keeper - INFO - üåå The Keeper awakens...
2025-11-07 20:42:11,098 - keeper.database - INFO - üìä Database tables created/verified (Phase 4 Community Features included)
2025-11-07 20:42:11,098 - keeper.database - INFO - üóÉÔ∏è Keeper Database initialized
2025-11-07 20:42:11,100 - keeper.haven_integration - WARNING - Haven data.json not found in expected locations
2025-11-07 20:42:11,100 - keeper.haven_integration - INFO - Bot will run in standalone mode without Haven integration
2025-11-07 20:42:11,100 - keeper - INFO - ‚úÖ Loaded cogs.enhanced_discovery
2025-11-07 20:42:11,101 - keeper.haven_integration - WARNING - Haven data.json not found in expected locations
2025-11-07 20:42:11,101 - keeper.haven_integration - INFO - Bot will run in standalone mode without Haven integration
2025-11-07 20:42:11,101 - keeper - INFO - ‚úÖ Loaded cogs.pattern_recognition
2025-11-07 20:42:11,102 - keeper.haven_integration - WARNING - Haven data.json not found in expected locations
2025-11-07 20:42:11,103 - keeper.haven_integration - INFO - Bot will run in standalone mode without Haven integration
2025-11-07 20:42:11,103 - keeper.archive - INFO - Archive System Phase 3 loaded
2025-11-07 20:42:11,103 - keeper - INFO - ‚úÖ Loaded cogs.archive_system
2025-11-07 20:42:11,104 - keeper.haven_integration - WARNING - Haven data.json not found in expected locations
2025-11-07 20:42:11,104 - keeper.haven_integration - INFO - Bot will run in standalone mode without Haven integration
2025-11-07 20:42:11,104 - keeper.admin - INFO - Admin Tools Phase 3 loaded
2025-11-07 20:42:11,105 - keeper - INFO - ‚úÖ Loaded cogs.admin_tools
2025-11-07 20:42:11,107 - keeper.haven_integration - WARNING - Haven data.json not found in expected locations
2025-11-07 20:42:11,107 - keeper.haven_integration - INFO - Bot will run in standalone mode without Haven integration
2025-11-07 20:42:11,108 - keeper.community - INFO - Community Features Phase 4 loaded
2025-11-07 20:42:11,108 - keeper - INFO - ‚úÖ Loaded cogs.community_features
2025-11-07 20:42:11,108 - keeper - INFO - üì¶ Loaded 5/5 cogs
2025-11-07 20:42:11,108 - keeper - INFO - üéØ Found 13 slash commands to sync
2025-11-07 20:42:11,108 - keeper - INFO - üìã Copying commands to guild tree...
2025-11-07 20:42:11,109 - keeper.enhanced_discovery - WARNING - ‚ö†Ô∏è Haven integration failed - bot will work in standalone mode
2025-11-07 20:42:11,109 - keeper.community - INFO - Created new community challenge
2025-11-07 20:42:11,428 - keeper - INFO - ‚úÖ Synced 13 commands to guild 1423941004230135851
2025-11-07 20:42:12,561 - discord.gateway - INFO - Shard ID None has connected to Gateway (Session ID: 3d2f32fba5d227d9323c995fdb03fda6).
2025-11-07 20:42:14,575 - keeper - INFO - üîÆ The Keeper is online as The Keeper#8095
2025-11-07 20:42:14,575 - keeper - INFO - üìä Connected to 1 guild(s)
2025-11-07 20:43:09,259 - discord.app_commands.tree - ERROR - Ignoring exception in command tree
Traceback (most recent call last):
  File "C:\Users\parke\Haven-lore\keeper-bot\.venv\Lib\site-packages\discord\app_commands\tree.py", line 1138, in wrapper
    await self._call(interaction)
  File "C:\Users\parke\Haven-lore\keeper-bot\.venv\Lib\site-packages\discord\app_commands\tree.py", line 1270, in _call
    command, options = self._get_app_command_options(data)
                       ~~~~~~~~~~~~~~~~~~~~~~~~~~~~~^^^^^^
  File "C:\Users\parke\Haven-lore\keeper-bot\.venv\Lib\site-packages\discord\app_commands\tree.py", line 1174, in _get_app_command_options
    raise CommandNotFound(name, parents)
discord.app_commands.errors.CommandNotFound: Application command 'setup-channels' not found
2025-11-07 20:46:17,371 - discord.app_commands.tree - ERROR - Ignoring exception in command tree
Traceback (most recent call last):
  File "C:\Users\parke\Haven-lore\keeper-bot\.venv\Lib\site-packages\discord\app_commands\tree.py", line 1138, in wrapper
    await self._call(interaction)
  File "C:\Users\parke\Haven-lore\keeper-bot\.venv\Lib\site-packages\discord\app_commands\tree.py", line 1270, in _call
    command, options = self._get_app_command_options(data)
                       ~~~~~~~~~~~~~~~~~~~~~~~~~~~~~^^^^^^
  File "C:\Users\parke\Haven-lore\keeper-bot\.venv\Lib\site-packages\discord\app_commands\tree.py", line 1174, in _get_app_command_options
    raise CommandNotFound(name, parents)
discord.app_commands.errors.CommandNotFound: Application command 'keeper-story' not found
2025-11-07 20:46:17,754 - keeper.community - ERROR - Error getting tier data: no such column: guild_id
2025-11-07 20:46:17,754 - keeper.community - ERROR - Error in keeper story: 'keeper'
2025-11-07 20:46:54,034 - discord.app_commands.tree - ERROR - Ignoring exception in command tree
Traceback (most recent call last):
  File "C:\Users\parke\Haven-lore\keeper-bot\.venv\Lib\site-packages\discord\app_commands\tree.py", line 1138, in wrapper
    await self._call(interaction)
  File "C:\Users\parke\Haven-lore\keeper-bot\.venv\Lib\site-packages\discord\app_commands\tree.py", line 1270, in _call
    command, options = self._get_app_command_options(data)
                       ~~~~~~~~~~~~~~~~~~~~~~~~~~~~~^^^^^^
  File "C:\Users\parke\Haven-lore\keeper-bot\.venv\Lib\site-packages\discord\app_commands\tree.py", line 1174, in _get_app_command_options
    raise CommandNotFound(name, parents)
discord.app_commands.errors.CommandNotFound: Application command 'discovery-report' not found
2025-11-07 20:48:20,531 - keeper - INFO - üåô The Keeper enters dormancy...
2025-11-07 20:48:20,532 - keeper.database - INFO - üóÉÔ∏è Keeper Database connection closed
2025-11-07 21:18:15,307 - discord.client - WARNING - PyNaCl is not installed, voice will NOT be supported
2025-11-07 21:18:15,308 - discord.client - INFO - logging in using static token
2025-11-07 21:18:15,800 - keeper - INFO - üåå The Keeper awakens...
2025-11-07 21:18:15,805 - keeper.database - INFO - üìä Database tables created/verified (Phase 4 Community Features included)
2025-11-07 21:18:15,806 - keeper.database - INFO - üóÉÔ∏è Keeper Database initialized
2025-11-07 21:18:15,807 - keeper.haven_integration - INFO - Found Haven data from HAVEN_DATA_PATH: C:\Users\parke\OneDrive\Desktop\Haven_mdev\data\keeper_test_data.json
2025-11-07 21:18:15,808 - keeper - INFO - ‚úÖ Loaded cogs.enhanced_discovery
2025-11-07 21:18:15,809 - keeper.haven_integration - INFO - Found Haven data from HAVEN_DATA_PATH: C:\Users\parke\OneDrive\Desktop\Haven_mdev\data\keeper_test_data.json
2025-11-07 21:18:15,809 - keeper - INFO - ‚úÖ Loaded cogs.pattern_recognition
2025-11-07 21:18:15,810 - keeper.haven_integration - INFO - Found Haven data from HAVEN_DATA_PATH: C:\Users\parke\OneDrive\Desktop\Haven_mdev\data\keeper_test_data.json
2025-11-07 21:18:15,811 - keeper.archive - INFO - Archive System Phase 3 loaded
2025-11-07 21:18:15,811 - keeper - INFO - ‚úÖ Loaded cogs.archive_system
2025-11-07 21:18:15,812 - keeper.haven_integration - INFO - Found Haven data from HAVEN_DATA_PATH: C:\Users\parke\OneDrive\Desktop\Haven_mdev\data\keeper_test_data.json
2025-11-07 21:18:15,812 - keeper.admin - INFO - Admin Tools Phase 3 loaded
2025-11-07 21:18:15,813 - keeper - INFO - ‚úÖ Loaded cogs.admin_tools
2025-11-07 21:18:15,816 - keeper.haven_integration - INFO - Found Haven data from HAVEN_DATA_PATH: C:\Users\parke\OneDrive\Desktop\Haven_mdev\data\keeper_test_data.json
2025-11-07 21:18:15,816 - keeper.community - INFO - Community Features Phase 4 loaded
2025-11-07 21:18:15,816 - keeper - INFO - ‚úÖ Loaded cogs.community_features
2025-11-07 21:18:15,816 - keeper - INFO - üì¶ Loaded 5/5 cogs
2025-11-07 21:18:15,816 - keeper - INFO - üéØ Found 13 slash commands to sync
2025-11-07 21:18:15,816 - keeper - INFO - üìã Copying commands to guild tree...
2025-11-07 21:18:15,818 - keeper.haven_integration - INFO - Loaded 11 Haven systems
2025-11-07 21:18:15,818 - keeper.enhanced_discovery - INFO - ‚úÖ Haven integration initialized
2025-11-07 21:18:15,819 - keeper.haven_integration - INFO - Loaded 11 Haven systems
2025-11-07 21:18:15,819 - keeper.community - INFO - Created new community challenge
2025-11-07 21:18:15,950 - keeper - INFO - ‚úÖ Synced 13 commands to guild 1423941004230135851
2025-11-07 21:18:16,746 - discord.gateway - INFO - Shard ID None has connected to Gateway (Session ID: 961b60cf4bd73847fa074e7e8ea40bca).
2025-11-07 21:18:18,766 - keeper - INFO - üîÆ The Keeper is online as The Keeper#8095
2025-11-07 21:18:18,766 - keeper - INFO - üìä Connected to 1 guild(s)
2025-11-07 21:19:09,575 - keeper.community - ERROR - Error getting tier data: no such column: guild_id
2025-11-07 21:19:09,576 - keeper.community - ERROR - Error in keeper story: 'keeper'
2025-11-07 21:21:22,515 - keeper.enhanced_discovery - ERROR - Error processing Haven discovery: NOT NULL constraint failed: discoveries.location
2025-11-07 21:24:23,343 - keeper.community - ERROR - Error getting tier data: no such column: guild_id
2025-11-07 21:24:23,344 - keeper.community - ERROR - Error getting tier data: no such column: guild_id
2025-11-07 21:31:56,942 - keeper.admin - ERROR - Error gathering stats: no such column: guild_id
2025-11-07 21:34:13,441 - keeper.community - ERROR - Error getting tier data: no such column: guild_id
2025-11-07 21:34:13,442 - keeper.community - ERROR - Error in keeper story: 'keeper'
2025-11-07 21:39:38,199 - keeper.enhanced_discovery - ERROR - Error processing Haven discovery: NOT NULL constraint failed: discoveries.location
2025-11-07 21:41:14,326 - keeper - INFO - üåô The Keeper enters dormancy...
2025-11-07 21:41:14,327 - keeper.database - INFO - üóÉÔ∏è Keeper Database connection closed
2025-11-07 21:51:49,508 - discord.client - WARNING - PyNaCl is not installed, voice will NOT be supported
2025-11-07 21:51:49,508 - discord.client - INFO - logging in using static token
2025-11-07 21:51:49,923 - keeper - INFO - üåå The Keeper awakens...
2025-11-07 21:51:50,400 - keeper.database - INFO - üìä Database tables created/verified (Phase 4 Community Features included)
2025-11-07 21:51:50,401 - keeper.database - INFO - üóÉÔ∏è Keeper Database initialized
2025-11-07 21:51:50,403 - keeper.haven_integration - INFO - Found Haven data from HAVEN_DATA_PATH: C:\Users\parke\OneDrive\Desktop\Haven_mdev\data\keeper_test_data.json
2025-11-07 21:51:50,403 - keeper - INFO - ‚úÖ Loaded cogs.enhanced_discovery
2025-11-07 21:51:50,404 - keeper.haven_integration - INFO - Found Haven data from HAVEN_DATA_PATH: C:\Users\parke\OneDrive\Desktop\Haven_mdev\data\keeper_test_data.json
2025-11-07 21:51:50,404 - keeper - INFO - ‚úÖ Loaded cogs.pattern_recognition
2025-11-07 21:51:50,406 - keeper.haven_integration - INFO - Found Haven data from HAVEN_DATA_PATH: C:\Users\parke\OneDrive\Desktop\Haven_mdev\data\keeper_test_data.json
2025-11-07 21:51:50,406 - keeper.archive - INFO - Archive System Phase 3 loaded
2025-11-07 21:51:50,406 - keeper - INFO - ‚úÖ Loaded cogs.archive_system
2025-11-07 21:51:50,407 - keeper.haven_integration - INFO - Found Haven data from HAVEN_DATA_PATH: C:\Users\parke\OneDrive\Desktop\Haven_mdev\data\keeper_test_data.json
2025-11-07 21:51:50,407 - keeper.admin - INFO - Admin Tools Phase 3 loaded
2025-11-07 21:51:50,407 - keeper - INFO - ‚úÖ Loaded cogs.admin_tools
2025-11-07 21:51:50,420 - keeper.haven_integration - INFO - Found Haven data from HAVEN_DATA_PATH: C:\Users\parke\OneDrive\Desktop\Haven_mdev\data\keeper_test_data.json
2025-11-07 21:51:50,420 - keeper.community - INFO - Community Features Phase 4 loaded
2025-11-07 21:51:50,420 - keeper - INFO - ‚úÖ Loaded cogs.community_features
2025-11-07 21:51:50,420 - keeper - INFO - üì¶ Loaded 5/5 cogs
2025-11-07 21:51:50,421 - keeper - INFO - üéØ Found 13 slash commands to sync
2025-11-07 21:51:50,421 - keeper - INFO - üìã Copying commands to guild tree...
2025-11-07 21:51:50,422 - keeper.haven_integration - INFO - Loaded 11 Haven systems
2025-11-07 21:51:50,422 - keeper.enhanced_discovery - INFO - ‚úÖ Haven integration initialized
2025-11-07 21:51:50,423 - keeper.haven_integration - INFO - Loaded 11 Haven systems
2025-11-07 21:51:50,423 - keeper.community - INFO - Created new community challenge
2025-11-07 21:51:50,539 - keeper - INFO - ‚úÖ Synced 13 commands to guild 1423941004230135851
2025-11-07 21:51:50,930 - discord.gateway - INFO - Shard ID None has connected to Gateway (Session ID: 5047f4164e6625a5dadb91c333dc3377).
2025-11-07 21:51:52,953 - keeper - INFO - üîÆ The Keeper is online as The Keeper#8095
2025-11-07 21:51:52,953 - keeper - INFO - üìä Connected to 1 guild(s)
2025-11-07 22:12:54,126 - keeper.database - INFO - üìù Discovery 1 added to archive
2025-11-07 22:12:54,549 - keeper.enhanced_discovery - WARNING - No archive channel configured for guild 1423941004230135851
2025-11-07 22:12:54,551 - keeper.pattern_recognition - INFO - Discovery 1: Not enough similar discoveries for pattern (0)
2025-11-07 22:12:54,551 - keeper.enhanced_discovery - INFO - Haven-integrated discovery 1 processed for user _parker1920
2025-11-07 22:13:30,865 - keeper.admin - ERROR - Error gathering stats: no such column: confidence
2025-11-07 22:18:20,378 - keeper.database - INFO - üìù Discovery 2 added to archive
2025-11-07 22:18:20,568 - keeper.enhanced_discovery - WARNING - No archive channel configured for guild 1423941004230135851
2025-11-07 22:18:20,569 - keeper.pattern_recognition - INFO - Discovery 2: Not enough similar discoveries for pattern (0)
2025-11-07 22:18:20,569 - keeper.enhanced_discovery - INFO - Haven-integrated discovery 2 processed for user _parker1920
2025-11-07 22:43:45,366 - discord.client - WARNING - PyNaCl is not installed, voice will NOT be supported
2025-11-07 22:43:45,367 - discord.client - INFO - logging in using static token
2025-11-07 22:43:45,833 - keeper - INFO - üåå The Keeper awakens...
2025-11-07 22:43:45,842 - keeper.database - INFO - üìä Database tables created/verified (Phase 4 Community Features included)
2025-11-07 22:43:45,842 - keeper.database - INFO - üóÉÔ∏è Keeper Database initialized
2025-11-07 22:43:45,844 - keeper.haven_integration - INFO - Found Haven data from HAVEN_DATA_PATH: C:\Users\parke\OneDrive\Desktop\Haven_mdev\data\keeper_test_data.json
2025-11-07 22:43:45,845 - keeper - INFO - ‚úÖ Loaded cogs.enhanced_discovery
2025-11-07 22:43:45,846 - keeper.haven_integration - INFO - Found Haven data from HAVEN_DATA_PATH: C:\Users\parke\OneDrive\Desktop\Haven_mdev\data\keeper_test_data.json
2025-11-07 22:43:45,846 - keeper - INFO - ‚úÖ Loaded cogs.pattern_recognition
2025-11-07 22:43:45,847 - keeper.haven_integration - INFO - Found Haven data from HAVEN_DATA_PATH: C:\Users\parke\OneDrive\Desktop\Haven_mdev\data\keeper_test_data.json
2025-11-07 22:43:45,848 - keeper.archive - INFO - Archive System Phase 3 loaded
2025-11-07 22:43:45,848 - keeper - INFO - ‚úÖ Loaded cogs.archive_system
2025-11-07 22:43:45,849 - keeper.haven_integration - INFO - Found Haven data from HAVEN_DATA_PATH: C:\Users\parke\OneDrive\Desktop\Haven_mdev\data\keeper_test_data.json
2025-11-07 22:43:45,849 - keeper.admin - INFO - Admin Tools Phase 3 loaded
2025-11-07 22:43:45,849 - keeper - INFO - ‚úÖ Loaded cogs.admin_tools
2025-11-07 22:43:45,863 - keeper.haven_integration - INFO - Found Haven data from HAVEN_DATA_PATH: C:\Users\parke\OneDrive\Desktop\Haven_mdev\data\keeper_test_data.json
2025-11-07 22:43:45,864 - keeper.community - INFO - Community Features Phase 4 loaded
2025-11-07 22:43:45,864 - keeper - INFO - ‚úÖ Loaded cogs.community_features
2025-11-07 22:43:45,864 - keeper - INFO - üì¶ Loaded 5/5 cogs
2025-11-07 22:43:45,864 - keeper - INFO - üéØ Found 14 slash commands to sync
2025-11-07 22:43:45,864 - keeper - INFO - üìã Copying commands to guild tree...
2025-11-07 22:43:45,866 - keeper.haven_integration - INFO - Loaded 11 Haven systems
2025-11-07 22:43:45,866 - keeper.enhanced_discovery - INFO - ‚úÖ Haven integration initialized
2025-11-07 22:43:45,867 - keeper.haven_integration - INFO - Loaded 11 Haven systems
2025-11-07 22:43:45,867 - keeper.community - INFO - Created new community challenge
2025-11-07 22:43:46,045 - keeper - INFO - ‚úÖ Synced 14 commands to guild 1423941004230135851
2025-11-07 22:43:46,566 - discord.gateway - INFO - Shard ID None has connected to Gateway (Session ID: 3bf04ab42363a7a66a38786e69996ace).
2025-11-07 22:43:48,598 - keeper - INFO - üîÆ The Keeper is online as The Keeper#8095
2025-11-07 22:43:48,598 - keeper - INFO - üìä Connected to 1 guild(s)
2025-11-07 22:45:35,133 - discord.app_commands.tree - ERROR - Ignoring exception in command 'discovery-report'
Traceback (most recent call last):
  File "C:\Users\parke\OneDrive\Desktop\Haven_mdev\docs\guides\Haven-lore\keeper-bot\.venv\Lib\site-packages\discord\app_commands\commands.py", line 858, in _do_call
    return await self._callback(self.binding, interaction, **params)  # type: ignore
           ^^^^^^^^^^^^^^^^^^^^^^^^^^^^^^^^^^^^^^^^^^^^^^^^^^^^^^^^^
  File "C:\Users\parke\OneDrive\Desktop\Haven_mdev\docs\guides\Haven-lore\keeper-bot\src\cogs\enhanced_discovery.py", line 314, in discovery_report
    await interaction.response.defer()
  File "C:\Users\parke\OneDrive\Desktop\Haven_mdev\docs\guides\Haven-lore\keeper-bot\.venv\Lib\site-packages\discord\interactions.py", line 858, in defer
    response = await adapter.create_interaction_response(
               ^^^^^^^^^^^^^^^^^^^^^^^^^^^^^^^^^^^^^^^^^^
    ...<6 lines>...
    )
    ^
  File "C:\Users\parke\OneDrive\Desktop\Haven_mdev\docs\guides\Haven-lore\keeper-bot\.venv\Lib\site-packages\discord\webhook\async_.py", line 224, in request
    raise NotFound(response, data)
discord.errors.NotFound: 404 Not Found (error code: 10062): Unknown interaction

The above exception was the direct cause of the following exception:

Traceback (most recent call last):
  File "C:\Users\parke\OneDrive\Desktop\Haven_mdev\docs\guides\Haven-lore\keeper-bot\.venv\Lib\site-packages\discord\app_commands\tree.py", line 1297, in _call
    await command._invoke_with_namespace(interaction, namespace)
  File "C:\Users\parke\OneDrive\Desktop\Haven_mdev\docs\guides\Haven-lore\keeper-bot\.venv\Lib\site-packages\discord\app_commands\commands.py", line 884, in _invoke_with_namespace
    return await self._do_call(interaction, transformed_values)
           ^^^^^^^^^^^^^^^^^^^^^^^^^^^^^^^^^^^^^^^^^^^^^^^^^^^^
  File "C:\Users\parke\OneDrive\Desktop\Haven_mdev\docs\guides\Haven-lore\keeper-bot\.venv\Lib\site-packages\discord\app_commands\commands.py", line 877, in _do_call
    raise CommandInvokeError(self, e) from e
discord.app_commands.errors.CommandInvokeError: Command 'discovery-report' raised an exception: NotFound: 404 Not Found (error code: 10062): Unknown interaction
2025-11-07 22:47:23,983 - discord.app_commands.tree - ERROR - Ignoring exception in command 'discovery-report'
Traceback (most recent call last):
  File "C:\Users\parke\OneDrive\Desktop\Haven_mdev\docs\guides\Haven-lore\keeper-bot\.venv\Lib\site-packages\discord\app_commands\commands.py", line 858, in _do_call
    return await self._callback(self.binding, interaction, **params)  # type: ignore
           ^^^^^^^^^^^^^^^^^^^^^^^^^^^^^^^^^^^^^^^^^^^^^^^^^^^^^^^^^
  File "C:\Users\parke\OneDrive\Desktop\Haven_mdev\docs\guides\Haven-lore\keeper-bot\src\cogs\enhanced_discovery.py", line 314, in discovery_report
    await interaction.response.defer()
  File "C:\Users\parke\OneDrive\Desktop\Haven_mdev\docs\guides\Haven-lore\keeper-bot\.venv\Lib\site-packages\discord\interactions.py", line 858, in defer
    response = await adapter.create_interaction_response(
               ^^^^^^^^^^^^^^^^^^^^^^^^^^^^^^^^^^^^^^^^^^
    ...<6 lines>...
    )
    ^
  File "C:\Users\parke\OneDrive\Desktop\Haven_mdev\docs\guides\Haven-lore\keeper-bot\.venv\Lib\site-packages\discord\webhook\async_.py", line 224, in request
    raise NotFound(response, data)
discord.errors.NotFound: 404 Not Found (error code: 10062): Unknown interaction

The above exception was the direct cause of the following exception:

Traceback (most recent call last):
  File "C:\Users\parke\OneDrive\Desktop\Haven_mdev\docs\guides\Haven-lore\keeper-bot\.venv\Lib\site-packages\discord\app_commands\tree.py", line 1297, in _call
    await command._invoke_with_namespace(interaction, namespace)
  File "C:\Users\parke\OneDrive\Desktop\Haven_mdev\docs\guides\Haven-lore\keeper-bot\.venv\Lib\site-packages\discord\app_commands\commands.py", line 884, in _invoke_with_namespace
    return await self._do_call(interaction, transformed_values)
           ^^^^^^^^^^^^^^^^^^^^^^^^^^^^^^^^^^^^^^^^^^^^^^^^^^^^
  File "C:\Users\parke\OneDrive\Desktop\Haven_mdev\docs\guides\Haven-lore\keeper-bot\.venv\Lib\site-packages\discord\app_commands\commands.py", line 877, in _do_call
    raise CommandInvokeError(self, e) from e
discord.app_commands.errors.CommandInvokeError: Command 'discovery-report' raised an exception: NotFound: 404 Not Found (error code: 10062): Unknown interaction
2025-11-07 22:48:00,455 - keeper.database - INFO - üìù Discovery 3 added to archive
2025-11-07 22:48:00,626 - keeper.enhanced_discovery - WARNING - No archive channel configured for guild 1423941004230135851
2025-11-07 22:48:00,628 - keeper.pattern_recognition - INFO - Discovery 3: Not enough similar discoveries for pattern (0)
2025-11-07 22:48:00,628 - keeper.enhanced_discovery - INFO - Haven-integrated discovery 3 processed for user nuefang_91360
2025-11-07 22:48:19,586 - discord.app_commands.tree - ERROR - Ignoring exception in command 'discovery-report'
Traceback (most recent call last):
  File "C:\Users\parke\OneDrive\Desktop\Haven_mdev\docs\guides\Haven-lore\keeper-bot\.venv\Lib\site-packages\discord\app_commands\commands.py", line 858, in _do_call
    return await self._callback(self.binding, interaction, **params)  # type: ignore
           ^^^^^^^^^^^^^^^^^^^^^^^^^^^^^^^^^^^^^^^^^^^^^^^^^^^^^^^^^
  File "C:\Users\parke\OneDrive\Desktop\Haven_mdev\docs\guides\Haven-lore\keeper-bot\src\cogs\enhanced_discovery.py", line 314, in discovery_report
    await interaction.response.defer()
  File "C:\Users\parke\OneDrive\Desktop\Haven_mdev\docs\guides\Haven-lore\keeper-bot\.venv\Lib\site-packages\discord\interactions.py", line 858, in defer
    response = await adapter.create_interaction_response(
               ^^^^^^^^^^^^^^^^^^^^^^^^^^^^^^^^^^^^^^^^^^
    ...<6 lines>...
    )
    ^
  File "C:\Users\parke\OneDrive\Desktop\Haven_mdev\docs\guides\Haven-lore\keeper-bot\.venv\Lib\site-packages\discord\webhook\async_.py", line 224, in request
    raise NotFound(response, data)
discord.errors.NotFound: 404 Not Found (error code: 10062): Unknown interaction

The above exception was the direct cause of the following exception:

Traceback (most recent call last):
  File "C:\Users\parke\OneDrive\Desktop\Haven_mdev\docs\guides\Haven-lore\keeper-bot\.venv\Lib\site-packages\discord\app_commands\tree.py", line 1297, in _call
    await command._invoke_with_namespace(interaction, namespace)
  File "C:\Users\parke\OneDrive\Desktop\Haven_mdev\docs\guides\Haven-lore\keeper-bot\.venv\Lib\site-packages\discord\app_commands\commands.py", line 884, in _invoke_with_namespace
    return await self._do_call(interaction, transformed_values)
           ^^^^^^^^^^^^^^^^^^^^^^^^^^^^^^^^^^^^^^^^^^^^^^^^^^^^
  File "C:\Users\parke\OneDrive\Desktop\Haven_mdev\docs\guides\Haven-lore\keeper-bot\.venv\Lib\site-packages\discord\app_commands\commands.py", line 877, in _do_call
    raise CommandInvokeError(self, e) from e
discord.app_commands.errors.CommandInvokeError: Command 'discovery-report' raised an exception: NotFound: 404 Not Found (error code: 10062): Unknown interaction
2025-11-07 22:48:19,720 - keeper.database - INFO - üìù Discovery 4 added to archive
2025-11-07 22:48:20,452 - keeper.enhanced_discovery - WARNING - No archive channel configured for guild 1423941004230135851
2025-11-07 22:48:20,453 - keeper.pattern_recognition - INFO - Discovery 4: Not enough similar discoveries for pattern (0)
2025-11-07 22:48:20,454 - keeper.enhanced_discovery - INFO - Haven-integrated discovery 4 processed for user _parker1920
2025-11-07 22:50:38,206 - keeper.database - INFO - üìù Discovery 5 added to archive
2025-11-07 22:50:38,447 - keeper.enhanced_discovery - WARNING - No archive channel configured for guild 1423941004230135851
2025-11-07 22:50:38,448 - keeper.pattern_recognition - INFO - Discovery 5: Not enough similar discoveries for pattern (0)
2025-11-07 22:50:38,448 - keeper.enhanced_discovery - INFO - Haven-integrated discovery 5 processed for user _parker1920
2025-11-07 22:53:19,671 - discord.app_commands.tree - ERROR - Ignoring exception in command 'discovery-report'
Traceback (most recent call last):
  File "C:\Users\parke\OneDrive\Desktop\Haven_mdev\docs\guides\Haven-lore\keeper-bot\.venv\Lib\site-packages\discord\app_commands\commands.py", line 858, in _do_call
    return await self._callback(self.binding, interaction, **params)  # type: ignore
           ^^^^^^^^^^^^^^^^^^^^^^^^^^^^^^^^^^^^^^^^^^^^^^^^^^^^^^^^^
  File "C:\Users\parke\OneDrive\Desktop\Haven_mdev\docs\guides\Haven-lore\keeper-bot\src\cogs\enhanced_discovery.py", line 314, in discovery_report
    await interaction.response.defer()
  File "C:\Users\parke\OneDrive\Desktop\Haven_mdev\docs\guides\Haven-lore\keeper-bot\.venv\Lib\site-packages\discord\interactions.py", line 858, in defer
    response = await adapter.create_interaction_response(
               ^^^^^^^^^^^^^^^^^^^^^^^^^^^^^^^^^^^^^^^^^^
    ...<6 lines>...
    )
    ^
  File "C:\Users\parke\OneDrive\Desktop\Haven_mdev\docs\guides\Haven-lore\keeper-bot\.venv\Lib\site-packages\discord\webhook\async_.py", line 224, in request
    raise NotFound(response, data)
discord.errors.NotFound: 404 Not Found (error code: 10062): Unknown interaction

The above exception was the direct cause of the following exception:

Traceback (most recent call last):
  File "C:\Users\parke\OneDrive\Desktop\Haven_mdev\docs\guides\Haven-lore\keeper-bot\.venv\Lib\site-packages\discord\app_commands\tree.py", line 1297, in _call
    await command._invoke_with_namespace(interaction, namespace)
  File "C:\Users\parke\OneDrive\Desktop\Haven_mdev\docs\guides\Haven-lore\keeper-bot\.venv\Lib\site-packages\discord\app_commands\commands.py", line 884, in _invoke_with_namespace
    return await self._do_call(interaction, transformed_values)
           ^^^^^^^^^^^^^^^^^^^^^^^^^^^^^^^^^^^^^^^^^^^^^^^^^^^^
  File "C:\Users\parke\OneDrive\Desktop\Haven_mdev\docs\guides\Haven-lore\keeper-bot\.venv\Lib\site-packages\discord\app_commands\commands.py", line 877, in _do_call
    raise CommandInvokeError(self, e) from e
discord.app_commands.errors.CommandInvokeError: Command 'discovery-report' raised an exception: NotFound: 404 Not Found (error code: 10062): Unknown interaction
2025-11-07 22:53:51,804 - keeper.database - INFO - üìù Discovery 6 added to archive
2025-11-07 22:53:52,146 - keeper.enhanced_discovery - WARNING - No archive channel configured for guild 1423941004230135851
2025-11-07 22:53:52,147 - keeper.pattern_recognition - INFO - Discovery 6: Not enough similar discoveries for pattern (0)
2025-11-07 22:53:52,148 - keeper.enhanced_discovery - INFO - Haven-integrated discovery 6 processed for user _parker1920
2025-11-07 22:55:51,171 - keeper.database - INFO - üìù Discovery 7 added to archive
2025-11-07 22:55:51,361 - keeper.enhanced_discovery - WARNING - No archive channel configured for guild 1423941004230135851
2025-11-07 22:55:51,362 - keeper.pattern_recognition - INFO - Discovery 7: Not enough similar discoveries for pattern (0)
2025-11-07 22:55:51,362 - keeper.enhanced_discovery - INFO - Haven-integrated discovery 7 processed for user _parker1920
2025-11-07 22:56:19,094 - keeper.pattern_recognition - INFO - Discovery 1: Not enough similar discoveries for pattern (0)
2025-11-07 23:06:17,537 - keeper.haven_integration - INFO - Backup created: ./data/keeper_discoveries_backup_20251107_230617.json
2025-11-07 23:07:23,160 - keeper.database - INFO - üìù Discovery 8 added to archive
2025-11-07 23:07:23,342 - keeper.enhanced_discovery - WARNING - No archive channel configured for guild 1423941004230135851
2025-11-07 23:07:23,343 - keeper.pattern_recognition - INFO - Discovery 8: Not enough similar discoveries for pattern (0)
2025-11-07 23:07:23,343 - keeper.enhanced_discovery - INFO - Haven-integrated discovery 8 processed for user _parker1920
2025-11-07 23:10:49,557 - keeper.pattern_recognition - INFO - Discovery 4: Not enough similar discoveries for pattern (0)
2025-11-07 23:10:57,598 - keeper.community - ERROR - Error getting tier data: object int can't be used in 'await' expression
2025-11-07 23:19:08,611 - keeper.database - INFO - üìù Discovery 9 added to archive
2025-11-07 23:19:08,904 - keeper.enhanced_discovery - WARNING - No archive channel configured for guild 1423941004230135851
2025-11-07 23:19:08,906 - keeper.pattern_recognition - INFO - Discovery 9: Not enough similar discoveries for pattern (0)
2025-11-07 23:19:08,906 - keeper.enhanced_discovery - INFO - Haven-integrated discovery 9 processed for user _parker1920
2025-11-07 23:20:43,161 - keeper.database - INFO - üìù Discovery 10 added to archive
2025-11-07 23:20:43,446 - keeper.enhanced_discovery - WARNING - No archive channel configured for guild 1423941004230135851
2025-11-07 23:20:43,448 - keeper.pattern_recognition - INFO - Discovery 10: Not enough similar discoveries for pattern (0)
2025-11-07 23:20:43,448 - keeper.enhanced_discovery - INFO - Haven-integrated discovery 10 processed for user _parker1920
2025-11-07 23:21:14,816 - keeper.database - INFO - üìù Discovery 11 added to archive
2025-11-07 23:21:15,720 - keeper.enhanced_discovery - WARNING - No archive channel configured for guild 1423941004230135851
2025-11-07 23:21:15,721 - keeper.pattern_recognition - INFO - Discovery 11: Not enough similar discoveries for pattern (0)
2025-11-07 23:21:15,721 - keeper.enhanced_discovery - INFO - Haven-integrated discovery 11 processed for user _parker1920
2025-11-07 23:21:42,069 - keeper.haven_integration - INFO - Backup created: ./data/keeper_discoveries_backup_20251107_232142.json
2025-11-07 23:21:58,214 - keeper.pattern_recognition - INFO - Discovery 11: Not enough similar discoveries for pattern (0)
2025-11-07 23:22:27,045 - keeper.database - INFO - üìù Discovery 12 added to archive
2025-11-07 23:22:27,340 - keeper.enhanced_discovery - WARNING - No archive channel configured for guild 1423941004230135851
2025-11-07 23:22:27,342 - keeper.pattern_recognition - INFO - Discovery 12: Not enough similar discoveries for pattern (0)
2025-11-07 23:22:27,342 - keeper.enhanced_discovery - INFO - Haven-integrated discovery 12 processed for user _parker1920
2025-11-07 23:22:43,826 - keeper.haven_integration - INFO - Backup created: ./data/keeper_discoveries_backup_20251107_232243.json
2025-11-07 23:31:09,407 - keeper - INFO - üåô The Keeper enters dormancy...
2025-11-07 23:31:09,453 - keeper.database - INFO - üóÉÔ∏è Keeper Database connection closed
2025-11-07 23:32:42,457 - discord.client - WARNING - PyNaCl is not installed, voice will NOT be supported
2025-11-07 23:32:42,458 - discord.client - INFO - logging in using static token
2025-11-07 23:32:42,926 - keeper - INFO - üåå The Keeper awakens...
2025-11-07 23:32:42,931 - keeper.database - INFO - üìä Database tables created/verified (Phase 4 Community Features included)
2025-11-07 23:32:42,932 - keeper.database - INFO - üóÉÔ∏è Keeper Database initialized
2025-11-07 23:32:42,934 - keeper.haven_integration - INFO - Found Haven data from HAVEN_DATA_PATH: C:\Users\parke\OneDrive\Desktop\Haven_mdev\data\keeper_test_data.json
2025-11-07 23:32:42,934 - keeper - INFO - ‚úÖ Loaded cogs.enhanced_discovery
2025-11-07 23:32:42,935 - keeper.haven_integration - INFO - Found Haven data from HAVEN_DATA_PATH: C:\Users\parke\OneDrive\Desktop\Haven_mdev\data\keeper_test_data.json
2025-11-07 23:32:42,936 - keeper - INFO - ‚úÖ Loaded cogs.pattern_recognition
2025-11-07 23:32:42,937 - keeper.haven_integration - INFO - Found Haven data from HAVEN_DATA_PATH: C:\Users\parke\OneDrive\Desktop\Haven_mdev\data\keeper_test_data.json
2025-11-07 23:32:42,937 - keeper.archive - INFO - Archive System Phase 3 loaded
2025-11-07 23:32:42,937 - keeper - INFO - ‚úÖ Loaded cogs.archive_system
2025-11-07 23:32:42,939 - keeper.haven_integration - INFO - Found Haven data from HAVEN_DATA_PATH: C:\Users\parke\OneDrive\Desktop\Haven_mdev\data\keeper_test_data.json
2025-11-07 23:32:42,939 - keeper.admin - INFO - Admin Tools Phase 3 loaded
2025-11-07 23:32:42,940 - keeper - INFO - ‚úÖ Loaded cogs.admin_tools
2025-11-07 23:32:42,954 - keeper.haven_integration - INFO - Found Haven data from HAVEN_DATA_PATH: C:\Users\parke\OneDrive\Desktop\Haven_mdev\data\keeper_test_data.json
2025-11-07 23:32:42,955 - keeper.community - INFO - Community Features Phase 4 loaded
2025-11-07 23:32:42,955 - keeper - INFO - ‚úÖ Loaded cogs.community_features
2025-11-07 23:32:42,956 - keeper - INFO - üì¶ Loaded 5/5 cogs
2025-11-07 23:32:42,956 - keeper - INFO - üéØ Found 14 slash commands to sync
2025-11-07 23:32:42,956 - keeper - INFO - üìã Copying commands to guild tree...
2025-11-07 23:32:42,958 - keeper.haven_integration - INFO - Loaded 11 Haven systems
2025-11-07 23:32:42,958 - keeper.enhanced_discovery - INFO - ‚úÖ Haven integration initialized
2025-11-07 23:32:42,959 - keeper.haven_integration - INFO - Loaded 11 Haven systems
2025-11-07 23:32:42,959 - keeper.community - INFO - Created new community challenge
2025-11-07 23:32:43,092 - keeper - INFO - ‚úÖ Synced 14 commands to guild 1423941004230135851
2025-11-07 23:32:43,447 - discord.gateway - INFO - Shard ID None has connected to Gateway (Session ID: 9d6d461267b6271ee25ef2eed237561b).
2025-11-07 23:32:45,461 - keeper - INFO - üîÆ The Keeper is online as The Keeper#8095
2025-11-07 23:32:45,462 - keeper - INFO - üìä Connected to 1 guild(s)
2025-11-07 23:34:01,263 - discord.app_commands.tree - ERROR - Ignoring exception in command 'pattern-analysis'
Traceback (most recent call last):
  File "C:\Users\parke\OneDrive\Desktop\Haven_mdev\docs\guides\Haven-lore\keeper-bot\.venv\Lib\site-packages\discord\app_commands\commands.py", line 858, in _do_call
    return await self._callback(self.binding, interaction, **params)  # type: ignore
           ^^^^^^^^^^^^^^^^^^^^^^^^^^^^^^^^^^^^^^^^^^^^^^^^^^^^^^^^^
  File "C:\Users\parke\OneDrive\Desktop\Haven_mdev\docs\guides\Haven-lore\keeper-bot\src\cogs\pattern_recognition.py", line 473, in manual_pattern_analysis
    await interaction.response.defer()
  File "C:\Users\parke\OneDrive\Desktop\Haven_mdev\docs\guides\Haven-lore\keeper-bot\.venv\Lib\site-packages\discord\interactions.py", line 858, in defer
    response = await adapter.create_interaction_response(
               ^^^^^^^^^^^^^^^^^^^^^^^^^^^^^^^^^^^^^^^^^^
    ...<6 lines>...
    )
    ^
  File "C:\Users\parke\OneDrive\Desktop\Haven_mdev\docs\guides\Haven-lore\keeper-bot\.venv\Lib\site-packages\discord\webhook\async_.py", line 224, in request
    raise NotFound(response, data)
discord.errors.NotFound: 404 Not Found (error code: 10062): Unknown interaction

The above exception was the direct cause of the following exception:

Traceback (most recent call last):
  File "C:\Users\parke\OneDrive\Desktop\Haven_mdev\docs\guides\Haven-lore\keeper-bot\.venv\Lib\site-packages\discord\app_commands\tree.py", line 1297, in _call
    await command._invoke_with_namespace(interaction, namespace)
  File "C:\Users\parke\OneDrive\Desktop\Haven_mdev\docs\guides\Haven-lore\keeper-bot\.venv\Lib\site-packages\discord\app_commands\commands.py", line 884, in _invoke_with_namespace
    return await self._do_call(interaction, transformed_values)
           ^^^^^^^^^^^^^^^^^^^^^^^^^^^^^^^^^^^^^^^^^^^^^^^^^^^^
  File "C:\Users\parke\OneDrive\Desktop\Haven_mdev\docs\guides\Haven-lore\keeper-bot\.venv\Lib\site-packages\discord\app_commands\commands.py", line 877, in _do_call
    raise CommandInvokeError(self, e) from e
discord.app_commands.errors.CommandInvokeError: Command 'pattern-analysis' raised an exception: NotFound: 404 Not Found (error code: 10062): Unknown interaction
2025-11-07 23:34:01,349 - keeper.pattern_recognition - ERROR - Error in pattern analysis for discovery 5: tuple index out of range
2025-11-07 23:34:09,154 - discord.app_commands.tree - ERROR - Ignoring exception in command 'discovery-report'
Traceback (most recent call last):
  File "C:\Users\parke\OneDrive\Desktop\Haven_mdev\docs\guides\Haven-lore\keeper-bot\.venv\Lib\site-packages\discord\app_commands\commands.py", line 858, in _do_call
    return await self._callback(self.binding, interaction, **params)  # type: ignore
           ^^^^^^^^^^^^^^^^^^^^^^^^^^^^^^^^^^^^^^^^^^^^^^^^^^^^^^^^^
  File "C:\Users\parke\OneDrive\Desktop\Haven_mdev\docs\guides\Haven-lore\keeper-bot\src\cogs\enhanced_discovery.py", line 314, in discovery_report
    await interaction.response.defer()
  File "C:\Users\parke\OneDrive\Desktop\Haven_mdev\docs\guides\Haven-lore\keeper-bot\.venv\Lib\site-packages\discord\interactions.py", line 858, in defer
    response = await adapter.create_interaction_response(
               ^^^^^^^^^^^^^^^^^^^^^^^^^^^^^^^^^^^^^^^^^^
    ...<6 lines>...
    )
    ^
  File "C:\Users\parke\OneDrive\Desktop\Haven_mdev\docs\guides\Haven-lore\keeper-bot\.venv\Lib\site-packages\discord\webhook\async_.py", line 224, in request
    raise NotFound(response, data)
discord.errors.NotFound: 404 Not Found (error code: 10062): Unknown interaction

The above exception was the direct cause of the following exception:

Traceback (most recent call last):
  File "C:\Users\parke\OneDrive\Desktop\Haven_mdev\docs\guides\Haven-lore\keeper-bot\.venv\Lib\site-packages\discord\app_commands\tree.py", line 1297, in _call
    await command._invoke_with_namespace(interaction, namespace)
  File "C:\Users\parke\OneDrive\Desktop\Haven_mdev\docs\guides\Haven-lore\keeper-bot\.venv\Lib\site-packages\discord\app_commands\commands.py", line 884, in _invoke_with_namespace
    return await self._do_call(interaction, transformed_values)
           ^^^^^^^^^^^^^^^^^^^^^^^^^^^^^^^^^^^^^^^^^^^^^^^^^^^^
  File "C:\Users\parke\OneDrive\Desktop\Haven_mdev\docs\guides\Haven-lore\keeper-bot\.venv\Lib\site-packages\discord\app_commands\commands.py", line 877, in _do_call
    raise CommandInvokeError(self, e) from e
discord.app_commands.errors.CommandInvokeError: Command 'discovery-report' raised an exception: NotFound: 404 Not Found (error code: 10062): Unknown interaction
2025-11-07 23:34:36,348 - keeper.database - INFO - üìù Discovery 13 added to archive
2025-11-07 23:34:36,581 - keeper.enhanced_discovery - WARNING - No archive channel configured for guild 1423941004230135851
2025-11-07 23:34:36,583 - keeper.pattern_recognition - INFO - Discovery 13: Not enough similar discoveries for pattern (0)
2025-11-07 23:34:36,583 - keeper.enhanced_discovery - INFO - Haven-integrated discovery 13 processed for user _parker1920
2025-11-07 23:35:18,363 - keeper - INFO - üåô The Keeper enters dormancy...
2025-11-07 23:35:18,364 - keeper.database - INFO - üóÉÔ∏è Keeper Database connection closed
2025-11-07 23:36:17,241 - keeper.pattern_recognition - INFO - Discovery 5: Not enough similar discoveries for pattern (0)
2025-11-07 23:37:53,371 - discord.client - WARNING - PyNaCl is not installed, voice will NOT be supported
2025-11-07 23:37:53,372 - discord.client - INFO - logging in using static token
2025-11-07 23:37:53,818 - keeper - INFO - üåå The Keeper awakens...
2025-11-07 23:37:53,822 - keeper.database - INFO - üìä Database tables created/verified (Phase 4 Community Features included)
2025-11-07 23:37:53,823 - keeper.database - INFO - üóÉÔ∏è Keeper Database initialized
2025-11-07 23:37:53,824 - keeper.haven_integration - INFO - Found Haven data from HAVEN_DATA_PATH: C:\Users\parke\OneDrive\Desktop\Haven_mdev\data\keeper_test_data.json
2025-11-07 23:37:53,824 - keeper - INFO - ‚úÖ Loaded cogs.enhanced_discovery
2025-11-07 23:37:53,825 - keeper.haven_integration - INFO - Found Haven data from HAVEN_DATA_PATH: C:\Users\parke\OneDrive\Desktop\Haven_mdev\data\keeper_test_data.json
2025-11-07 23:37:53,826 - keeper - INFO - ‚úÖ Loaded cogs.pattern_recognition
2025-11-07 23:37:53,827 - keeper.haven_integration - INFO - Found Haven data from HAVEN_DATA_PATH: C:\Users\parke\OneDrive\Desktop\Haven_mdev\data\keeper_test_data.json
2025-11-07 23:37:53,827 - keeper.archive - INFO - Archive System Phase 3 loaded
2025-11-07 23:37:53,827 - keeper - INFO - ‚úÖ Loaded cogs.archive_system
2025-11-07 23:37:53,829 - keeper.haven_integration - INFO - Found Haven data from HAVEN_DATA_PATH: C:\Users\parke\OneDrive\Desktop\Haven_mdev\data\keeper_test_data.json
2025-11-07 23:37:53,829 - keeper.admin - INFO - Admin Tools Phase 3 loaded
2025-11-07 23:37:53,829 - keeper - INFO - ‚úÖ Loaded cogs.admin_tools
2025-11-07 23:37:53,833 - keeper.haven_integration - INFO - Found Haven data from HAVEN_DATA_PATH: C:\Users\parke\OneDrive\Desktop\Haven_mdev\data\keeper_test_data.json
2025-11-07 23:37:53,833 - keeper.community - INFO - Community Features Phase 4 loaded
2025-11-07 23:37:53,833 - keeper - INFO - ‚úÖ Loaded cogs.community_features
2025-11-07 23:37:53,834 - keeper - INFO - üì¶ Loaded 5/5 cogs
2025-11-07 23:37:53,834 - keeper - INFO - üéØ Found 14 slash commands to sync
2025-11-07 23:37:53,835 - keeper - INFO - üìã Copying commands to guild tree...
2025-11-07 23:37:53,837 - keeper.haven_integration - INFO - Loaded 11 Haven systems
2025-11-07 23:37:53,837 - keeper.enhanced_discovery - INFO - ‚úÖ Haven integration initialized
2025-11-07 23:37:53,838 - keeper.haven_integration - INFO - Loaded 11 Haven systems
2025-11-07 23:37:53,838 - keeper.community - INFO - Created new community challenge
2025-11-07 23:37:53,977 - keeper - INFO - ‚úÖ Synced 14 commands to guild 1423941004230135851
2025-11-07 23:37:54,490 - discord.gateway - INFO - Shard ID None has connected to Gateway (Session ID: c77107a5c4dc79ab9a29cebf9bd967ce).
2025-11-07 23:37:56,495 - keeper - INFO - üîÆ The Keeper is online as The Keeper#8095
2025-11-07 23:37:56,496 - keeper - INFO - üìä Connected to 1 guild(s)
2025-11-07 23:38:31,737 - discord.app_commands.tree - ERROR - Ignoring exception in command 'pattern-analysis'
Traceback (most recent call last):
  File "C:\Users\parke\OneDrive\Desktop\Haven_mdev\docs\guides\Haven-lore\keeper-bot\.venv\Lib\site-packages\discord\app_commands\commands.py", line 858, in _do_call
    return await self._callback(self.binding, interaction, **params)  # type: ignore
           ^^^^^^^^^^^^^^^^^^^^^^^^^^^^^^^^^^^^^^^^^^^^^^^^^^^^^^^^^
  File "C:\Users\parke\OneDrive\Desktop\Haven_mdev\docs\guides\Haven-lore\keeper-bot\src\cogs\pattern_recognition.py", line 473, in manual_pattern_analysis
    await interaction.response.defer()
  File "C:\Users\parke\OneDrive\Desktop\Haven_mdev\docs\guides\Haven-lore\keeper-bot\.venv\Lib\site-packages\discord\interactions.py", line 858, in defer
    response = await adapter.create_interaction_response(
               ^^^^^^^^^^^^^^^^^^^^^^^^^^^^^^^^^^^^^^^^^^
    ...<6 lines>...
    )
    ^
  File "C:\Users\parke\OneDrive\Desktop\Haven_mdev\docs\guides\Haven-lore\keeper-bot\.venv\Lib\site-packages\discord\webhook\async_.py", line 224, in request
    raise NotFound(response, data)
discord.errors.NotFound: 404 Not Found (error code: 10062): Unknown interaction

The above exception was the direct cause of the following exception:

Traceback (most recent call last):
  File "C:\Users\parke\OneDrive\Desktop\Haven_mdev\docs\guides\Haven-lore\keeper-bot\.venv\Lib\site-packages\discord\app_commands\tree.py", line 1297, in _call
    await command._invoke_with_namespace(interaction, namespace)
  File "C:\Users\parke\OneDrive\Desktop\Haven_mdev\docs\guides\Haven-lore\keeper-bot\.venv\Lib\site-packages\discord\app_commands\commands.py", line 884, in _invoke_with_namespace
    return await self._do_call(interaction, transformed_values)
           ^^^^^^^^^^^^^^^^^^^^^^^^^^^^^^^^^^^^^^^^^^^^^^^^^^^^
  File "C:\Users\parke\OneDrive\Desktop\Haven_mdev\docs\guides\Haven-lore\keeper-bot\.venv\Lib\site-packages\discord\app_commands\commands.py", line 877, in _do_call
    raise CommandInvokeError(self, e) from e
discord.app_commands.errors.CommandInvokeError: Command 'pattern-analysis' raised an exception: NotFound: 404 Not Found (error code: 10062): Unknown interaction
2025-11-07 23:38:31,891 - keeper.pattern_recognition - INFO - Discovery 6: Not enough similar discoveries for pattern (0)
2025-11-07 23:38:55,779 - discord.app_commands.tree - ERROR - Ignoring exception in command 'pattern-analysis'
Traceback (most recent call last):
  File "C:\Users\parke\OneDrive\Desktop\Haven_mdev\docs\guides\Haven-lore\keeper-bot\.venv\Lib\site-packages\discord\app_commands\commands.py", line 858, in _do_call
    return await self._callback(self.binding, interaction, **params)  # type: ignore
           ^^^^^^^^^^^^^^^^^^^^^^^^^^^^^^^^^^^^^^^^^^^^^^^^^^^^^^^^^
  File "C:\Users\parke\OneDrive\Desktop\Haven_mdev\docs\guides\Haven-lore\keeper-bot\src\cogs\pattern_recognition.py", line 473, in manual_pattern_analysis
    await interaction.response.defer()
  File "C:\Users\parke\OneDrive\Desktop\Haven_mdev\docs\guides\Haven-lore\keeper-bot\.venv\Lib\site-packages\discord\interactions.py", line 858, in defer
    response = await adapter.create_interaction_response(
               ^^^^^^^^^^^^^^^^^^^^^^^^^^^^^^^^^^^^^^^^^^
    ...<6 lines>...
    )
    ^
  File "C:\Users\parke\OneDrive\Desktop\Haven_mdev\docs\guides\Haven-lore\keeper-bot\.venv\Lib\site-packages\discord\webhook\async_.py", line 224, in request
    raise NotFound(response, data)
discord.errors.NotFound: 404 Not Found (error code: 10062): Unknown interaction

The above exception was the direct cause of the following exception:

Traceback (most recent call last):
  File "C:\Users\parke\OneDrive\Desktop\Haven_mdev\docs\guides\Haven-lore\keeper-bot\.venv\Lib\site-packages\discord\app_commands\tree.py", line 1297, in _call
    await command._invoke_with_namespace(interaction, namespace)
  File "C:\Users\parke\OneDrive\Desktop\Haven_mdev\docs\guides\Haven-lore\keeper-bot\.venv\Lib\site-packages\discord\app_commands\commands.py", line 884, in _invoke_with_namespace
    return await self._do_call(interaction, transformed_values)
           ^^^^^^^^^^^^^^^^^^^^^^^^^^^^^^^^^^^^^^^^^^^^^^^^^^^^
  File "C:\Users\parke\OneDrive\Desktop\Haven_mdev\docs\guides\Haven-lore\keeper-bot\.venv\Lib\site-packages\discord\app_commands\commands.py", line 877, in _do_call
    raise CommandInvokeError(self, e) from e
discord.app_commands.errors.CommandInvokeError: Command 'pattern-analysis' raised an exception: NotFound: 404 Not Found (error code: 10062): Unknown interaction
2025-11-07 23:38:55,905 - keeper.pattern_recognition - ERROR - Error in pattern analysis for discovery 12: 'NoneType' object has no attribute 'split'
2025-11-07 23:39:17,512 - keeper - INFO - üåô The Keeper enters dormancy...
2025-11-07 23:39:17,513 - keeper.database - INFO - üóÉÔ∏è Keeper Database connection closed
2025-11-07 23:48:52,503 - discord.client - WARNING - PyNaCl is not installed, voice will NOT be supported
2025-11-07 23:48:52,503 - discord.client - INFO - logging in using static token
2025-11-07 23:48:53,058 - keeper - INFO - üåå The Keeper awakens...
2025-11-07 23:48:53,062 - keeper.database - INFO - üìä Database tables created/verified (Phase 4 Community Features included)
2025-11-07 23:48:53,063 - keeper.database - INFO - üóÉÔ∏è Keeper Database initialized
2025-11-07 23:48:53,064 - keeper.haven_integration - INFO - Found Haven data from HAVEN_DATA_PATH: C:\Users\parke\OneDrive\Desktop\Haven_mdev\data\keeper_test_data.json
2025-11-07 23:48:53,064 - keeper - INFO - ‚úÖ Loaded cogs.enhanced_discovery
2025-11-07 23:48:53,066 - keeper.haven_integration - INFO - Found Haven data from HAVEN_DATA_PATH: C:\Users\parke\OneDrive\Desktop\Haven_mdev\data\keeper_test_data.json
2025-11-07 23:48:53,066 - keeper - INFO - ‚úÖ Loaded cogs.pattern_recognition
2025-11-07 23:48:53,067 - keeper.haven_integration - INFO - Found Haven data from HAVEN_DATA_PATH: C:\Users\parke\OneDrive\Desktop\Haven_mdev\data\keeper_test_data.json
2025-11-07 23:48:53,068 - keeper.archive - INFO - Archive System Phase 3 loaded
2025-11-07 23:48:53,068 - keeper - INFO - ‚úÖ Loaded cogs.archive_system
2025-11-07 23:48:53,069 - keeper.haven_integration - INFO - Found Haven data from HAVEN_DATA_PATH: C:\Users\parke\OneDrive\Desktop\Haven_mdev\data\keeper_test_data.json
2025-11-07 23:48:53,070 - keeper.admin - INFO - Admin Tools Phase 3 loaded
2025-11-07 23:48:53,070 - keeper - INFO - ‚úÖ Loaded cogs.admin_tools
2025-11-07 23:48:53,073 - keeper.haven_integration - INFO - Found Haven data from HAVEN_DATA_PATH: C:\Users\parke\OneDrive\Desktop\Haven_mdev\data\keeper_test_data.json
2025-11-07 23:48:53,074 - keeper.community - INFO - Community Features Phase 4 loaded
2025-11-07 23:48:53,074 - keeper - INFO - ‚úÖ Loaded cogs.community_features
2025-11-07 23:48:53,074 - keeper - INFO - üì¶ Loaded 5/5 cogs
2025-11-07 23:48:53,075 - keeper - INFO - üéØ Found 14 slash commands to sync
2025-11-07 23:48:53,075 - keeper - INFO - üìã Copying commands to guild tree...
2025-11-07 23:48:53,076 - keeper.haven_integration - INFO - Loaded 11 Haven systems
2025-11-07 23:48:53,076 - keeper.enhanced_discovery - INFO - ‚úÖ Haven integration initialized
2025-11-07 23:48:53,077 - keeper.haven_integration - INFO - Loaded 11 Haven systems
2025-11-07 23:48:53,077 - keeper.community - INFO - Created new community challenge
2025-11-07 23:48:53,191 - keeper - INFO - ‚úÖ Synced 14 commands to guild 1423941004230135851
2025-11-07 23:48:53,658 - discord.gateway - INFO - Shard ID None has connected to Gateway (Session ID: e7ae80d16e62f8c8fb8e40cbb64a3099).
2025-11-07 23:48:55,678 - keeper - INFO - üîÆ The Keeper is online as The Keeper#8095
2025-11-07 23:48:55,678 - keeper - INFO - üìä Connected to 1 guild(s)
2025-11-07 23:49:37,060 - discord.app_commands.tree - ERROR - Ignoring exception in command 'pattern-analysis'
Traceback (most recent call last):
  File "C:\Users\parke\OneDrive\Desktop\Haven_mdev\docs\guides\Haven-lore\keeper-bot\.venv\Lib\site-packages\discord\app_commands\commands.py", line 858, in _do_call
    return await self._callback(self.binding, interaction, **params)  # type: ignore
           ^^^^^^^^^^^^^^^^^^^^^^^^^^^^^^^^^^^^^^^^^^^^^^^^^^^^^^^^^
  File "C:\Users\parke\OneDrive\Desktop\Haven_mdev\docs\guides\Haven-lore\keeper-bot\src\cogs\pattern_recognition.py", line 474, in manual_pattern_analysis
    await interaction.response.defer()
  File "C:\Users\parke\OneDrive\Desktop\Haven_mdev\docs\guides\Haven-lore\keeper-bot\.venv\Lib\site-packages\discord\interactions.py", line 858, in defer
    response = await adapter.create_interaction_response(
               ^^^^^^^^^^^^^^^^^^^^^^^^^^^^^^^^^^^^^^^^^^
    ...<6 lines>...
    )
    ^
  File "C:\Users\parke\OneDrive\Desktop\Haven_mdev\docs\guides\Haven-lore\keeper-bot\.venv\Lib\site-packages\discord\webhook\async_.py", line 224, in request
    raise NotFound(response, data)
discord.errors.NotFound: 404 Not Found (error code: 10062): Unknown interaction

The above exception was the direct cause of the following exception:

Traceback (most recent call last):
  File "C:\Users\parke\OneDrive\Desktop\Haven_mdev\docs\guides\Haven-lore\keeper-bot\.venv\Lib\site-packages\discord\app_commands\tree.py", line 1297, in _call
    await command._invoke_with_namespace(interaction, namespace)
  File "C:\Users\parke\OneDrive\Desktop\Haven_mdev\docs\guides\Haven-lore\keeper-bot\.venv\Lib\site-packages\discord\app_commands\commands.py", line 884, in _invoke_with_namespace
    return await self._do_call(interaction, transformed_values)
           ^^^^^^^^^^^^^^^^^^^^^^^^^^^^^^^^^^^^^^^^^^^^^^^^^^^^
  File "C:\Users\parke\OneDrive\Desktop\Haven_mdev\docs\guides\Haven-lore\keeper-bot\.venv\Lib\site-packages\discord\app_commands\commands.py", line 877, in _do_call
    raise CommandInvokeError(self, e) from e
discord.app_commands.errors.CommandInvokeError: Command 'pattern-analysis' raised an exception: NotFound: 404 Not Found (error code: 10062): Unknown interaction
2025-11-07 23:49:37,206 - keeper.pattern_recognition - INFO - Discovery 12: Not enough similar discoveries for pattern (0)
2025-11-07 23:50:11,993 - keeper - INFO - üåô The Keeper enters dormancy...
2025-11-07 23:50:11,994 - keeper.database - INFO - üóÉÔ∏è Keeper Database connection closed
2025-11-07 23:51:37,558 - discord.client - WARNING - PyNaCl is not installed, voice will NOT be supported
2025-11-07 23:51:37,559 - discord.client - INFO - logging in using static token
2025-11-07 23:51:38,175 - keeper - INFO - üåå The Keeper awakens...
2025-11-07 23:51:38,179 - keeper.database - INFO - üìä Database tables created/verified (Phase 4 Community Features included)
2025-11-07 23:51:38,179 - keeper.database - INFO - üóÉÔ∏è Keeper Database initialized
2025-11-07 23:51:38,181 - keeper.haven_integration - INFO - Found Haven data from HAVEN_DATA_PATH: C:\Users\parke\OneDrive\Desktop\Haven_mdev\data\keeper_test_data.json
2025-11-07 23:51:38,181 - keeper - INFO - ‚úÖ Loaded cogs.enhanced_discovery
2025-11-07 23:51:38,183 - keeper.haven_integration - INFO - Found Haven data from HAVEN_DATA_PATH: C:\Users\parke\OneDrive\Desktop\Haven_mdev\data\keeper_test_data.json
2025-11-07 23:51:38,183 - keeper - INFO - ‚úÖ Loaded cogs.pattern_recognition
2025-11-07 23:51:38,185 - keeper.haven_integration - INFO - Found Haven data from HAVEN_DATA_PATH: C:\Users\parke\OneDrive\Desktop\Haven_mdev\data\keeper_test_data.json
2025-11-07 23:51:38,185 - keeper.archive - INFO - Archive System Phase 3 loaded
2025-11-07 23:51:38,185 - keeper - INFO - ‚úÖ Loaded cogs.archive_system
2025-11-07 23:51:38,187 - keeper.haven_integration - INFO - Found Haven data from HAVEN_DATA_PATH: C:\Users\parke\OneDrive\Desktop\Haven_mdev\data\keeper_test_data.json
2025-11-07 23:51:38,187 - keeper.admin - INFO - Admin Tools Phase 3 loaded
2025-11-07 23:51:38,188 - keeper - INFO - ‚úÖ Loaded cogs.admin_tools
2025-11-07 23:51:38,191 - keeper.haven_integration - INFO - Found Haven data from HAVEN_DATA_PATH: C:\Users\parke\OneDrive\Desktop\Haven_mdev\data\keeper_test_data.json
2025-11-07 23:51:38,192 - keeper.community - INFO - Community Features Phase 4 loaded
2025-11-07 23:51:38,192 - keeper - INFO - ‚úÖ Loaded cogs.community_features
2025-11-07 23:51:38,192 - keeper - INFO - üì¶ Loaded 5/5 cogs
2025-11-07 23:51:38,192 - keeper - INFO - üéØ Found 14 slash commands to sync
2025-11-07 23:51:38,193 - keeper - INFO - üìã Copying commands to guild tree...
2025-11-07 23:51:38,194 - keeper.haven_integration - INFO - Loaded 11 Haven systems
2025-11-07 23:51:38,194 - keeper.enhanced_discovery - INFO - ‚úÖ Haven integration initialized
2025-11-07 23:51:38,195 - keeper.haven_integration - INFO - Loaded 11 Haven systems
2025-11-07 23:51:38,195 - keeper.community - INFO - Created new community challenge
2025-11-07 23:51:38,415 - keeper - INFO - ‚úÖ Synced 14 commands to guild 1423941004230135851
2025-11-07 23:51:38,797 - discord.gateway - INFO - Shard ID None has connected to Gateway (Session ID: 933d8a3807b962632dad4ed507ad13e5).
2025-11-07 23:51:40,812 - keeper - INFO - üîÆ The Keeper is online as The Keeper#8095
2025-11-07 23:51:40,813 - keeper - INFO - üìä Connected to 1 guild(s)
2025-11-07 23:52:11,603 - discord.app_commands.tree - ERROR - Ignoring exception in command 'pattern-analysis'
Traceback (most recent call last):
  File "C:\Users\parke\OneDrive\Desktop\Haven_mdev\docs\guides\Haven-lore\keeper-bot\.venv\Lib\site-packages\discord\app_commands\commands.py", line 858, in _do_call
    return await self._callback(self.binding, interaction, **params)  # type: ignore
           ^^^^^^^^^^^^^^^^^^^^^^^^^^^^^^^^^^^^^^^^^^^^^^^^^^^^^^^^^
  File "C:\Users\parke\OneDrive\Desktop\Haven_mdev\docs\guides\Haven-lore\keeper-bot\src\cogs\pattern_recognition.py", line 474, in manual_pattern_analysis
    await interaction.response.defer()
  File "C:\Users\parke\OneDrive\Desktop\Haven_mdev\docs\guides\Haven-lore\keeper-bot\.venv\Lib\site-packages\discord\interactions.py", line 858, in defer
    response = await adapter.create_interaction_response(
               ^^^^^^^^^^^^^^^^^^^^^^^^^^^^^^^^^^^^^^^^^^
    ...<6 lines>...
    )
    ^
  File "C:\Users\parke\OneDrive\Desktop\Haven_mdev\docs\guides\Haven-lore\keeper-bot\.venv\Lib\site-packages\discord\webhook\async_.py", line 224, in request
    raise NotFound(response, data)
discord.errors.NotFound: 404 Not Found (error code: 10062): Unknown interaction

The above exception was the direct cause of the following exception:

Traceback (most recent call last):
  File "C:\Users\parke\OneDrive\Desktop\Haven_mdev\docs\guides\Haven-lore\keeper-bot\.venv\Lib\site-packages\discord\app_commands\tree.py", line 1297, in _call
    await command._invoke_with_namespace(interaction, namespace)
  File "C:\Users\parke\OneDrive\Desktop\Haven_mdev\docs\guides\Haven-lore\keeper-bot\.venv\Lib\site-packages\discord\app_commands\commands.py", line 884, in _invoke_with_namespace
    return await self._do_call(interaction, transformed_values)
           ^^^^^^^^^^^^^^^^^^^^^^^^^^^^^^^^^^^^^^^^^^^^^^^^^^^^
  File "C:\Users\parke\OneDrive\Desktop\Haven_mdev\docs\guides\Haven-lore\keeper-bot\.venv\Lib\site-packages\discord\app_commands\commands.py", line 877, in _do_call
    raise CommandInvokeError(self, e) from e
discord.app_commands.errors.CommandInvokeError: Command 'pattern-analysis' raised an exception: NotFound: 404 Not Found (error code: 10062): Unknown interaction
2025-11-07 23:52:11,736 - keeper.pattern_recognition - INFO - Discovery 12: Not enough similar discoveries for pattern (0)
2025-11-07 23:52:47,349 - keeper - INFO - üåô The Keeper enters dormancy...
2025-11-07 23:52:47,350 - keeper.database - INFO - üóÉÔ∏è Keeper Database connection closed
2025-11-07 23:54:25,450 - discord.client - WARNING - PyNaCl is not installed, voice will NOT be supported
2025-11-07 23:54:25,451 - discord.client - INFO - logging in using static token
2025-11-07 23:54:25,898 - keeper - INFO - üåå The Keeper awakens...
2025-11-07 23:54:25,902 - keeper.database - INFO - üìä Database tables created/verified (Phase 4 Community Features included)
2025-11-07 23:54:25,902 - keeper.database - INFO - üóÉÔ∏è Keeper Database initialized
2025-11-07 23:54:25,904 - keeper.haven_integration - INFO - Found Haven data from HAVEN_DATA_PATH: C:\Users\parke\OneDrive\Desktop\Haven_mdev\data\keeper_test_data.json
2025-11-07 23:54:25,904 - keeper - INFO - ‚úÖ Loaded cogs.enhanced_discovery
2025-11-07 23:54:25,905 - keeper.haven_integration - INFO - Found Haven data from HAVEN_DATA_PATH: C:\Users\parke\OneDrive\Desktop\Haven_mdev\data\keeper_test_data.json
2025-11-07 23:54:25,905 - keeper - INFO - ‚úÖ Loaded cogs.pattern_recognition
2025-11-07 23:54:25,906 - keeper.haven_integration - INFO - Found Haven data from HAVEN_DATA_PATH: C:\Users\parke\OneDrive\Desktop\Haven_mdev\data\keeper_test_data.json
2025-11-07 23:54:25,906 - keeper.archive - INFO - Archive System Phase 3 loaded
2025-11-07 23:54:25,906 - keeper - INFO - ‚úÖ Loaded cogs.archive_system
2025-11-07 23:54:25,908 - keeper.haven_integration - INFO - Found Haven data from HAVEN_DATA_PATH: C:\Users\parke\OneDrive\Desktop\Haven_mdev\data\keeper_test_data.json
2025-11-07 23:54:25,908 - keeper.admin - INFO - Admin Tools Phase 3 loaded
2025-11-07 23:54:25,908 - keeper - INFO - ‚úÖ Loaded cogs.admin_tools
2025-11-07 23:54:25,911 - keeper.haven_integration - INFO - Found Haven data from HAVEN_DATA_PATH: C:\Users\parke\OneDrive\Desktop\Haven_mdev\data\keeper_test_data.json
2025-11-07 23:54:25,912 - keeper.community - INFO - Community Features Phase 4 loaded
2025-11-07 23:54:25,912 - keeper - INFO - ‚úÖ Loaded cogs.community_features
2025-11-07 23:54:25,912 - keeper - INFO - üì¶ Loaded 5/5 cogs
2025-11-07 23:54:25,912 - keeper - INFO - üéØ Found 14 slash commands to sync
2025-11-07 23:54:25,912 - keeper - INFO - üìã Copying commands to guild tree...
2025-11-07 23:54:25,913 - keeper.haven_integration - INFO - Loaded 11 Haven systems
2025-11-07 23:54:25,914 - keeper.enhanced_discovery - INFO - ‚úÖ Haven integration initialized
2025-11-07 23:54:25,914 - keeper.haven_integration - INFO - Loaded 11 Haven systems
2025-11-07 23:54:25,915 - keeper.community - INFO - Created new community challenge
2025-11-07 23:54:26,021 - keeper - INFO - ‚úÖ Synced 14 commands to guild 1423941004230135851
2025-11-07 23:54:26,589 - discord.gateway - INFO - Shard ID None has connected to Gateway (Session ID: d66e8e46e97486c4db23e13b33416cef).
2025-11-07 23:54:28,613 - keeper - INFO - üîÆ The Keeper is online as The Keeper#8095
2025-11-07 23:54:28,614 - keeper - INFO - üìä Connected to 1 guild(s)
2025-11-07 23:54:51,782 - discord.app_commands.tree - ERROR - Ignoring exception in command 'pattern-analysis'
Traceback (most recent call last):
  File "C:\Users\parke\OneDrive\Desktop\Haven_mdev\docs\guides\Haven-lore\keeper-bot\.venv\Lib\site-packages\discord\app_commands\commands.py", line 858, in _do_call
    return await self._callback(self.binding, interaction, **params)  # type: ignore
           ^^^^^^^^^^^^^^^^^^^^^^^^^^^^^^^^^^^^^^^^^^^^^^^^^^^^^^^^^
  File "C:\Users\parke\OneDrive\Desktop\Haven_mdev\docs\guides\Haven-lore\keeper-bot\src\cogs\pattern_recognition.py", line 473, in manual_pattern_analysis
    """Manually trigger pattern analysis for testing."""
    ^^^^^^^^^^^^^^^^^^^^^^^^^^^^^^^^^^
  File "C:\Users\parke\OneDrive\Desktop\Haven_mdev\docs\guides\Haven-lore\keeper-bot\.venv\Lib\site-packages\discord\interactions.py", line 858, in defer
    response = await adapter.create_interaction_response(
               ^^^^^^^^^^^^^^^^^^^^^^^^^^^^^^^^^^^^^^^^^^
    ...<6 lines>...
    )
    ^
  File "C:\Users\parke\OneDrive\Desktop\Haven_mdev\docs\guides\Haven-lore\keeper-bot\.venv\Lib\site-packages\discord\webhook\async_.py", line 224, in request
    raise NotFound(response, data)
discord.errors.NotFound: 404 Not Found (error code: 10062): Unknown interaction

The above exception was the direct cause of the following exception:

Traceback (most recent call last):
  File "C:\Users\parke\OneDrive\Desktop\Haven_mdev\docs\guides\Haven-lore\keeper-bot\.venv\Lib\site-packages\discord\app_commands\tree.py", line 1297, in _call
    await command._invoke_with_namespace(interaction, namespace)
  File "C:\Users\parke\OneDrive\Desktop\Haven_mdev\docs\guides\Haven-lore\keeper-bot\.venv\Lib\site-packages\discord\app_commands\commands.py", line 884, in _invoke_with_namespace
    return await self._do_call(interaction, transformed_values)
           ^^^^^^^^^^^^^^^^^^^^^^^^^^^^^^^^^^^^^^^^^^^^^^^^^^^^
  File "C:\Users\parke\OneDrive\Desktop\Haven_mdev\docs\guides\Haven-lore\keeper-bot\.venv\Lib\site-packages\discord\app_commands\commands.py", line 877, in _do_call
    raise CommandInvokeError(self, e) from e
discord.app_commands.errors.CommandInvokeError: Command 'pattern-analysis' raised an exception: NotFound: 404 Not Found (error code: 10062): Unknown interaction
2025-11-07 23:54:51,915 - keeper.database - INFO - üîç Getting discovery #12
2025-11-07 23:54:51,916 - keeper.database - INFO - ‚úÖ Found discovery #12, type: ü¶ó
2025-11-07 23:54:51,916 - keeper.database - INFO - üîç Getting discovery #12
2025-11-07 23:54:51,917 - keeper.database - INFO - ‚úÖ Found discovery #12, type: ü¶ó
2025-11-07 23:54:51,917 - keeper.database - INFO - üîç Finding similar discoveries to #12, type: ü¶ó
2025-11-07 23:54:51,917 - keeper.database - INFO - üîç Found 11 discoveries with same type before filtering
2025-11-07 23:54:51,917 - keeper.database - INFO - üîç Returning 10 similar discoveries (after filtering source)
2025-11-07 23:54:51,918 - keeper.pattern_recognition - INFO - Pattern analysis: 1.33 confidence, type: regional_pattern
2025-11-07 23:54:51,929 - keeper.database - INFO - üåÄ Pattern 1 created
2025-11-07 23:54:52,034 - keeper.pattern_recognition - INFO - Pattern 1 created: Unknown Biological Patterns
2025-11-07 23:54:52,036 - keeper.pattern_recognition - WARNING - No configured guild found for pattern alert
2025-11-07 23:54:52,036 - keeper.pattern_recognition - INFO - Pattern 1 ready for investigation thread creation
2025-11-07 23:56:07,686 - keeper - INFO - üåô The Keeper enters dormancy...
2025-11-07 23:56:07,687 - keeper.database - INFO - üóÉÔ∏è Keeper Database connection closed
2025-11-07 23:56:14,141 - keeper.archive - ERROR - Error in advanced search: 400 Bad Request (error code: 50035): Invalid Form Body
In components.1.components.0.options: This field is required
2025-11-08 00:02:50,507 - discord.client - WARNING - PyNaCl is not installed, voice will NOT be supported
2025-11-08 00:02:50,507 - discord.client - INFO - logging in using static token
2025-11-08 00:02:51,012 - keeper - INFO - üåå The Keeper awakens...
2025-11-08 00:02:51,017 - keeper.database - INFO - üìä Database tables created/verified (Phase 4 Community Features included)
2025-11-08 00:02:51,017 - keeper.database - INFO - üóÉÔ∏è Keeper Database initialized
2025-11-08 00:02:51,019 - keeper.haven_integration - INFO - Found Haven data from HAVEN_DATA_PATH: C:\Users\parke\OneDrive\Desktop\Haven_mdev\data\keeper_test_data.json
2025-11-08 00:02:51,019 - keeper - INFO - ‚úÖ Loaded cogs.enhanced_discovery
2025-11-08 00:02:51,020 - keeper.haven_integration - INFO - Found Haven data from HAVEN_DATA_PATH: C:\Users\parke\OneDrive\Desktop\Haven_mdev\data\keeper_test_data.json
2025-11-08 00:02:51,021 - keeper - INFO - ‚úÖ Loaded cogs.pattern_recognition
2025-11-08 00:02:51,022 - keeper.haven_integration - INFO - Found Haven data from HAVEN_DATA_PATH: C:\Users\parke\OneDrive\Desktop\Haven_mdev\data\keeper_test_data.json
2025-11-08 00:02:51,022 - keeper.archive - INFO - Archive System Phase 3 loaded
2025-11-08 00:02:51,022 - keeper - INFO - ‚úÖ Loaded cogs.archive_system
2025-11-08 00:02:51,023 - keeper.haven_integration - INFO - Found Haven data from HAVEN_DATA_PATH: C:\Users\parke\OneDrive\Desktop\Haven_mdev\data\keeper_test_data.json
2025-11-08 00:02:51,024 - keeper.admin - INFO - Admin Tools Phase 3 loaded
2025-11-08 00:02:51,024 - keeper - INFO - ‚úÖ Loaded cogs.admin_tools
2025-11-08 00:02:51,027 - keeper.haven_integration - INFO - Found Haven data from HAVEN_DATA_PATH: C:\Users\parke\OneDrive\Desktop\Haven_mdev\data\keeper_test_data.json
2025-11-08 00:02:51,027 - keeper.community - INFO - Community Features Phase 4 loaded
2025-11-08 00:02:51,027 - keeper - INFO - ‚úÖ Loaded cogs.community_features
2025-11-08 00:02:51,027 - keeper - INFO - üì¶ Loaded 5/5 cogs
2025-11-08 00:02:51,028 - keeper - INFO - üéØ Found 14 slash commands to sync
2025-11-08 00:02:51,028 - keeper - INFO - üìã Copying commands to guild tree...
2025-11-08 00:02:51,029 - keeper.haven_integration - INFO - Loaded 11 Haven systems
2025-11-08 00:02:51,030 - keeper.enhanced_discovery - INFO - ‚úÖ Haven integration initialized
2025-11-08 00:02:51,030 - keeper.haven_integration - INFO - Loaded 11 Haven systems
2025-11-08 00:02:51,031 - keeper.community - INFO - Created new community challenge
2025-11-08 00:02:51,138 - keeper - INFO - ‚úÖ Synced 14 commands to guild 1423941004230135851
2025-11-08 00:02:51,514 - discord.gateway - INFO - Shard ID None has connected to Gateway (Session ID: 6d62b3bf6b88001775b9eeecc9079157).
2025-11-08 00:02:53,542 - keeper - INFO - üîÆ The Keeper is online as The Keeper#8095
2025-11-08 00:02:53,542 - keeper - INFO - üìä Connected to 1 guild(s)
2025-11-08 00:03:25,401 - keeper - INFO - üåô The Keeper enters dormancy...
2025-11-08 00:03:25,402 - keeper.database - INFO - üóÉÔ∏è Keeper Database connection closed
2025-11-08 00:03:59,873 - keeper.pattern_recognition - INFO - Discovery 12: Not enough similar discoveries for pattern (0)
2025-11-08 00:05:09,087 - discord.client - WARNING - PyNaCl is not installed, voice will NOT be supported
2025-11-08 00:05:09,088 - discord.client - INFO - logging in using static token
2025-11-08 00:05:09,518 - keeper - INFO - üåå The Keeper awakens...
2025-11-08 00:05:09,523 - keeper.database - INFO - üìä Database tables created/verified (Phase 4 Community Features included)
2025-11-08 00:05:09,523 - keeper.database - INFO - üóÉÔ∏è Keeper Database initialized
2025-11-08 00:05:09,524 - keeper.haven_integration - INFO - Found Haven data from HAVEN_DATA_PATH: C:\Users\parke\OneDrive\Desktop\Haven_mdev\data\keeper_test_data.json
2025-11-08 00:05:09,525 - keeper - INFO - ‚úÖ Loaded cogs.enhanced_discovery
2025-11-08 00:05:09,526 - keeper.haven_integration - INFO - Found Haven data from HAVEN_DATA_PATH: C:\Users\parke\OneDrive\Desktop\Haven_mdev\data\keeper_test_data.json
2025-11-08 00:05:09,526 - keeper - INFO - ‚úÖ Loaded cogs.pattern_recognition
2025-11-08 00:05:09,528 - keeper.haven_integration - INFO - Found Haven data from HAVEN_DATA_PATH: C:\Users\parke\OneDrive\Desktop\Haven_mdev\data\keeper_test_data.json
2025-11-08 00:05:09,528 - keeper.archive - INFO - Archive System Phase 3 loaded
2025-11-08 00:05:09,528 - keeper - INFO - ‚úÖ Loaded cogs.archive_system
2025-11-08 00:05:09,530 - keeper.haven_integration - INFO - Found Haven data from HAVEN_DATA_PATH: C:\Users\parke\OneDrive\Desktop\Haven_mdev\data\keeper_test_data.json
2025-11-08 00:05:09,530 - keeper.admin - INFO - Admin Tools Phase 3 loaded
2025-11-08 00:05:09,530 - keeper - INFO - ‚úÖ Loaded cogs.admin_tools
2025-11-08 00:05:09,534 - keeper.haven_integration - INFO - Found Haven data from HAVEN_DATA_PATH: C:\Users\parke\OneDrive\Desktop\Haven_mdev\data\keeper_test_data.json
2025-11-08 00:05:09,534 - keeper.community - INFO - Community Features Phase 4 loaded
2025-11-08 00:05:09,534 - keeper - INFO - ‚úÖ Loaded cogs.community_features
2025-11-08 00:05:09,535 - keeper - INFO - üì¶ Loaded 5/5 cogs
2025-11-08 00:05:09,535 - keeper - INFO - üéØ Found 14 slash commands to sync
2025-11-08 00:05:09,535 - keeper - INFO - üìã Copying commands to guild tree...
2025-11-08 00:05:09,537 - keeper.haven_integration - INFO - Loaded 11 Haven systems
2025-11-08 00:05:09,537 - keeper.enhanced_discovery - INFO - ‚úÖ Haven integration initialized
2025-11-08 00:05:09,538 - keeper.haven_integration - INFO - Loaded 11 Haven systems
2025-11-08 00:05:09,539 - keeper.community - INFO - Created new community challenge
2025-11-08 00:05:09,670 - keeper - INFO - ‚úÖ Synced 14 commands to guild 1423941004230135851
2025-11-08 00:05:10,053 - discord.gateway - INFO - Shard ID None has connected to Gateway (Session ID: f4d4038464a422b525d7dfcf6bcc6b45).
2025-11-08 00:05:12,081 - keeper - INFO - üîÆ The Keeper is online as The Keeper#8095
2025-11-08 00:05:12,081 - keeper - INFO - üìä Connected to 1 guild(s)
2025-11-08 00:05:32,283 - discord.app_commands.tree - ERROR - Ignoring exception in command 'pattern-analysis'
Traceback (most recent call last):
  File "C:\Users\parke\OneDrive\Desktop\Haven_mdev\docs\guides\Haven-lore\keeper-bot\.venv\Lib\site-packages\discord\app_commands\commands.py", line 858, in _do_call
    return await self._callback(self.binding, interaction, **params)  # type: ignore
           ^^^^^^^^^^^^^^^^^^^^^^^^^^^^^^^^^^^^^^^^^^^^^^^^^^^^^^^^^
  File "C:\Users\parke\OneDrive\Desktop\Haven_mdev\docs\guides\Haven-lore\keeper-bot\src\cogs\pattern_recognition.py", line 473, in manual_pattern_analysis
    async def _create_investigation_thread(self, pattern: Dict, alert_message: discord.Message):
        ^^^^^^^^^^^^^^^^^^^^^^^^^^^^^^^^^^
  File "C:\Users\parke\OneDrive\Desktop\Haven_mdev\docs\guides\Haven-lore\keeper-bot\.venv\Lib\site-packages\discord\interactions.py", line 858, in defer
    response = await adapter.create_interaction_response(
               ^^^^^^^^^^^^^^^^^^^^^^^^^^^^^^^^^^^^^^^^^^
    ...<6 lines>...
    )
    ^
  File "C:\Users\parke\OneDrive\Desktop\Haven_mdev\docs\guides\Haven-lore\keeper-bot\.venv\Lib\site-packages\discord\webhook\async_.py", line 224, in request
    raise NotFound(response, data)
discord.errors.NotFound: 404 Not Found (error code: 10062): Unknown interaction

The above exception was the direct cause of the following exception:

Traceback (most recent call last):
  File "C:\Users\parke\OneDrive\Desktop\Haven_mdev\docs\guides\Haven-lore\keeper-bot\.venv\Lib\site-packages\discord\app_commands\tree.py", line 1297, in _call
    await command._invoke_with_namespace(interaction, namespace)
  File "C:\Users\parke\OneDrive\Desktop\Haven_mdev\docs\guides\Haven-lore\keeper-bot\.venv\Lib\site-packages\discord\app_commands\commands.py", line 884, in _invoke_with_namespace
    return await self._do_call(interaction, transformed_values)
           ^^^^^^^^^^^^^^^^^^^^^^^^^^^^^^^^^^^^^^^^^^^^^^^^^^^^
  File "C:\Users\parke\OneDrive\Desktop\Haven_mdev\docs\guides\Haven-lore\keeper-bot\.venv\Lib\site-packages\discord\app_commands\commands.py", line 877, in _do_call
    raise CommandInvokeError(self, e) from e
discord.app_commands.errors.CommandInvokeError: Command 'pattern-analysis' raised an exception: NotFound: 404 Not Found (error code: 10062): Unknown interaction
2025-11-08 00:05:32,419 - keeper.database - INFO - üîç Getting discovery #12
2025-11-08 00:05:32,420 - keeper.database - INFO - ‚úÖ Found discovery #12, type: ü¶ó
2025-11-08 00:05:32,420 - keeper.database - INFO - üîç Getting discovery #12
2025-11-08 00:05:32,421 - keeper.database - INFO - ‚úÖ Found discovery #12, type: ü¶ó
2025-11-08 00:05:32,421 - keeper.database - INFO - üîç Finding similar discoveries to #12, type: ü¶ó
2025-11-08 00:05:32,422 - keeper.database - INFO - üîç Found 11 discoveries with same type before filtering
2025-11-08 00:05:32,423 - keeper.database - INFO - üîç Returning 10 similar discoveries (after filtering source)
2025-11-08 00:05:32,423 - keeper.pattern_recognition - INFO - Pattern analysis: 1.33 confidence, type: regional_pattern
2025-11-08 00:05:32,457 - keeper.database - INFO - üåÄ Pattern 2 created
2025-11-08 00:05:32,864 - keeper.pattern_recognition - INFO - Pattern 2 created: Unknown Biological Patterns
2025-11-08 00:05:33,079 - keeper.pattern_recognition - ERROR - Error posting pattern alert: Error binding parameter 7: type 'dict' is not supported
2025-11-08 00:05:33,079 - keeper.pattern_recognition - INFO - Pattern 2 ready for investigation thread creation
2025-11-08 00:09:17,630 - discord.app_commands.tree - ERROR - Ignoring exception in command 'discovery-report'
Traceback (most recent call last):
  File "C:\Users\parke\OneDrive\Desktop\Haven_mdev\docs\guides\Haven-lore\keeper-bot\.venv\Lib\site-packages\discord\app_commands\commands.py", line 858, in _do_call
    return await self._callback(self.binding, interaction, **params)  # type: ignore
           ^^^^^^^^^^^^^^^^^^^^^^^^^^^^^^^^^^^^^^^^^^^^^^^^^^^^^^^^^
  File "C:\Users\parke\OneDrive\Desktop\Haven_mdev\docs\guides\Haven-lore\keeper-bot\src\cogs\enhanced_discovery.py", line 314, in discovery_report
    await interaction.response.defer()
  File "C:\Users\parke\OneDrive\Desktop\Haven_mdev\docs\guides\Haven-lore\keeper-bot\.venv\Lib\site-packages\discord\interactions.py", line 858, in defer
    response = await adapter.create_interaction_response(
               ^^^^^^^^^^^^^^^^^^^^^^^^^^^^^^^^^^^^^^^^^^
    ...<6 lines>...
    )
    ^
  File "C:\Users\parke\OneDrive\Desktop\Haven_mdev\docs\guides\Haven-lore\keeper-bot\.venv\Lib\site-packages\discord\webhook\async_.py", line 224, in request
    raise NotFound(response, data)
discord.errors.NotFound: 404 Not Found (error code: 10062): Unknown interaction

The above exception was the direct cause of the following exception:

Traceback (most recent call last):
  File "C:\Users\parke\OneDrive\Desktop\Haven_mdev\docs\guides\Haven-lore\keeper-bot\.venv\Lib\site-packages\discord\app_commands\tree.py", line 1297, in _call
    await command._invoke_with_namespace(interaction, namespace)
  File "C:\Users\parke\OneDrive\Desktop\Haven_mdev\docs\guides\Haven-lore\keeper-bot\.venv\Lib\site-packages\discord\app_commands\commands.py", line 884, in _invoke_with_namespace
    return await self._do_call(interaction, transformed_values)
           ^^^^^^^^^^^^^^^^^^^^^^^^^^^^^^^^^^^^^^^^^^^^^^^^^^^^
  File "C:\Users\parke\OneDrive\Desktop\Haven_mdev\docs\guides\Haven-lore\keeper-bot\.venv\Lib\site-packages\discord\app_commands\commands.py", line 877, in _do_call
    raise CommandInvokeError(self, e) from e
discord.app_commands.errors.CommandInvokeError: Command 'discovery-report' raised an exception: NotFound: 404 Not Found (error code: 10062): Unknown interaction
2025-11-08 00:09:37,022 - keeper.database - INFO - üìù Discovery 14 added to archive
2025-11-08 00:09:37,392 - keeper.enhanced_discovery - ERROR - Error posting to archive channel: Error binding parameter 8: type 'dict' is not supported
2025-11-08 00:09:37,392 - keeper.database - INFO - üîç Getting discovery #14
2025-11-08 00:09:37,393 - keeper.database - INFO - ‚úÖ Found discovery #14, type: ü¶¥
2025-11-08 00:09:37,393 - keeper.database - INFO - üîç Getting discovery #14
2025-11-08 00:09:37,393 - keeper.database - INFO - ‚úÖ Found discovery #14, type: ü¶¥
2025-11-08 00:09:37,394 - keeper.database - INFO - üîç Finding similar discoveries to #14, type: ü¶¥
2025-11-08 00:09:37,394 - keeper.database - INFO - üîç Found 2 discoveries with same type before filtering
2025-11-08 00:09:37,394 - keeper.database - INFO - üîç Returning 1 similar discoveries (after filtering source)
2025-11-08 00:09:37,394 - keeper.pattern_recognition - INFO - Discovery 14: Not enough similar discoveries for pattern (1)
2025-11-08 00:09:37,395 - keeper.enhanced_discovery - INFO - Haven-integrated discovery 14 processed for user _parker1920
2025-11-08 00:09:41,553 - discord.app_commands.tree - ERROR - Ignoring exception in command 'discovery-report'
Traceback (most recent call last):
  File "C:\Users\parke\OneDrive\Desktop\Haven_mdev\docs\guides\Haven-lore\keeper-bot\.venv\Lib\site-packages\discord\app_commands\commands.py", line 858, in _do_call
    return await self._callback(self.binding, interaction, **params)  # type: ignore
           ^^^^^^^^^^^^^^^^^^^^^^^^^^^^^^^^^^^^^^^^^^^^^^^^^^^^^^^^^
  File "C:\Users\parke\OneDrive\Desktop\Haven_mdev\docs\guides\Haven-lore\keeper-bot\src\cogs\enhanced_discovery.py", line 314, in discovery_report
    await interaction.response.defer()
  File "C:\Users\parke\OneDrive\Desktop\Haven_mdev\docs\guides\Haven-lore\keeper-bot\.venv\Lib\site-packages\discord\interactions.py", line 858, in defer
    response = await adapter.create_interaction_response(
               ^^^^^^^^^^^^^^^^^^^^^^^^^^^^^^^^^^^^^^^^^^
    ...<6 lines>...
    )
    ^
  File "C:\Users\parke\OneDrive\Desktop\Haven_mdev\docs\guides\Haven-lore\keeper-bot\.venv\Lib\site-packages\discord\webhook\async_.py", line 224, in request
    raise NotFound(response, data)
discord.errors.NotFound: 404 Not Found (error code: 10062): Unknown interaction

The above exception was the direct cause of the following exception:

Traceback (most recent call last):
  File "C:\Users\parke\OneDrive\Desktop\Haven_mdev\docs\guides\Haven-lore\keeper-bot\.venv\Lib\site-packages\discord\app_commands\tree.py", line 1297, in _call
    await command._invoke_with_namespace(interaction, namespace)
  File "C:\Users\parke\OneDrive\Desktop\Haven_mdev\docs\guides\Haven-lore\keeper-bot\.venv\Lib\site-packages\discord\app_commands\commands.py", line 884, in _invoke_with_namespace
    return await self._do_call(interaction, transformed_values)
           ^^^^^^^^^^^^^^^^^^^^^^^^^^^^^^^^^^^^^^^^^^^^^^^^^^^^
  File "C:\Users\parke\OneDrive\Desktop\Haven_mdev\docs\guides\Haven-lore\keeper-bot\.venv\Lib\site-packages\discord\app_commands\commands.py", line 877, in _do_call
    raise CommandInvokeError(self, e) from e
discord.app_commands.errors.CommandInvokeError: Command 'discovery-report' raised an exception: NotFound: 404 Not Found (error code: 10062): Unknown interaction
2025-11-08 00:09:55,569 - keeper.database - INFO - üìù Discovery 15 added to archive
2025-11-08 00:09:55,963 - keeper.enhanced_discovery - ERROR - Error posting to archive channel: Error binding parameter 8: type 'dict' is not supported
2025-11-08 00:09:55,963 - keeper.database - INFO - üîç Getting discovery #15
2025-11-08 00:09:55,964 - keeper.database - INFO - ‚úÖ Found discovery #15, type: ü¶¥
2025-11-08 00:09:55,965 - keeper.database - INFO - üîç Getting discovery #15
2025-11-08 00:09:55,965 - keeper.database - INFO - ‚úÖ Found discovery #15, type: ü¶¥
2025-11-08 00:09:55,966 - keeper.database - INFO - üîç Finding similar discoveries to #15, type: ü¶¥
2025-11-08 00:09:55,967 - keeper.database - INFO - üîç Found 3 discoveries with same type before filtering
2025-11-08 00:09:55,967 - keeper.database - INFO - üîç Returning 2 similar discoveries (after filtering source)
2025-11-08 00:09:55,967 - keeper.pattern_recognition - INFO - Pattern analysis: 0.72 confidence, type: discovery_cluster
2025-11-08 00:09:55,979 - keeper.database - INFO - üåÄ Pattern 3 created
2025-11-08 00:09:56,008 - keeper.pattern_recognition - INFO - Pattern 3 created: Cross-Regional Ancient Remains
2025-11-08 00:09:56,308 - keeper.pattern_recognition - ERROR - Error posting pattern alert: Error binding parameter 7: type 'dict' is not supported
2025-11-08 00:09:56,308 - keeper.pattern_recognition - INFO - Pattern 3 ready for investigation thread creation
2025-11-08 00:09:56,308 - keeper.enhanced_discovery - INFO - Haven-integrated discovery 15 processed for user _parker1920
2025-11-08 00:10:01,443 - discord.app_commands.tree - ERROR - Ignoring exception in command 'discovery-report'
Traceback (most recent call last):
  File "C:\Users\parke\OneDrive\Desktop\Haven_mdev\docs\guides\Haven-lore\keeper-bot\.venv\Lib\site-packages\discord\app_commands\commands.py", line 858, in _do_call
    return await self._callback(self.binding, interaction, **params)  # type: ignore
           ^^^^^^^^^^^^^^^^^^^^^^^^^^^^^^^^^^^^^^^^^^^^^^^^^^^^^^^^^
  File "C:\Users\parke\OneDrive\Desktop\Haven_mdev\docs\guides\Haven-lore\keeper-bot\src\cogs\enhanced_discovery.py", line 314, in discovery_report
    await interaction.response.defer()
  File "C:\Users\parke\OneDrive\Desktop\Haven_mdev\docs\guides\Haven-lore\keeper-bot\.venv\Lib\site-packages\discord\interactions.py", line 858, in defer
    response = await adapter.create_interaction_response(
               ^^^^^^^^^^^^^^^^^^^^^^^^^^^^^^^^^^^^^^^^^^
    ...<6 lines>...
    )
    ^
  File "C:\Users\parke\OneDrive\Desktop\Haven_mdev\docs\guides\Haven-lore\keeper-bot\.venv\Lib\site-packages\discord\webhook\async_.py", line 224, in request
    raise NotFound(response, data)
discord.errors.NotFound: 404 Not Found (error code: 10062): Unknown interaction

The above exception was the direct cause of the following exception:

Traceback (most recent call last):
  File "C:\Users\parke\OneDrive\Desktop\Haven_mdev\docs\guides\Haven-lore\keeper-bot\.venv\Lib\site-packages\discord\app_commands\tree.py", line 1297, in _call
    await command._invoke_with_namespace(interaction, namespace)
  File "C:\Users\parke\OneDrive\Desktop\Haven_mdev\docs\guides\Haven-lore\keeper-bot\.venv\Lib\site-packages\discord\app_commands\commands.py", line 884, in _invoke_with_namespace
    return await self._do_call(interaction, transformed_values)
           ^^^^^^^^^^^^^^^^^^^^^^^^^^^^^^^^^^^^^^^^^^^^^^^^^^^^
  File "C:\Users\parke\OneDrive\Desktop\Haven_mdev\docs\guides\Haven-lore\keeper-bot\.venv\Lib\site-packages\discord\app_commands\commands.py", line 877, in _do_call
    raise CommandInvokeError(self, e) from e
discord.app_commands.errors.CommandInvokeError: Command 'discovery-report' raised an exception: NotFound: 404 Not Found (error code: 10062): Unknown interaction
2025-11-08 00:10:22,538 - keeper.database - INFO - üìù Discovery 16 added to archive
2025-11-08 00:10:22,896 - keeper.enhanced_discovery - ERROR - Error posting to archive channel: Error binding parameter 8: type 'dict' is not supported
2025-11-08 00:10:22,896 - keeper.database - INFO - üîç Getting discovery #16
2025-11-08 00:10:22,897 - keeper.database - INFO - ‚úÖ Found discovery #16, type: ü¶¥
2025-11-08 00:10:22,897 - keeper.database - INFO - üîç Getting discovery #16
2025-11-08 00:10:22,898 - keeper.database - INFO - ‚úÖ Found discovery #16, type: ü¶¥
2025-11-08 00:10:22,898 - keeper.database - INFO - üîç Finding similar discoveries to #16, type: ü¶¥
2025-11-08 00:10:22,898 - keeper.database - INFO - üîç Found 4 discoveries with same type before filtering
2025-11-08 00:10:22,899 - keeper.database - INFO - üîç Returning 3 similar discoveries (after filtering source)
2025-11-08 00:10:22,899 - keeper.pattern_recognition - INFO - Pattern analysis: 1.18 confidence, type: regional_pattern
2025-11-08 00:10:22,907 - keeper.database - INFO - üåÄ Pattern 4 created
2025-11-08 00:10:22,942 - keeper.pattern_recognition - INFO - Pattern 4 created: Budullangr Void Ancient Remains
2025-11-08 00:10:23,173 - keeper.pattern_recognition - ERROR - Error posting pattern alert: Error binding parameter 7: type 'dict' is not supported
2025-11-08 00:10:23,173 - keeper.pattern_recognition - INFO - Pattern 4 ready for investigation thread creation
2025-11-08 00:10:23,173 - keeper.enhanced_discovery - INFO - Haven-integrated discovery 16 processed for user _parker1920
2025-11-08 00:13:56,116 - discord.client - WARNING - PyNaCl is not installed, voice will NOT be supported
2025-11-08 00:13:56,116 - discord.client - INFO - logging in using static token
2025-11-08 00:13:56,574 - keeper - INFO - üåå The Keeper awakens...
2025-11-08 00:13:56,580 - keeper.database - INFO - üìä Database tables created/verified (Phase 4 Community Features included)
2025-11-08 00:13:56,580 - keeper.database - INFO - üóÉÔ∏è Keeper Database initialized
2025-11-08 00:13:56,582 - keeper.haven_integration - INFO - Found Haven data from HAVEN_DATA_PATH: C:\Users\parke\OneDrive\Desktop\Haven_mdev\data\keeper_test_data.json
2025-11-08 00:13:56,582 - keeper - INFO - ‚úÖ Loaded cogs.enhanced_discovery
2025-11-08 00:13:56,584 - keeper.haven_integration - INFO - Found Haven data from HAVEN_DATA_PATH: C:\Users\parke\OneDrive\Desktop\Haven_mdev\data\keeper_test_data.json
2025-11-08 00:13:56,584 - keeper - INFO - ‚úÖ Loaded cogs.pattern_recognition
2025-11-08 00:13:56,585 - keeper.haven_integration - INFO - Found Haven data from HAVEN_DATA_PATH: C:\Users\parke\OneDrive\Desktop\Haven_mdev\data\keeper_test_data.json
2025-11-08 00:13:56,586 - keeper.archive - INFO - Archive System Phase 3 loaded
2025-11-08 00:13:56,586 - keeper - INFO - ‚úÖ Loaded cogs.archive_system
2025-11-08 00:13:56,587 - keeper.haven_integration - INFO - Found Haven data from HAVEN_DATA_PATH: C:\Users\parke\OneDrive\Desktop\Haven_mdev\data\keeper_test_data.json
2025-11-08 00:13:56,587 - keeper.admin - INFO - Admin Tools Phase 3 loaded
2025-11-08 00:13:56,588 - keeper - INFO - ‚úÖ Loaded cogs.admin_tools
2025-11-08 00:13:56,591 - keeper.haven_integration - INFO - Found Haven data from HAVEN_DATA_PATH: C:\Users\parke\OneDrive\Desktop\Haven_mdev\data\keeper_test_data.json
2025-11-08 00:13:56,591 - keeper.community - INFO - Community Features Phase 4 loaded
2025-11-08 00:13:56,591 - keeper - INFO - ‚úÖ Loaded cogs.community_features
2025-11-08 00:13:56,591 - keeper - INFO - üì¶ Loaded 5/5 cogs
2025-11-08 00:13:56,591 - keeper - INFO - üéØ Found 14 slash commands to sync
2025-11-08 00:13:56,592 - keeper - INFO - üìã Copying commands to guild tree...
2025-11-08 00:13:56,593 - keeper.haven_integration - INFO - Loaded 11 Haven systems
2025-11-08 00:13:56,593 - keeper.enhanced_discovery - INFO - ‚úÖ Haven integration initialized
2025-11-08 00:13:56,594 - keeper.haven_integration - INFO - Loaded 11 Haven systems
2025-11-08 00:13:56,594 - keeper.community - INFO - Created new community challenge
2025-11-08 00:13:56,735 - keeper - INFO - ‚úÖ Synced 14 commands to guild 1423941004230135851
2025-11-08 00:13:57,086 - discord.gateway - INFO - Shard ID None has connected to Gateway (Session ID: eba9cde02b49467ac03f38e9cbda2be0).
2025-11-08 00:13:59,109 - keeper - INFO - üîÆ The Keeper is online as The Keeper#8095
2025-11-08 00:13:59,109 - keeper - INFO - üìä Connected to 1 guild(s)
2025-11-08 00:15:35,446 - keeper - INFO - üåô The Keeper enters dormancy...
2025-11-08 00:15:35,447 - keeper.database - INFO - üóÉÔ∏è Keeper Database connection closed
2025-11-08 00:15:56,618 - discord.app_commands.tree - ERROR - Ignoring exception in command 'pattern-analysis'
Traceback (most recent call last):
  File "C:\Users\parke\OneDrive\Desktop\Haven_mdev\docs\guides\Haven-lore\keeper-bot\.venv\Lib\site-packages\discord\app_commands\commands.py", line 858, in _do_call
    return await self._callback(self.binding, interaction, **params)  # type: ignore
           ^^^^^^^^^^^^^^^^^^^^^^^^^^^^^^^^^^^^^^^^^^^^^^^^^^^^^^^^^
  File "C:\Users\parke\OneDrive\Desktop\Haven_mdev\docs\guides\Haven-lore\keeper-bot\src\cogs\pattern_recognition.py", line 529, in manual_pattern_analysis
    await interaction.response.defer()
  File "C:\Users\parke\OneDrive\Desktop\Haven_mdev\docs\guides\Haven-lore\keeper-bot\.venv\Lib\site-packages\discord\interactions.py", line 858, in defer
    response = await adapter.create_interaction_response(
               ^^^^^^^^^^^^^^^^^^^^^^^^^^^^^^^^^^^^^^^^^^
    ...<6 lines>...
    )
    ^
  File "C:\Users\parke\OneDrive\Desktop\Haven_mdev\docs\guides\Haven-lore\keeper-bot\.venv\Lib\site-packages\discord\webhook\async_.py", line 224, in request
    raise NotFound(response, data)
discord.errors.NotFound: 404 Not Found (error code: 10062): Unknown interaction

The above exception was the direct cause of the following exception:

Traceback (most recent call last):
  File "C:\Users\parke\OneDrive\Desktop\Haven_mdev\docs\guides\Haven-lore\keeper-bot\.venv\Lib\site-packages\discord\app_commands\tree.py", line 1297, in _call
    await command._invoke_with_namespace(interaction, namespace)
  File "C:\Users\parke\OneDrive\Desktop\Haven_mdev\docs\guides\Haven-lore\keeper-bot\.venv\Lib\site-packages\discord\app_commands\commands.py", line 884, in _invoke_with_namespace
    return await self._do_call(interaction, transformed_values)
           ^^^^^^^^^^^^^^^^^^^^^^^^^^^^^^^^^^^^^^^^^^^^^^^^^^^^
  File "C:\Users\parke\OneDrive\Desktop\Haven_mdev\docs\guides\Haven-lore\keeper-bot\.venv\Lib\site-packages\discord\app_commands\commands.py", line 877, in _do_call
    raise CommandInvokeError(self, e) from e
discord.app_commands.errors.CommandInvokeError: Command 'pattern-analysis' raised an exception: NotFound: 404 Not Found (error code: 10062): Unknown interaction
2025-11-08 00:15:56,766 - keeper.pattern_recognition - INFO - Discovery 12: Not enough similar discoveries for pattern (0)
2025-11-08 00:16:03,505 - keeper.admin - ERROR - Admin command error: Command 'server-stats' raised an exception: NotFound: 404 Not Found (error code: 10062): Unknown interaction
2025-11-08 00:16:03,576 - keeper.admin - ERROR - Error gathering stats: no such column: confidence
2025-11-08 00:16:18,360 - discord.app_commands.tree - ERROR - Ignoring exception in command 'pattern-analysis'
Traceback (most recent call last):
  File "C:\Users\parke\OneDrive\Desktop\Haven_mdev\docs\guides\Haven-lore\keeper-bot\.venv\Lib\site-packages\discord\app_commands\commands.py", line 858, in _do_call
    return await self._callback(self.binding, interaction, **params)  # type: ignore
           ^^^^^^^^^^^^^^^^^^^^^^^^^^^^^^^^^^^^^^^^^^^^^^^^^^^^^^^^^
  File "C:\Users\parke\OneDrive\Desktop\Haven_mdev\docs\guides\Haven-lore\keeper-bot\src\cogs\pattern_recognition.py", line 529, in manual_pattern_analysis
    await interaction.response.defer()
  File "C:\Users\parke\OneDrive\Desktop\Haven_mdev\docs\guides\Haven-lore\keeper-bot\.venv\Lib\site-packages\discord\interactions.py", line 858, in defer
    response = await adapter.create_interaction_response(
               ^^^^^^^^^^^^^^^^^^^^^^^^^^^^^^^^^^^^^^^^^^
    ...<6 lines>...
    )
    ^
  File "C:\Users\parke\OneDrive\Desktop\Haven_mdev\docs\guides\Haven-lore\keeper-bot\.venv\Lib\site-packages\discord\webhook\async_.py", line 224, in request
    raise NotFound(response, data)
discord.errors.NotFound: 404 Not Found (error code: 10062): Unknown interaction

The above exception was the direct cause of the following exception:

Traceback (most recent call last):
  File "C:\Users\parke\OneDrive\Desktop\Haven_mdev\docs\guides\Haven-lore\keeper-bot\.venv\Lib\site-packages\discord\app_commands\tree.py", line 1297, in _call
    await command._invoke_with_namespace(interaction, namespace)
  File "C:\Users\parke\OneDrive\Desktop\Haven_mdev\docs\guides\Haven-lore\keeper-bot\.venv\Lib\site-packages\discord\app_commands\commands.py", line 884, in _invoke_with_namespace
    return await self._do_call(interaction, transformed_values)
           ^^^^^^^^^^^^^^^^^^^^^^^^^^^^^^^^^^^^^^^^^^^^^^^^^^^^
  File "C:\Users\parke\OneDrive\Desktop\Haven_mdev\docs\guides\Haven-lore\keeper-bot\.venv\Lib\site-packages\discord\app_commands\commands.py", line 877, in _do_call
    raise CommandInvokeError(self, e) from e
discord.app_commands.errors.CommandInvokeError: Command 'pattern-analysis' raised an exception: NotFound: 404 Not Found (error code: 10062): Unknown interaction
2025-11-08 00:16:18,459 - keeper.pattern_recognition - INFO - Discovery 12: Not enough similar discoveries for pattern (0)
2025-11-08 00:17:09,837 - discord.client - WARNING - PyNaCl is not installed, voice will NOT be supported
2025-11-08 00:17:09,837 - discord.client - INFO - logging in using static token
2025-11-08 00:17:10,431 - keeper - INFO - üåå The Keeper awakens...
2025-11-08 00:17:10,435 - keeper.database - INFO - üìä Database tables created/verified (Phase 4 Community Features included)
2025-11-08 00:17:10,435 - keeper.database - INFO - üóÉÔ∏è Keeper Database initialized
2025-11-08 00:17:10,437 - keeper.haven_integration - INFO - Found Haven data from HAVEN_DATA_PATH: C:\Users\parke\OneDrive\Desktop\Haven_mdev\data\keeper_test_data.json
2025-11-08 00:17:10,437 - keeper - INFO - ‚úÖ Loaded cogs.enhanced_discovery
2025-11-08 00:17:10,438 - keeper.haven_integration - INFO - Found Haven data from HAVEN_DATA_PATH: C:\Users\parke\OneDrive\Desktop\Haven_mdev\data\keeper_test_data.json
2025-11-08 00:17:10,438 - keeper - INFO - ‚úÖ Loaded cogs.pattern_recognition
2025-11-08 00:17:10,439 - keeper.haven_integration - INFO - Found Haven data from HAVEN_DATA_PATH: C:\Users\parke\OneDrive\Desktop\Haven_mdev\data\keeper_test_data.json
2025-11-08 00:17:10,440 - keeper.archive - INFO - Archive System Phase 3 loaded
2025-11-08 00:17:10,440 - keeper - INFO - ‚úÖ Loaded cogs.archive_system
2025-11-08 00:17:10,441 - keeper.haven_integration - INFO - Found Haven data from HAVEN_DATA_PATH: C:\Users\parke\OneDrive\Desktop\Haven_mdev\data\keeper_test_data.json
2025-11-08 00:17:10,441 - keeper.admin - INFO - Admin Tools Phase 3 loaded
2025-11-08 00:17:10,441 - keeper - INFO - ‚úÖ Loaded cogs.admin_tools
2025-11-08 00:17:10,445 - keeper.haven_integration - INFO - Found Haven data from HAVEN_DATA_PATH: C:\Users\parke\OneDrive\Desktop\Haven_mdev\data\keeper_test_data.json
2025-11-08 00:17:10,445 - keeper.community - INFO - Community Features Phase 4 loaded
2025-11-08 00:17:10,445 - keeper - INFO - ‚úÖ Loaded cogs.community_features
2025-11-08 00:17:10,445 - keeper - INFO - üì¶ Loaded 5/5 cogs
2025-11-08 00:17:10,445 - keeper - INFO - üéØ Found 14 slash commands to sync
2025-11-08 00:17:10,446 - keeper - INFO - üìã Copying commands to guild tree...
2025-11-08 00:17:10,447 - keeper.haven_integration - INFO - Loaded 11 Haven systems
2025-11-08 00:17:10,447 - keeper.enhanced_discovery - INFO - ‚úÖ Haven integration initialized
2025-11-08 00:17:10,448 - keeper.haven_integration - INFO - Loaded 11 Haven systems
2025-11-08 00:17:10,448 - keeper.community - INFO - Created new community challenge
2025-11-08 00:17:10,555 - keeper - INFO - ‚úÖ Synced 14 commands to guild 1423941004230135851
2025-11-08 00:17:10,927 - discord.gateway - INFO - Shard ID None has connected to Gateway (Session ID: e0113a28286736b9661d283e65197312).
2025-11-08 00:17:12,940 - keeper - INFO - üîÆ The Keeper is online as The Keeper#8095
2025-11-08 00:17:12,940 - keeper - INFO - üìä Connected to 1 guild(s)
2025-11-08 00:17:30,979 - keeper - INFO - üåô The Keeper enters dormancy...
2025-11-08 00:17:30,980 - keeper.database - INFO - üóÉÔ∏è Keeper Database connection closed
2025-11-08 00:17:31,375 - discord.app_commands.tree - ERROR - Ignoring exception in command 'pattern-analysis'
Traceback (most recent call last):
  File "C:\Users\parke\OneDrive\Desktop\Haven_mdev\docs\guides\Haven-lore\keeper-bot\.venv\Lib\site-packages\discord\app_commands\commands.py", line 858, in _do_call
    return await self._callback(self.binding, interaction, **params)  # type: ignore
           ^^^^^^^^^^^^^^^^^^^^^^^^^^^^^^^^^^^^^^^^^^^^^^^^^^^^^^^^^
  File "C:\Users\parke\OneDrive\Desktop\Haven_mdev\docs\guides\Haven-lore\keeper-bot\src\cogs\pattern_recognition.py", line 529, in manual_pattern_analysis
    await interaction.response.defer()
  File "C:\Users\parke\OneDrive\Desktop\Haven_mdev\docs\guides\Haven-lore\keeper-bot\.venv\Lib\site-packages\discord\interactions.py", line 858, in defer
    response = await adapter.create_interaction_response(
               ^^^^^^^^^^^^^^^^^^^^^^^^^^^^^^^^^^^^^^^^^^
    ...<6 lines>...
    )
    ^
  File "C:\Users\parke\OneDrive\Desktop\Haven_mdev\docs\guides\Haven-lore\keeper-bot\.venv\Lib\site-packages\discord\webhook\async_.py", line 224, in request
    raise NotFound(response, data)
discord.errors.NotFound: 404 Not Found (error code: 10062): Unknown interaction

The above exception was the direct cause of the following exception:

Traceback (most recent call last):
  File "C:\Users\parke\OneDrive\Desktop\Haven_mdev\docs\guides\Haven-lore\keeper-bot\.venv\Lib\site-packages\discord\app_commands\tree.py", line 1297, in _call
    await command._invoke_with_namespace(interaction, namespace)
  File "C:\Users\parke\OneDrive\Desktop\Haven_mdev\docs\guides\Haven-lore\keeper-bot\.venv\Lib\site-packages\discord\app_commands\commands.py", line 884, in _invoke_with_namespace
    return await self._do_call(interaction, transformed_values)
           ^^^^^^^^^^^^^^^^^^^^^^^^^^^^^^^^^^^^^^^^^^^^^^^^^^^^
  File "C:\Users\parke\OneDrive\Desktop\Haven_mdev\docs\guides\Haven-lore\keeper-bot\.venv\Lib\site-packages\discord\app_commands\commands.py", line 877, in _do_call
    raise CommandInvokeError(self, e) from e
discord.app_commands.errors.CommandInvokeError: Command 'pattern-analysis' raised an exception: NotFound: 404 Not Found (error code: 10062): Unknown interaction
2025-11-08 00:17:31,534 - keeper.pattern_recognition - INFO - Discovery 12: Not enough similar discoveries for pattern (0)
2025-11-08 00:17:48,822 - discord.app_commands.tree - ERROR - Ignoring exception in command 'pattern-analysis'
Traceback (most recent call last):
  File "C:\Users\parke\OneDrive\Desktop\Haven_mdev\docs\guides\Haven-lore\keeper-bot\.venv\Lib\site-packages\discord\app_commands\commands.py", line 858, in _do_call
    return await self._callback(self.binding, interaction, **params)  # type: ignore
           ^^^^^^^^^^^^^^^^^^^^^^^^^^^^^^^^^^^^^^^^^^^^^^^^^^^^^^^^^
  File "C:\Users\parke\OneDrive\Desktop\Haven_mdev\docs\guides\Haven-lore\keeper-bot\src\cogs\pattern_recognition.py", line 473, in manual_pattern_analysis
    async def _create_investigation_thread(self, pattern: Dict, alert_message: discord.Message):
        ^^^^^^^^^^^^^^^^^^^^^^^^^^^^^^^^^^
  File "C:\Users\parke\OneDrive\Desktop\Haven_mdev\docs\guides\Haven-lore\keeper-bot\.venv\Lib\site-packages\discord\interactions.py", line 858, in defer
    response = await adapter.create_interaction_response(
               ^^^^^^^^^^^^^^^^^^^^^^^^^^^^^^^^^^^^^^^^^^
    ...<6 lines>...
    )
    ^
  File "C:\Users\parke\OneDrive\Desktop\Haven_mdev\docs\guides\Haven-lore\keeper-bot\.venv\Lib\site-packages\discord\webhook\async_.py", line 224, in request
    raise NotFound(response, data)
discord.errors.NotFound: 404 Not Found (error code: 10062): Unknown interaction

The above exception was the direct cause of the following exception:

Traceback (most recent call last):
  File "C:\Users\parke\OneDrive\Desktop\Haven_mdev\docs\guides\Haven-lore\keeper-bot\.venv\Lib\site-packages\discord\app_commands\tree.py", line 1297, in _call
    await command._invoke_with_namespace(interaction, namespace)
  File "C:\Users\parke\OneDrive\Desktop\Haven_mdev\docs\guides\Haven-lore\keeper-bot\.venv\Lib\site-packages\discord\app_commands\commands.py", line 884, in _invoke_with_namespace
    return await self._do_call(interaction, transformed_values)
           ^^^^^^^^^^^^^^^^^^^^^^^^^^^^^^^^^^^^^^^^^^^^^^^^^^^^
  File "C:\Users\parke\OneDrive\Desktop\Haven_mdev\docs\guides\Haven-lore\keeper-bot\.venv\Lib\site-packages\discord\app_commands\commands.py", line 877, in _do_call
    raise CommandInvokeError(self, e) from e
discord.app_commands.errors.CommandInvokeError: Command 'pattern-analysis' raised an exception: NotFound: 404 Not Found (error code: 10062): Unknown interaction
2025-11-08 00:17:49,001 - keeper.database - INFO - üîç Getting discovery #12
2025-11-08 00:17:49,002 - keeper.database - INFO - ‚úÖ Found discovery #12, type: ü¶ó
2025-11-08 00:17:49,002 - keeper.database - INFO - üîç Getting discovery #12
2025-11-08 00:17:49,002 - keeper.database - INFO - ‚úÖ Found discovery #12, type: ü¶ó
2025-11-08 00:17:49,002 - keeper.database - INFO - üîç Finding similar discoveries to #12, type: ü¶ó
2025-11-08 00:17:49,003 - keeper.database - INFO - üîç Found 11 discoveries with same type before filtering
2025-11-08 00:17:49,003 - keeper.database - INFO - üîç Returning 10 similar discoveries (after filtering source)
2025-11-08 00:17:49,004 - keeper.pattern_recognition - INFO - Pattern analysis: 1.33 confidence, type: regional_pattern
2025-11-08 00:17:49,013 - keeper.database - INFO - üåÄ Pattern 5 created
2025-11-08 00:17:49,110 - keeper.pattern_recognition - INFO - Pattern 5 created: Unknown Biological Patterns
2025-11-08 00:17:49,311 - keeper.pattern_recognition - ERROR - Error posting pattern alert: Error binding parameter 7: type 'dict' is not supported
2025-11-08 00:17:49,311 - keeper.pattern_recognition - INFO - Pattern 5 ready for investigation thread creation
2025-11-08 00:19:03,737 - keeper.admin - ERROR - Admin command error: Command 'setup-channels' raised an exception: NotFound: 404 Not Found (error code: 10062): Unknown interaction
2025-11-08 00:19:58,411 - discord.app_commands.tree - ERROR - Ignoring exception in command 'pattern-analysis'
Traceback (most recent call last):
  File "C:\Users\parke\OneDrive\Desktop\Haven_mdev\docs\guides\Haven-lore\keeper-bot\.venv\Lib\site-packages\discord\app_commands\commands.py", line 858, in _do_call
    return await self._callback(self.binding, interaction, **params)  # type: ignore
           ^^^^^^^^^^^^^^^^^^^^^^^^^^^^^^^^^^^^^^^^^^^^^^^^^^^^^^^^^
  File "C:\Users\parke\OneDrive\Desktop\Haven_mdev\docs\guides\Haven-lore\keeper-bot\src\cogs\pattern_recognition.py", line 529, in manual_pattern_analysis
    await interaction.response.defer()
  File "C:\Users\parke\OneDrive\Desktop\Haven_mdev\docs\guides\Haven-lore\keeper-bot\.venv\Lib\site-packages\discord\interactions.py", line 858, in defer
    response = await adapter.create_interaction_response(
               ^^^^^^^^^^^^^^^^^^^^^^^^^^^^^^^^^^^^^^^^^^
    ...<6 lines>...
    )
    ^
  File "C:\Users\parke\OneDrive\Desktop\Haven_mdev\docs\guides\Haven-lore\keeper-bot\.venv\Lib\site-packages\discord\webhook\async_.py", line 224, in request
    raise NotFound(response, data)
discord.errors.NotFound: 404 Not Found (error code: 10062): Unknown interaction

The above exception was the direct cause of the following exception:

Traceback (most recent call last):
  File "C:\Users\parke\OneDrive\Desktop\Haven_mdev\docs\guides\Haven-lore\keeper-bot\.venv\Lib\site-packages\discord\app_commands\tree.py", line 1297, in _call
    await command._invoke_with_namespace(interaction, namespace)
  File "C:\Users\parke\OneDrive\Desktop\Haven_mdev\docs\guides\Haven-lore\keeper-bot\.venv\Lib\site-packages\discord\app_commands\commands.py", line 884, in _invoke_with_namespace
    return await self._do_call(interaction, transformed_values)
           ^^^^^^^^^^^^^^^^^^^^^^^^^^^^^^^^^^^^^^^^^^^^^^^^^^^^
  File "C:\Users\parke\OneDrive\Desktop\Haven_mdev\docs\guides\Haven-lore\keeper-bot\.venv\Lib\site-packages\discord\app_commands\commands.py", line 877, in _do_call
    raise CommandInvokeError(self, e) from e
discord.app_commands.errors.CommandInvokeError: Command 'pattern-analysis' raised an exception: NotFound: 404 Not Found (error code: 10062): Unknown interaction
2025-11-08 00:19:58,450 - keeper.pattern_recognition - INFO - Discovery 12: Not enough similar discoveries for pattern (0)
2025-11-08 18:21:31,035 - discord.gateway - WARNING - Shard ID None has stopped responding to the gateway. Closing and restarting.
2025-11-08 18:21:31,321 - discord.gateway - INFO - Shard ID None session has been invalidated.
2025-11-08 18:21:35,286 - discord.gateway - WARNING - Shard ID None has stopped responding to the gateway. Closing and restarting.
2025-11-08 18:21:35,544 - discord.gateway - INFO - Shard ID None session has been invalidated.
2025-11-08 18:21:36,819 - discord.gateway - INFO - Shard ID None has connected to Gateway (Session ID: d36d9edc9b234b92ce5c1398de845069).
2025-11-08 18:21:38,846 - keeper - INFO - üîÆ The Keeper is online as The Keeper#8095
2025-11-08 18:21:38,846 - keeper - INFO - üìä Connected to 1 guild(s)
2025-11-08 18:21:41,310 - discord.gateway - INFO - Shard ID None has connected to Gateway (Session ID: 68dc84ef52e5a3a099687442afcccb45).
2025-11-08 18:21:43,341 - keeper - INFO - üîÆ The Keeper is online as The Keeper#8095
2025-11-08 18:21:43,342 - keeper - INFO - üìä Connected to 1 guild(s)
2025-11-08 18:22:11,667 - discord.client - WARNING - PyNaCl is not installed, voice will NOT be supported
2025-11-08 18:22:11,668 - discord.client - INFO - logging in using static token
2025-11-08 18:22:13,064 - keeper - INFO - üåå The Keeper awakens...
2025-11-08 18:22:13,070 - keeper.database - INFO - üìä Database tables created/verified (Phase 4 Community Features included)
2025-11-08 18:22:13,070 - keeper.database - INFO - üóÉÔ∏è Keeper Database initialized
2025-11-08 18:22:13,072 - keeper.haven_integration - INFO - Found Haven data from HAVEN_DATA_PATH: C:\Users\parke\OneDrive\Desktop\Haven_mdev\data\keeper_test_data.json
2025-11-08 18:22:13,072 - keeper - INFO - ‚úÖ Loaded cogs.enhanced_discovery
2025-11-08 18:22:13,074 - keeper.haven_integration - INFO - Found Haven data from HAVEN_DATA_PATH: C:\Users\parke\OneDrive\Desktop\Haven_mdev\data\keeper_test_data.json
2025-11-08 18:22:13,074 - keeper - INFO - ‚úÖ Loaded cogs.pattern_recognition
2025-11-08 18:22:13,076 - keeper.haven_integration - INFO - Found Haven data from HAVEN_DATA_PATH: C:\Users\parke\OneDrive\Desktop\Haven_mdev\data\keeper_test_data.json
2025-11-08 18:22:13,076 - keeper.archive - INFO - Archive System Phase 3 loaded
2025-11-08 18:22:13,076 - keeper - INFO - ‚úÖ Loaded cogs.archive_system
2025-11-08 18:22:13,078 - keeper.haven_integration - INFO - Found Haven data from HAVEN_DATA_PATH: C:\Users\parke\OneDrive\Desktop\Haven_mdev\data\keeper_test_data.json
2025-11-08 18:22:13,078 - keeper.admin - INFO - Admin Tools Phase 3 loaded
2025-11-08 18:22:13,078 - keeper - INFO - ‚úÖ Loaded cogs.admin_tools
2025-11-08 18:22:13,083 - keeper.haven_integration - INFO - Found Haven data from HAVEN_DATA_PATH: C:\Users\parke\OneDrive\Desktop\Haven_mdev\data\keeper_test_data.json
2025-11-08 18:22:13,083 - keeper.community - INFO - Community Features Phase 4 loaded
2025-11-08 18:22:13,083 - keeper - INFO - ‚úÖ Loaded cogs.community_features
2025-11-08 18:22:13,083 - keeper - INFO - üì¶ Loaded 5/5 cogs
2025-11-08 18:22:13,084 - keeper - INFO - üéØ Found 14 slash commands to sync
2025-11-08 18:22:13,084 - keeper - INFO - üìã Copying commands to guild tree...
2025-11-08 18:22:13,098 - keeper.haven_integration - INFO - Loaded 11 Haven systems
2025-11-08 18:22:13,098 - keeper.enhanced_discovery - INFO - ‚úÖ Haven integration initialized
2025-11-08 18:22:13,098 - keeper.haven_integration - INFO - Loaded 11 Haven systems
2025-11-08 18:22:13,099 - keeper.community - INFO - Created new community challenge
2025-11-08 18:22:13,558 - keeper - INFO - ‚úÖ Synced 14 commands to guild 1423941004230135851
2025-11-08 18:22:15,116 - discord.gateway - INFO - Shard ID None has connected to Gateway (Session ID: 53ffe8ce28125d2ad059b79b87ec13a1).
2025-11-08 18:22:17,155 - keeper - INFO - üîÆ The Keeper is online as The Keeper#8095
2025-11-08 18:22:17,155 - keeper - INFO - üìä Connected to 1 guild(s)
2025-11-08 18:28:52,973 - keeper - INFO - üåô The Keeper enters dormancy...
2025-11-08 18:28:52,975 - keeper.database - INFO - üóÉÔ∏è Keeper Database connection closed
2025-11-08 18:32:45,113 - discord.app_commands.tree - ERROR - Ignoring exception in command 'keeper-story'
Traceback (most recent call last):
  File "C:\Users\parke\OneDrive\Desktop\Haven_mdev\docs\guides\Haven-lore\keeper-bot\.venv\Lib\site-packages\discord\app_commands\commands.py", line 858, in _do_call
    return await self._callback(self.binding, interaction, **params)  # type: ignore
           ^^^^^^^^^^^^^^^^^^^^^^^^^^^^^^^^^^^^^^^^^^^^^^^^^^^^^^^^^
  File "C:\Users\parke\OneDrive\Desktop\Haven_mdev\docs\guides\Haven-lore\keeper-bot\src\cogs\community_features.py", line 579, in keeper_story
    await interaction.followup.send(embed=error_embed)
    ^^^^^^^^^^^^^^^^^^^^^^^^^^^^^^
  File "C:\Users\parke\OneDrive\Desktop\Haven_mdev\docs\guides\Haven-lore\keeper-bot\.venv\Lib\site-packages\discord\interactions.py", line 858, in defer
    response = await adapter.create_interaction_response(
               ^^^^^^^^^^^^^^^^^^^^^^^^^^^^^^^^^^^^^^^^^^
    ...<6 lines>...
    )
    ^
  File "C:\Users\parke\OneDrive\Desktop\Haven_mdev\docs\guides\Haven-lore\keeper-bot\.venv\Lib\site-packages\discord\webhook\async_.py", line 224, in request
    raise NotFound(response, data)
discord.errors.NotFound: 404 Not Found (error code: 10062): Unknown interaction

The above exception was the direct cause of the following exception:

Traceback (most recent call last):
  File "C:\Users\parke\OneDrive\Desktop\Haven_mdev\docs\guides\Haven-lore\keeper-bot\.venv\Lib\site-packages\discord\app_commands\tree.py", line 1297, in _call
    await command._invoke_with_namespace(interaction, namespace)
  File "C:\Users\parke\OneDrive\Desktop\Haven_mdev\docs\guides\Haven-lore\keeper-bot\.venv\Lib\site-packages\discord\app_commands\commands.py", line 884, in _invoke_with_namespace
    return await self._do_call(interaction, transformed_values)
           ^^^^^^^^^^^^^^^^^^^^^^^^^^^^^^^^^^^^^^^^^^^^^^^^^^^^
  File "C:\Users\parke\OneDrive\Desktop\Haven_mdev\docs\guides\Haven-lore\keeper-bot\.venv\Lib\site-packages\discord\app_commands\commands.py", line 877, in _do_call
    raise CommandInvokeError(self, e) from e
discord.app_commands.errors.CommandInvokeError: Command 'keeper-story' raised an exception: NotFound: 404 Not Found (error code: 10062): Unknown interaction
2025-11-08 18:32:45,290 - keeper.community - ERROR - Error getting tier data: object int can't be used in 'await' expression
2025-11-08 18:37:57,376 - discord.app_commands.tree - ERROR - Ignoring exception in command 'keeper-story'
Traceback (most recent call last):
  File "C:\Users\parke\OneDrive\Desktop\Haven_mdev\docs\guides\Haven-lore\keeper-bot\.venv\Lib\site-packages\discord\app_commands\commands.py", line 858, in _do_call
    return await self._callback(self.binding, interaction, **params)  # type: ignore
           ^^^^^^^^^^^^^^^^^^^^^^^^^^^^^^^^^^^^^^^^^^^^^^^^^^^^^^^^^
  File "C:\Users\parke\OneDrive\Desktop\Haven_mdev\docs\guides\Haven-lore\keeper-bot\src\cogs\community_features.py", line 579, in keeper_story
    await interaction.followup.send(embed=error_embed)
    ^^^^^^^^^^^^^^^^^^^^^^^^^^^^^^
  File "C:\Users\parke\OneDrive\Desktop\Haven_mdev\docs\guides\Haven-lore\keeper-bot\.venv\Lib\site-packages\discord\interactions.py", line 858, in defer
    response = await adapter.create_interaction_response(
               ^^^^^^^^^^^^^^^^^^^^^^^^^^^^^^^^^^^^^^^^^^
    ...<6 lines>...
    )
    ^
  File "C:\Users\parke\OneDrive\Desktop\Haven_mdev\docs\guides\Haven-lore\keeper-bot\.venv\Lib\site-packages\discord\webhook\async_.py", line 224, in request
    raise NotFound(response, data)
discord.errors.NotFound: 404 Not Found (error code: 10062): Unknown interaction

The above exception was the direct cause of the following exception:

Traceback (most recent call last):
  File "C:\Users\parke\OneDrive\Desktop\Haven_mdev\docs\guides\Haven-lore\keeper-bot\.venv\Lib\site-packages\discord\app_commands\tree.py", line 1297, in _call
    await command._invoke_with_namespace(interaction, namespace)
  File "C:\Users\parke\OneDrive\Desktop\Haven_mdev\docs\guides\Haven-lore\keeper-bot\.venv\Lib\site-packages\discord\app_commands\commands.py", line 884, in _invoke_with_namespace
    return await self._do_call(interaction, transformed_values)
           ^^^^^^^^^^^^^^^^^^^^^^^^^^^^^^^^^^^^^^^^^^^^^^^^^^^^
  File "C:\Users\parke\OneDrive\Desktop\Haven_mdev\docs\guides\Haven-lore\keeper-bot\.venv\Lib\site-packages\discord\app_commands\commands.py", line 877, in _do_call
    raise CommandInvokeError(self, e) from e
discord.app_commands.errors.CommandInvokeError: Command 'keeper-story' raised an exception: NotFound: 404 Not Found (error code: 10062): Unknown interaction
2025-11-08 18:37:57,451 - keeper.community - ERROR - Error getting tier data: object int can't be used in 'await' expression
2025-11-08 18:39:36,783 - discord.app_commands.tree - ERROR - Ignoring exception in command 'keeper-story'
Traceback (most recent call last):
  File "C:\Users\parke\OneDrive\Desktop\Haven_mdev\docs\guides\Haven-lore\keeper-bot\.venv\Lib\site-packages\discord\app_commands\commands.py", line 858, in _do_call
    return await self._callback(self.binding, interaction, **params)  # type: ignore
           ^^^^^^^^^^^^^^^^^^^^^^^^^^^^^^^^^^^^^^^^^^^^^^^^^^^^^^^^^
  File "C:\Users\parke\OneDrive\Desktop\Haven_mdev\docs\guides\Haven-lore\keeper-bot\src\cogs\community_features.py", line 725, in keeper_story
    await interaction.response.defer()
  File "C:\Users\parke\OneDrive\Desktop\Haven_mdev\docs\guides\Haven-lore\keeper-bot\.venv\Lib\site-packages\discord\interactions.py", line 858, in defer
    response = await adapter.create_interaction_response(
               ^^^^^^^^^^^^^^^^^^^^^^^^^^^^^^^^^^^^^^^^^^
    ...<6 lines>...
    )
    ^
  File "C:\Users\parke\OneDrive\Desktop\Haven_mdev\docs\guides\Haven-lore\keeper-bot\.venv\Lib\site-packages\discord\webhook\async_.py", line 224, in request
    raise NotFound(response, data)
discord.errors.NotFound: 404 Not Found (error code: 10062): Unknown interaction

The above exception was the direct cause of the following exception:

Traceback (most recent call last):
  File "C:\Users\parke\OneDrive\Desktop\Haven_mdev\docs\guides\Haven-lore\keeper-bot\.venv\Lib\site-packages\discord\app_commands\tree.py", line 1297, in _call
    await command._invoke_with_namespace(interaction, namespace)
  File "C:\Users\parke\OneDrive\Desktop\Haven_mdev\docs\guides\Haven-lore\keeper-bot\.venv\Lib\site-packages\discord\app_commands\commands.py", line 884, in _invoke_with_namespace
    return await self._do_call(interaction, transformed_values)
           ^^^^^^^^^^^^^^^^^^^^^^^^^^^^^^^^^^^^^^^^^^^^^^^^^^^^
  File "C:\Users\parke\OneDrive\Desktop\Haven_mdev\docs\guides\Haven-lore\keeper-bot\.venv\Lib\site-packages\discord\app_commands\commands.py", line 877, in _do_call
    raise CommandInvokeError(self, e) from e
discord.app_commands.errors.CommandInvokeError: Command 'keeper-story' raised an exception: NotFound: 404 Not Found (error code: 10062): Unknown interaction
2025-11-08 18:39:36,887 - keeper.community - ERROR - Error getting tier data: object int can't be used in 'await' expression
2025-11-08 18:40:22,676 - discord.app_commands.tree - ERROR - Ignoring exception in command 'discovery-report'
Traceback (most recent call last):
  File "C:\Users\parke\OneDrive\Desktop\Haven_mdev\docs\guides\Haven-lore\keeper-bot\.venv\Lib\site-packages\discord\app_commands\commands.py", line 858, in _do_call
    return await self._callback(self.binding, interaction, **params)  # type: ignore
           ^^^^^^^^^^^^^^^^^^^^^^^^^^^^^^^^^^^^^^^^^^^^^^^^^^^^^^^^^
  File "C:\Users\parke\OneDrive\Desktop\Haven_mdev\docs\guides\Haven-lore\keeper-bot\src\cogs\enhanced_discovery.py", line 314, in discovery_report
  File "C:\Users\parke\OneDrive\Desktop\Haven_mdev\docs\guides\Haven-lore\keeper-bot\.venv\Lib\site-packages\discord\interactions.py", line 858, in defer
    response = await adapter.create_interaction_response(
               ^^^^^^^^^^^^^^^^^^^^^^^^^^^^^^^^^^^^^^^^^^
    ...<6 lines>...
    )
    ^
  File "C:\Users\parke\OneDrive\Desktop\Haven_mdev\docs\guides\Haven-lore\keeper-bot\.venv\Lib\site-packages\discord\webhook\async_.py", line 224, in request
    raise NotFound(response, data)
discord.errors.NotFound: 404 Not Found (error code: 10062): Unknown interaction

The above exception was the direct cause of the following exception:

Traceback (most recent call last):
  File "C:\Users\parke\OneDrive\Desktop\Haven_mdev\docs\guides\Haven-lore\keeper-bot\.venv\Lib\site-packages\discord\app_commands\tree.py", line 1297, in _call
    await command._invoke_with_namespace(interaction, namespace)
  File "C:\Users\parke\OneDrive\Desktop\Haven_mdev\docs\guides\Haven-lore\keeper-bot\.venv\Lib\site-packages\discord\app_commands\commands.py", line 884, in _invoke_with_namespace
    return await self._do_call(interaction, transformed_values)
           ^^^^^^^^^^^^^^^^^^^^^^^^^^^^^^^^^^^^^^^^^^^^^^^^^^^^
  File "C:\Users\parke\OneDrive\Desktop\Haven_mdev\docs\guides\Haven-lore\keeper-bot\.venv\Lib\site-packages\discord\app_commands\commands.py", line 877, in _do_call
    raise CommandInvokeError(self, e) from e
discord.app_commands.errors.CommandInvokeError: Command 'discovery-report' raised an exception: NotFound: 404 Not Found (error code: 10062): Unknown interaction
2025-11-08 19:10:46,251 - discord.gateway - WARNING - Shard ID None has stopped responding to the gateway. Closing and restarting.
2025-11-08 19:10:46,717 - discord.gateway - INFO - Shard ID None session has been invalidated.
2025-11-08 19:10:50,565 - discord.gateway - WARNING - Shard ID None has stopped responding to the gateway. Closing and restarting.
2025-11-08 19:10:50,812 - discord.gateway - INFO - Shard ID None session has been invalidated.
2025-11-08 19:10:52,194 - discord.gateway - INFO - Shard ID None has connected to Gateway (Session ID: a7c93635b2d490db3a0a6e7da0d30a24).
2025-11-08 19:10:54,209 - keeper - INFO - üîÆ The Keeper is online as The Keeper#8095
2025-11-08 19:10:54,209 - keeper - INFO - üìä Connected to 1 guild(s)
2025-11-08 19:10:56,203 - discord.gateway - INFO - Shard ID None has connected to Gateway (Session ID: 7c989065bb9ae7a5b4489b6faff5cd57).
2025-11-08 19:10:58,255 - keeper - INFO - üîÆ The Keeper is online as The Keeper#8095
2025-11-08 19:10:58,256 - keeper - INFO - üìä Connected to 1 guild(s)
2025-11-08 22:42:42,957 - discord.client - WARNING - PyNaCl is not installed, voice will NOT be supported
2025-11-08 22:42:42,957 - discord.client - INFO - logging in using static token
2025-11-08 22:42:43,416 - keeper - INFO - üåå The Keeper awakens...
2025-11-08 22:42:43,432 - keeper.database - INFO - üìä Database tables created/verified (Phase 4 Community Features included)
2025-11-08 22:42:43,432 - keeper.database - INFO - üóÉÔ∏è Keeper Database initialized
2025-11-08 22:42:43,434 - keeper.haven_integration - INFO - Found Haven data from HAVEN_DATA_PATH: C:\Users\parke\OneDrive\Desktop\Haven_mdev\data\keeper_test_data.json
2025-11-08 22:42:43,434 - keeper - INFO - ‚úÖ Loaded cogs.enhanced_discovery
2025-11-08 22:42:43,435 - keeper.haven_integration - INFO - Found Haven data from HAVEN_DATA_PATH: C:\Users\parke\OneDrive\Desktop\Haven_mdev\data\keeper_test_data.json
2025-11-08 22:42:43,436 - keeper - INFO - ‚úÖ Loaded cogs.pattern_recognition
2025-11-08 22:42:43,437 - keeper.haven_integration - INFO - Found Haven data from HAVEN_DATA_PATH: C:\Users\parke\OneDrive\Desktop\Haven_mdev\data\keeper_test_data.json
2025-11-08 22:42:43,438 - keeper.archive - INFO - Archive System Phase 3 loaded
2025-11-08 22:42:43,438 - keeper - INFO - ‚úÖ Loaded cogs.archive_system
2025-11-08 22:42:43,440 - keeper.haven_integration - INFO - Found Haven data from HAVEN_DATA_PATH: C:\Users\parke\OneDrive\Desktop\Haven_mdev\data\keeper_test_data.json
2025-11-08 22:42:43,441 - keeper.admin - INFO - Admin Tools Phase 3 loaded
2025-11-08 22:42:43,441 - keeper - INFO - ‚úÖ Loaded cogs.admin_tools
2025-11-08 22:42:43,446 - keeper.haven_integration - INFO - Found Haven data from HAVEN_DATA_PATH: C:\Users\parke\OneDrive\Desktop\Haven_mdev\data\keeper_test_data.json
2025-11-08 22:42:43,446 - keeper.community - INFO - Community Features Phase 4 loaded
2025-11-08 22:42:43,446 - keeper - INFO - ‚úÖ Loaded cogs.community_features
2025-11-08 22:42:43,447 - keeper - INFO - üì¶ Loaded 5/5 cogs
2025-11-08 22:42:43,447 - keeper - INFO - üéØ Found 16 slash commands to sync
2025-11-08 22:42:43,447 - keeper - INFO - üìã Copying commands to guild tree...
2025-11-08 22:42:43,449 - keeper.haven_integration - INFO - Loaded 11 Haven systems
2025-11-08 22:42:43,449 - keeper.enhanced_discovery - INFO - ‚úÖ Haven integration initialized
2025-11-08 22:42:43,450 - keeper.haven_integration - INFO - Loaded 11 Haven systems
2025-11-08 22:42:43,450 - keeper.community - INFO - Created new community challenge
2025-11-08 22:42:43,604 - keeper - INFO - ‚úÖ Synced 16 commands to guild 1423941004230135851
2025-11-08 22:42:44,118 - discord.gateway - INFO - Shard ID None has connected to Gateway (Session ID: e11a31373c4f996bf79a89d02e096795).
2025-11-08 22:42:46,137 - keeper - INFO - üîÆ The Keeper is online as The Keeper#8095
2025-11-08 22:42:46,138 - keeper - INFO - üìä Connected to 1 guild(s)
2025-11-08 22:50:12,124 - keeper - INFO - üë§ New member joined: reximusrx (1269417606830624849)
2025-11-08 22:50:12,135 - keeper.database - INFO - üìñ Initialized story progression for guild 1423941004230135851 - Act I begins
2025-11-08 22:50:17,398 - keeper - INFO - ‚úÖ Sent Act I intro DM to reximusrx
2025-11-08 23:05:09,296 - keeper - INFO - üåô The Keeper enters dormancy...
2025-11-08 23:05:09,297 - keeper.database - INFO - üóÉÔ∏è Keeper Database connection closed
